<?xml version="1.0" encoding="UTF-8"?>
<testsuite name="fantastic.faniverse.FaniverseApplicationTests" tests="1" skipped="0" failures="0" errors="0" timestamp="2024-08-16T11:42:02" hostname="Yujin-MacBook-Pro.local" time="0.721">
  <properties/>
  <testcase name="contextLoads()" classname="fantastic.faniverse.FaniverseApplicationTests" time="0.721"/>
  <system-out><![CDATA[20:41:41.239 [Test worker] INFO org.springframework.test.context.support.AnnotationConfigContextLoaderUtils -- Could not detect default configuration classes for test class [fantastic.faniverse.FaniverseApplicationTests]: FaniverseApplicationTests does not declare any static, non-private, non-final, nested classes annotated with @Configuration.
20:41:41.398 [Test worker] INFO org.springframework.boot.test.context.SpringBootTestContextBootstrapper -- Found @SpringBootConfiguration fantastic.faniverse.FaniverseApplication for test class fantastic.faniverse.FaniverseApplicationTests
  .   ____          _            __ _ _
 /\\ / ___'_ __ _ _(_)_ __  __ _ \ \ \ \
( ( )\___ | '_ | '_| | '_ \/ _` | \ \ \ \
 \\/  ___)| |_)| | | | | || (_| |  ) ) ) )
  '  |____| .__|_| |_|_| |_\__, | / / / /
 =========|_|==============|___/=/_/_/_/

 :: Spring Boot ::                (v3.3.0)

2024-08-16T20:41:41.939+09:00  INFO 13981 --- [faniverse] [    Test worker] f.faniverse.FaniverseApplicationTests    : Starting FaniverseApplicationTests using Java 21.0.3 with PID 13981 (started by macpro in /Users/macpro/IdeaProjects/FaniverseBE)
2024-08-16T20:41:41.941+09:00  INFO 13981 --- [faniverse] [    Test worker] f.faniverse.FaniverseApplicationTests    : No active profile set, falling back to 1 default profile: "default"
2024-08-16T20:41:41.942+09:00 DEBUG 13981 --- [faniverse] [    Test worker] o.s.boot.SpringApplication               : Loading source class fantastic.faniverse.FaniverseApplication
2024-08-16T20:41:41.980+09:00 DEBUG 13981 --- [faniverse] [    Test worker] o.s.w.c.s.GenericWebApplicationContext   : Refreshing org.springframework.web.context.support.GenericWebApplicationContext@7f02251
2024-08-16T20:41:42.001+09:00 DEBUG 13981 --- [faniverse] [    Test worker] o.s.b.f.s.DefaultListableBeanFactory     : Creating shared instance of singleton bean 'org.springframework.context.annotation.internalConfigurationAnnotationProcessor'
2024-08-16T20:41:42.029+09:00 DEBUG 13981 --- [faniverse] [    Test worker] o.s.b.f.s.DefaultListableBeanFactory     : Creating shared instance of singleton bean 'org.springframework.boot.autoconfigure.internalCachingMetadataReaderFactory'
2024-08-16T20:41:42.149+09:00 DEBUG 13981 --- [faniverse] [    Test worker] o.s.c.a.ClassPathBeanDefinitionScanner   : Identified candidate component class: file [/Users/macpro/IdeaProjects/FaniverseBE/build/classes/java/main/fantastic/faniverse/auth/controller/AuthController.class]
2024-08-16T20:41:42.156+09:00 DEBUG 13981 --- [faniverse] [    Test worker] o.s.c.a.ClassPathBeanDefinitionScanner   : Identified candidate component class: file [/Users/macpro/IdeaProjects/FaniverseBE/build/classes/java/main/fantastic/faniverse/auth/service/AuthService.class]
2024-08-16T20:41:42.157+09:00 DEBUG 13981 --- [faniverse] [    Test worker] o.s.c.a.ClassPathBeanDefinitionScanner   : Identified candidate component class: file [/Users/macpro/IdeaProjects/FaniverseBE/build/classes/java/main/fantastic/faniverse/chat/application/ChatRoomService.class]
2024-08-16T20:41:42.159+09:00 DEBUG 13981 --- [faniverse] [    Test worker] o.s.c.a.ClassPathBeanDefinitionScanner   : Identified candidate component class: file [/Users/macpro/IdeaProjects/FaniverseBE/build/classes/java/main/fantastic/faniverse/chat/application/ChatService.class]
2024-08-16T20:41:42.180+09:00 DEBUG 13981 --- [faniverse] [    Test worker] o.s.c.a.ClassPathBeanDefinitionScanner   : Ignored because not a concrete top-level class: file [/Users/macpro/IdeaProjects/FaniverseBE/build/classes/java/main/fantastic/faniverse/chat/infrastructure/repository/ChatMessageRepository.class]
2024-08-16T20:41:42.181+09:00 DEBUG 13981 --- [faniverse] [    Test worker] o.s.c.a.ClassPathBeanDefinitionScanner   : Ignored because not a concrete top-level class: file [/Users/macpro/IdeaProjects/FaniverseBE/build/classes/java/main/fantastic/faniverse/chat/infrastructure/repository/ChatRoomRepository.class]
2024-08-16T20:41:42.184+09:00 DEBUG 13981 --- [faniverse] [    Test worker] o.s.c.a.ClassPathBeanDefinitionScanner   : Identified candidate component class: file [/Users/macpro/IdeaProjects/FaniverseBE/build/classes/java/main/fantastic/faniverse/chat/presentation/ChatController.class]
2024-08-16T20:41:42.187+09:00 DEBUG 13981 --- [faniverse] [    Test worker] o.s.c.a.ClassPathBeanDefinitionScanner   : Identified candidate component class: file [/Users/macpro/IdeaProjects/FaniverseBE/build/classes/java/main/fantastic/faniverse/chat/presentation/ChatRoomController.class]
2024-08-16T20:41:42.194+09:00 DEBUG 13981 --- [faniverse] [    Test worker] o.s.c.a.ClassPathBeanDefinitionScanner   : Identified candidate component class: file [/Users/macpro/IdeaProjects/FaniverseBE/build/classes/java/main/fantastic/faniverse/community/controller/BoardController.class]
2024-08-16T20:41:42.195+09:00 DEBUG 13981 --- [faniverse] [    Test worker] o.s.c.a.ClassPathBeanDefinitionScanner   : Identified candidate component class: file [/Users/macpro/IdeaProjects/FaniverseBE/build/classes/java/main/fantastic/faniverse/community/controller/CommentController.class]
2024-08-16T20:41:42.196+09:00 DEBUG 13981 --- [faniverse] [    Test worker] o.s.c.a.ClassPathBeanDefinitionScanner   : Identified candidate component class: file [/Users/macpro/IdeaProjects/FaniverseBE/build/classes/java/main/fantastic/faniverse/community/controller/PostController.class]
2024-08-16T20:41:42.211+09:00 DEBUG 13981 --- [faniverse] [    Test worker] o.s.c.a.ClassPathBeanDefinitionScanner   : Ignored because not a concrete top-level class: file [/Users/macpro/IdeaProjects/FaniverseBE/build/classes/java/main/fantastic/faniverse/community/repository/BoardRepository.class]
2024-08-16T20:41:42.212+09:00 DEBUG 13981 --- [faniverse] [    Test worker] o.s.c.a.ClassPathBeanDefinitionScanner   : Ignored because not a concrete top-level class: file [/Users/macpro/IdeaProjects/FaniverseBE/build/classes/java/main/fantastic/faniverse/community/repository/CommentRepository.class]
2024-08-16T20:41:42.213+09:00 DEBUG 13981 --- [faniverse] [    Test worker] o.s.c.a.ClassPathBeanDefinitionScanner   : Ignored because not a concrete top-level class: file [/Users/macpro/IdeaProjects/FaniverseBE/build/classes/java/main/fantastic/faniverse/community/repository/FavoriteBoardRepository.class]
2024-08-16T20:41:42.214+09:00 DEBUG 13981 --- [faniverse] [    Test worker] o.s.c.a.ClassPathBeanDefinitionScanner   : Ignored because not a concrete top-level class: file [/Users/macpro/IdeaProjects/FaniverseBE/build/classes/java/main/fantastic/faniverse/community/repository/LikesRepository.class]
2024-08-16T20:41:42.214+09:00 DEBUG 13981 --- [faniverse] [    Test worker] o.s.c.a.ClassPathBeanDefinitionScanner   : Ignored because not a concrete top-level class: file [/Users/macpro/IdeaProjects/FaniverseBE/build/classes/java/main/fantastic/faniverse/community/repository/PostRepository.class]
2024-08-16T20:41:42.216+09:00 DEBUG 13981 --- [faniverse] [    Test worker] o.s.c.a.ClassPathBeanDefinitionScanner   : Identified candidate component class: file [/Users/macpro/IdeaProjects/FaniverseBE/build/classes/java/main/fantastic/faniverse/community/service/BoardServiceImpl.class]
2024-08-16T20:41:42.218+09:00 DEBUG 13981 --- [faniverse] [    Test worker] o.s.c.a.ClassPathBeanDefinitionScanner   : Identified candidate component class: file [/Users/macpro/IdeaProjects/FaniverseBE/build/classes/java/main/fantastic/faniverse/community/service/CommentServiceImpl.class]
2024-08-16T20:41:42.219+09:00 DEBUG 13981 --- [faniverse] [    Test worker] o.s.c.a.ClassPathBeanDefinitionScanner   : Identified candidate component class: file [/Users/macpro/IdeaProjects/FaniverseBE/build/classes/java/main/fantastic/faniverse/community/service/PostServiceImpl.class]
2024-08-16T20:41:42.225+09:00 DEBUG 13981 --- [faniverse] [    Test worker] o.s.c.a.ClassPathBeanDefinitionScanner   : Identified candidate component class: file [/Users/macpro/IdeaProjects/FaniverseBE/build/classes/java/main/fantastic/faniverse/config/GoogleCloudConfig.class]
2024-08-16T20:41:42.230+09:00 DEBUG 13981 --- [faniverse] [    Test worker] o.s.c.a.ClassPathBeanDefinitionScanner   : Identified candidate component class: file [/Users/macpro/IdeaProjects/FaniverseBE/build/classes/java/main/fantastic/faniverse/config/SecurityConfig.class]
2024-08-16T20:41:42.233+09:00 DEBUG 13981 --- [faniverse] [    Test worker] o.s.c.a.ClassPathBeanDefinitionScanner   : Identified candidate component class: file [/Users/macpro/IdeaProjects/FaniverseBE/build/classes/java/main/fantastic/faniverse/keyword/controller/KeywordController.class]
2024-08-16T20:41:42.234+09:00 DEBUG 13981 --- [faniverse] [    Test worker] o.s.c.a.ClassPathBeanDefinitionScanner   : Ignored because not a concrete top-level class: file [/Users/macpro/IdeaProjects/FaniverseBE/build/classes/java/main/fantastic/faniverse/keyword/repository/KeywordRepository.class]
2024-08-16T20:41:42.235+09:00 DEBUG 13981 --- [faniverse] [    Test worker] o.s.c.a.ClassPathBeanDefinitionScanner   : Identified candidate component class: file [/Users/macpro/IdeaProjects/FaniverseBE/build/classes/java/main/fantastic/faniverse/keyword/service/KeywordService.class]
2024-08-16T20:41:42.236+09:00 DEBUG 13981 --- [faniverse] [    Test worker] o.s.c.a.ClassPathBeanDefinitionScanner   : Identified candidate component class: file [/Users/macpro/IdeaProjects/FaniverseBE/build/classes/java/main/fantastic/faniverse/product/AuctionProduct/controller/AuctionProductController.class]
2024-08-16T20:41:42.245+09:00 DEBUG 13981 --- [faniverse] [    Test worker] o.s.c.a.ClassPathBeanDefinitionScanner   : Ignored because not a concrete top-level class: file [/Users/macpro/IdeaProjects/FaniverseBE/build/classes/java/main/fantastic/faniverse/product/AuctionProduct/repository/AuctionBidRepository.class]
2024-08-16T20:41:42.246+09:00 DEBUG 13981 --- [faniverse] [    Test worker] o.s.c.a.ClassPathBeanDefinitionScanner   : Ignored because not a concrete top-level class: file [/Users/macpro/IdeaProjects/FaniverseBE/build/classes/java/main/fantastic/faniverse/product/AuctionProduct/repository/AuctionProductRepository.class]
2024-08-16T20:41:42.246+09:00 DEBUG 13981 --- [faniverse] [    Test worker] o.s.c.a.ClassPathBeanDefinitionScanner   : Ignored because not a concrete top-level class: file [/Users/macpro/IdeaProjects/FaniverseBE/build/classes/java/main/fantastic/faniverse/product/AuctionProduct/service/AuctionProductService.class]
2024-08-16T20:41:42.249+09:00 DEBUG 13981 --- [faniverse] [    Test worker] o.s.c.a.ClassPathBeanDefinitionScanner   : Identified candidate component class: file [/Users/macpro/IdeaProjects/FaniverseBE/build/classes/java/main/fantastic/faniverse/product/AuctionProduct/service/AuctionProductServiceImpl.class]
2024-08-16T20:41:42.250+09:00 DEBUG 13981 --- [faniverse] [    Test worker] o.s.c.a.ClassPathBeanDefinitionScanner   : Identified candidate component class: file [/Users/macpro/IdeaProjects/FaniverseBE/build/classes/java/main/fantastic/faniverse/product/GeneralProduct/controller/GeneralProductController.class]
2024-08-16T20:41:42.256+09:00 DEBUG 13981 --- [faniverse] [    Test worker] o.s.c.a.ClassPathBeanDefinitionScanner   : Ignored because not a concrete top-level class: file [/Users/macpro/IdeaProjects/FaniverseBE/build/classes/java/main/fantastic/faniverse/product/GeneralProduct/repository/GeneralProductRepository.class]
2024-08-16T20:41:42.256+09:00 DEBUG 13981 --- [faniverse] [    Test worker] o.s.c.a.ClassPathBeanDefinitionScanner   : Ignored because not a concrete top-level class: file [/Users/macpro/IdeaProjects/FaniverseBE/build/classes/java/main/fantastic/faniverse/product/GeneralProduct/service/GeneralProductService.class]
2024-08-16T20:41:42.257+09:00 DEBUG 13981 --- [faniverse] [    Test worker] o.s.c.a.ClassPathBeanDefinitionScanner   : Identified candidate component class: file [/Users/macpro/IdeaProjects/FaniverseBE/build/classes/java/main/fantastic/faniverse/product/GeneralProduct/service/GeneralProductServiceImpl.class]
2024-08-16T20:41:42.258+09:00 DEBUG 13981 --- [faniverse] [    Test worker] o.s.c.a.ClassPathBeanDefinitionScanner   : Identified candidate component class: file [/Users/macpro/IdeaProjects/FaniverseBE/build/classes/java/main/fantastic/faniverse/product/ProductCategory/controller/ProductCategoryController.class]
2024-08-16T20:41:42.260+09:00 DEBUG 13981 --- [faniverse] [    Test worker] o.s.c.a.ClassPathBeanDefinitionScanner   : Identified candidate component class: file [/Users/macpro/IdeaProjects/FaniverseBE/build/classes/java/main/fantastic/faniverse/product/ProductImage/ImageUploadService.class]
2024-08-16T20:41:42.261+09:00 DEBUG 13981 --- [faniverse] [    Test worker] o.s.c.a.ClassPathBeanDefinitionScanner   : Identified candidate component class: file [/Users/macpro/IdeaProjects/FaniverseBE/build/classes/java/main/fantastic/faniverse/product/controller/ProductController.class]
2024-08-16T20:41:42.269+09:00 DEBUG 13981 --- [faniverse] [    Test worker] o.s.c.a.ClassPathBeanDefinitionScanner   : Ignored because not a concrete top-level class: file [/Users/macpro/IdeaProjects/FaniverseBE/build/classes/java/main/fantastic/faniverse/product/repository/ProductRepository.class]
2024-08-16T20:41:42.269+09:00 DEBUG 13981 --- [faniverse] [    Test worker] o.s.c.a.ClassPathBeanDefinitionScanner   : Ignored because not a concrete top-level class: file [/Users/macpro/IdeaProjects/FaniverseBE/build/classes/java/main/fantastic/faniverse/product/service/ProductService.class]
2024-08-16T20:41:42.270+09:00 DEBUG 13981 --- [faniverse] [    Test worker] o.s.c.a.ClassPathBeanDefinitionScanner   : Identified candidate component class: file [/Users/macpro/IdeaProjects/FaniverseBE/build/classes/java/main/fantastic/faniverse/product/service/ProductServiceImpl.class]
2024-08-16T20:41:42.271+09:00 DEBUG 13981 --- [faniverse] [    Test worker] o.s.c.a.ClassPathBeanDefinitionScanner   : Identified candidate component class: file [/Users/macpro/IdeaProjects/FaniverseBE/build/classes/java/main/fantastic/faniverse/search/controller/SearchController.class]
2024-08-16T20:41:42.272+09:00 DEBUG 13981 --- [faniverse] [    Test worker] o.s.c.a.ClassPathBeanDefinitionScanner   : Identified candidate component class: file [/Users/macpro/IdeaProjects/FaniverseBE/build/classes/java/main/fantastic/faniverse/search/service/SearchService.class]
2024-08-16T20:41:42.273+09:00 DEBUG 13981 --- [faniverse] [    Test worker] o.s.c.a.ClassPathBeanDefinitionScanner   : Identified candidate component class: file [/Users/macpro/IdeaProjects/FaniverseBE/build/classes/java/main/fantastic/faniverse/user/controller/UserController.class]
2024-08-16T20:41:42.275+09:00 DEBUG 13981 --- [faniverse] [    Test worker] o.s.c.a.ClassPathBeanDefinitionScanner   : Ignored because not a concrete top-level class: file [/Users/macpro/IdeaProjects/FaniverseBE/build/classes/java/main/fantastic/faniverse/user/repository/UserRepository.class]
2024-08-16T20:41:42.276+09:00 DEBUG 13981 --- [faniverse] [    Test worker] o.s.c.a.ClassPathBeanDefinitionScanner   : Identified candidate component class: file [/Users/macpro/IdeaProjects/FaniverseBE/build/classes/java/main/fantastic/faniverse/user/service/UserService.class]
2024-08-16T20:41:42.277+09:00 DEBUG 13981 --- [faniverse] [    Test worker] o.s.c.a.ClassPathBeanDefinitionScanner   : Identified candidate component class: file [/Users/macpro/IdeaProjects/FaniverseBE/build/classes/java/main/fantastic/faniverse/wishlist/controller/WishlistController.class]
2024-08-16T20:41:42.281+09:00 DEBUG 13981 --- [faniverse] [    Test worker] o.s.c.a.ClassPathBeanDefinitionScanner   : Ignored because not a concrete top-level class: file [/Users/macpro/IdeaProjects/FaniverseBE/build/classes/java/main/fantastic/faniverse/wishlist/repository/WishlistRepository.class]
2024-08-16T20:41:42.282+09:00 DEBUG 13981 --- [faniverse] [    Test worker] o.s.c.a.ClassPathBeanDefinitionScanner   : Identified candidate component class: file [/Users/macpro/IdeaProjects/FaniverseBE/build/classes/java/main/fantastic/faniverse/wishlist/service/WishlistService.class]
2024-08-16T20:41:42.996+09:00  INFO 13981 --- [faniverse] [    Test worker] .s.d.r.c.RepositoryConfigurationDelegate : Bootstrapping Spring Data JPA repositories in DEFAULT mode.
2024-08-16T20:41:43.002+09:00 DEBUG 13981 --- [faniverse] [    Test worker] o.s.b.f.s.DefaultListableBeanFactory     : Creating shared instance of singleton bean 'org.springframework.boot.autoconfigure.AutoConfigurationPackages'
2024-08-16T20:41:43.011+09:00 DEBUG 13981 --- [faniverse] [    Test worker] o.s.b.a.AutoConfigurationPackages        : @EnableAutoConfiguration was declared on a class in the package 'fantastic.faniverse'. Automatic @Repository and @Entity scanning is enabled.
2024-08-16T20:41:43.012+09:00 DEBUG 13981 --- [faniverse] [    Test worker] .s.d.r.c.RepositoryConfigurationDelegate : Scanning for JPA repositories in packages fantastic.faniverse.
2024-08-16T20:41:43.033+09:00 DEBUG 13981 --- [faniverse] [    Test worker] o.s.d.r.c.RepositoryComponentProvider    : Identified candidate component class: file [/Users/macpro/IdeaProjects/FaniverseBE/build/classes/java/main/fantastic/faniverse/chat/infrastructure/repository/ChatMessageRepository.class]
2024-08-16T20:41:43.034+09:00 DEBUG 13981 --- [faniverse] [    Test worker] o.s.d.r.c.RepositoryComponentProvider    : Identified candidate component class: file [/Users/macpro/IdeaProjects/FaniverseBE/build/classes/java/main/fantastic/faniverse/chat/infrastructure/repository/ChatRoomRepository.class]
2024-08-16T20:41:43.034+09:00 DEBUG 13981 --- [faniverse] [    Test worker] o.s.d.r.c.RepositoryComponentProvider    : Identified candidate component class: file [/Users/macpro/IdeaProjects/FaniverseBE/build/classes/java/main/fantastic/faniverse/community/repository/BoardRepository.class]
2024-08-16T20:41:43.035+09:00 DEBUG 13981 --- [faniverse] [    Test worker] o.s.d.r.c.RepositoryComponentProvider    : Identified candidate component class: file [/Users/macpro/IdeaProjects/FaniverseBE/build/classes/java/main/fantastic/faniverse/community/repository/CommentRepository.class]
2024-08-16T20:41:43.035+09:00 DEBUG 13981 --- [faniverse] [    Test worker] o.s.d.r.c.RepositoryComponentProvider    : Identified candidate component class: file [/Users/macpro/IdeaProjects/FaniverseBE/build/classes/java/main/fantastic/faniverse/community/repository/FavoriteBoardRepository.class]
2024-08-16T20:41:43.036+09:00 DEBUG 13981 --- [faniverse] [    Test worker] o.s.d.r.c.RepositoryComponentProvider    : Identified candidate component class: file [/Users/macpro/IdeaProjects/FaniverseBE/build/classes/java/main/fantastic/faniverse/community/repository/LikesRepository.class]
2024-08-16T20:41:43.036+09:00 DEBUG 13981 --- [faniverse] [    Test worker] o.s.d.r.c.RepositoryComponentProvider    : Identified candidate component class: file [/Users/macpro/IdeaProjects/FaniverseBE/build/classes/java/main/fantastic/faniverse/community/repository/PostRepository.class]
2024-08-16T20:41:43.037+09:00 DEBUG 13981 --- [faniverse] [    Test worker] o.s.d.r.c.RepositoryComponentProvider    : Identified candidate component class: file [/Users/macpro/IdeaProjects/FaniverseBE/build/classes/java/main/fantastic/faniverse/keyword/repository/KeywordRepository.class]
2024-08-16T20:41:43.039+09:00 DEBUG 13981 --- [faniverse] [    Test worker] o.s.d.r.c.RepositoryComponentProvider    : Identified candidate component class: file [/Users/macpro/IdeaProjects/FaniverseBE/build/classes/java/main/fantastic/faniverse/product/AuctionProduct/repository/AuctionBidRepository.class]
2024-08-16T20:41:43.039+09:00 DEBUG 13981 --- [faniverse] [    Test worker] o.s.d.r.c.RepositoryComponentProvider    : Identified candidate component class: file [/Users/macpro/IdeaProjects/FaniverseBE/build/classes/java/main/fantastic/faniverse/product/AuctionProduct/repository/AuctionProductRepository.class]
2024-08-16T20:41:43.041+09:00 DEBUG 13981 --- [faniverse] [    Test worker] o.s.d.r.c.RepositoryComponentProvider    : Identified candidate component class: file [/Users/macpro/IdeaProjects/FaniverseBE/build/classes/java/main/fantastic/faniverse/product/GeneralProduct/repository/GeneralProductRepository.class]
2024-08-16T20:41:43.042+09:00 DEBUG 13981 --- [faniverse] [    Test worker] o.s.d.r.c.RepositoryComponentProvider    : Identified candidate component class: file [/Users/macpro/IdeaProjects/FaniverseBE/build/classes/java/main/fantastic/faniverse/product/repository/ProductRepository.class]
2024-08-16T20:41:43.043+09:00 DEBUG 13981 --- [faniverse] [    Test worker] o.s.d.r.c.RepositoryComponentProvider    : Identified candidate component class: file [/Users/macpro/IdeaProjects/FaniverseBE/build/classes/java/main/fantastic/faniverse/user/repository/UserRepository.class]
2024-08-16T20:41:43.044+09:00 DEBUG 13981 --- [faniverse] [    Test worker] o.s.d.r.c.RepositoryComponentProvider    : Identified candidate component class: file [/Users/macpro/IdeaProjects/FaniverseBE/build/classes/java/main/fantastic/faniverse/wishlist/repository/WishlistRepository.class]
2024-08-16T20:41:43.113+09:00 DEBUG 13981 --- [faniverse] [    Test worker] ssPathScanningCandidateComponentProvider : Identified candidate component class: file [/Users/macpro/IdeaProjects/FaniverseBE/build/classes/java/main/fantastic/faniverse/community/service/BoardServiceImpl.class]
2024-08-16T20:41:43.113+09:00 DEBUG 13981 --- [faniverse] [    Test worker] ssPathScanningCandidateComponentProvider : Identified candidate component class: file [/Users/macpro/IdeaProjects/FaniverseBE/build/classes/java/main/fantastic/faniverse/community/service/CommentServiceImpl.class]
2024-08-16T20:41:43.113+09:00 DEBUG 13981 --- [faniverse] [    Test worker] ssPathScanningCandidateComponentProvider : Identified candidate component class: file [/Users/macpro/IdeaProjects/FaniverseBE/build/classes/java/main/fantastic/faniverse/community/service/PostServiceImpl.class]
2024-08-16T20:41:43.113+09:00 DEBUG 13981 --- [faniverse] [    Test worker] ssPathScanningCandidateComponentProvider : Identified candidate component class: file [/Users/macpro/IdeaProjects/FaniverseBE/build/classes/java/main/fantastic/faniverse/product/AuctionProduct/domain/AuctionProduct$AuctionProductBuilderImpl.class]
2024-08-16T20:41:43.113+09:00 DEBUG 13981 --- [faniverse] [    Test worker] ssPathScanningCandidateComponentProvider : Identified candidate component class: file [/Users/macpro/IdeaProjects/FaniverseBE/build/classes/java/main/fantastic/faniverse/product/AuctionProduct/dto/AuctionProductRegisterRequest$AuctionProductRegisterRequestBuilderImpl.class]
2024-08-16T20:41:43.114+09:00 DEBUG 13981 --- [faniverse] [    Test worker] ssPathScanningCandidateComponentProvider : Identified candidate component class: file [/Users/macpro/IdeaProjects/FaniverseBE/build/classes/java/main/fantastic/faniverse/product/AuctionProduct/service/AuctionProductServiceImpl.class]
2024-08-16T20:41:43.114+09:00 DEBUG 13981 --- [faniverse] [    Test worker] ssPathScanningCandidateComponentProvider : Identified candidate component class: file [/Users/macpro/IdeaProjects/FaniverseBE/build/classes/java/main/fantastic/faniverse/product/GeneralProduct/domain/GeneralProduct$GeneralProductBuilderImpl.class]
2024-08-16T20:41:43.114+09:00 DEBUG 13981 --- [faniverse] [    Test worker] ssPathScanningCandidateComponentProvider : Identified candidate component class: file [/Users/macpro/IdeaProjects/FaniverseBE/build/classes/java/main/fantastic/faniverse/product/GeneralProduct/dto/GeneralProductRegisterRequest$GeneralProductRegisterRequestBuilderImpl.class]
2024-08-16T20:41:43.115+09:00 DEBUG 13981 --- [faniverse] [    Test worker] ssPathScanningCandidateComponentProvider : Identified candidate component class: file [/Users/macpro/IdeaProjects/FaniverseBE/build/classes/java/main/fantastic/faniverse/product/GeneralProduct/dto/GeneralProductUpdateRequest$GeneralProductUpdateRequestBuilderImpl.class]
2024-08-16T20:41:43.115+09:00 DEBUG 13981 --- [faniverse] [    Test worker] ssPathScanningCandidateComponentProvider : Identified candidate component class: file [/Users/macpro/IdeaProjects/FaniverseBE/build/classes/java/main/fantastic/faniverse/product/GeneralProduct/service/GeneralProductServiceImpl.class]
2024-08-16T20:41:43.115+09:00 DEBUG 13981 --- [faniverse] [    Test worker] ssPathScanningCandidateComponentProvider : Identified candidate component class: file [/Users/macpro/IdeaProjects/FaniverseBE/build/classes/java/main/fantastic/faniverse/product/service/ProductServiceImpl.class]
2024-08-16T20:41:43.157+09:00  INFO 13981 --- [faniverse] [    Test worker] .s.d.r.c.RepositoryConfigurationDelegate : Finished Spring Data repository scanning in 143 ms. Found 14 JPA repository interfaces.
2024-08-16T20:41:43.302+09:00 DEBUG 13981 --- [faniverse] [    Test worker] o.s.b.f.s.DefaultListableBeanFactory     : Creating shared instance of singleton bean 'springSecurityHandlerMappingIntrospectorBeanDefinitionRegistryPostProcessor'
2024-08-16T20:41:43.303+09:00 DEBUG 13981 --- [faniverse] [    Test worker] o.s.b.f.s.DefaultListableBeanFactory     : Creating shared instance of singleton bean 'authorizedClientManagerRegistrar'
2024-08-16T20:41:43.303+09:00 DEBUG 13981 --- [faniverse] [    Test worker] o.s.b.f.s.DefaultListableBeanFactory     : Creating shared instance of singleton bean 'org.springframework.security.config.annotation.web.configuration.OAuth2ClientConfiguration$OAuth2AuthorizedClientManagerConfiguration'
2024-08-16T20:41:43.449+09:00 DEBUG 13981 --- [faniverse] [    Test worker] o.s.b.f.s.DefaultListableBeanFactory     : Creating shared instance of singleton bean 'propertySourcesPlaceholderConfigurer'
2024-08-16T20:41:43.453+09:00 DEBUG 13981 --- [faniverse] [    Test worker] o.s.b.f.s.DefaultListableBeanFactory     : Creating shared instance of singleton bean 'org.springframework.boot.test.mock.mockito.MockitoPostProcessor'
2024-08-16T20:41:43.455+09:00 DEBUG 13981 --- [faniverse] [    Test worker] o.s.b.f.s.DefaultListableBeanFactory     : Creating shared instance of singleton bean 'emBeanDefinitionRegistrarPostProcessor'
2024-08-16T20:41:43.455+09:00 DEBUG 13981 --- [faniverse] [    Test worker] o.s.b.f.s.DefaultListableBeanFactory     : Creating shared instance of singleton bean 'org.springframework.boot.sql.init.dependency.DatabaseInitializationDependencyConfigurer$DependsOnDatabaseInitializationPostProcessor'
2024-08-16T20:41:43.527+09:00 DEBUG 13981 --- [faniverse] [    Test worker] o.s.b.f.s.DefaultListableBeanFactory     : Creating shared instance of singleton bean 'org.springframework.context.event.internalEventListenerProcessor'
2024-08-16T20:41:43.528+09:00 DEBUG 13981 --- [faniverse] [    Test worker] o.s.b.f.s.DefaultListableBeanFactory     : Creating shared instance of singleton bean 'conversionServicePostProcessor'
2024-08-16T20:41:43.536+09:00 DEBUG 13981 --- [faniverse] [    Test worker] o.s.b.f.s.DefaultListableBeanFactory     : Creating shared instance of singleton bean 'preserveErrorControllerTargetClassPostProcessor'
2024-08-16T20:41:43.537+09:00 DEBUG 13981 --- [faniverse] [    Test worker] o.s.b.f.s.DefaultListableBeanFactory     : Creating shared instance of singleton bean 'org.springframework.context.event.internalEventListenerFactory'
2024-08-16T20:41:43.538+09:00 DEBUG 13981 --- [faniverse] [    Test worker] o.s.b.f.s.DefaultListableBeanFactory     : Creating shared instance of singleton bean 'org.springframework.transaction.config.internalTransactionalEventListenerFactory'
2024-08-16T20:41:43.544+09:00 DEBUG 13981 --- [faniverse] [    Test worker] o.s.b.f.s.DefaultListableBeanFactory     : Creating shared instance of singleton bean 'org.springframework.boot.test.mock.mockito.MockitoPostProcessor$SpyPostProcessor'
2024-08-16T20:41:43.546+09:00 DEBUG 13981 --- [faniverse] [    Test worker] o.s.b.f.s.DefaultListableBeanFactory     : Creating shared instance of singleton bean 'org.springframework.context.annotation.internalAutowiredAnnotationProcessor'
2024-08-16T20:41:43.558+09:00 DEBUG 13981 --- [faniverse] [    Test worker] o.s.b.f.s.DefaultListableBeanFactory     : Creating shared instance of singleton bean 'org.springframework.context.annotation.internalCommonAnnotationProcessor'
2024-08-16T20:41:43.563+09:00 DEBUG 13981 --- [faniverse] [    Test worker] o.s.b.f.s.DefaultListableBeanFactory     : Creating shared instance of singleton bean 'org.springframework.context.annotation.internalPersistenceAnnotationProcessor'
2024-08-16T20:41:43.564+09:00 DEBUG 13981 --- [faniverse] [    Test worker] o.s.b.f.s.DefaultListableBeanFactory     : Creating shared instance of singleton bean 'org.springframework.boot.context.properties.ConfigurationPropertiesBindingPostProcessor'
2024-08-16T20:41:43.564+09:00 DEBUG 13981 --- [faniverse] [    Test worker] o.s.b.f.s.DefaultListableBeanFactory     : Creating shared instance of singleton bean 'org.springframework.boot.context.internalConfigurationPropertiesBinder'
2024-08-16T20:41:43.566+09:00 DEBUG 13981 --- [faniverse] [    Test worker] o.s.b.f.s.DefaultListableBeanFactory     : Creating shared instance of singleton bean 'jdbcConnectionDetailsHikariBeanPostProcessor'
2024-08-16T20:41:43.570+09:00 DEBUG 13981 --- [faniverse] [    Test worker] o.s.b.f.s.DefaultListableBeanFactory     : Creating shared instance of singleton bean 'methodValidationPostProcessor'
2024-08-16T20:41:43.573+09:00 DEBUG 13981 --- [faniverse] [    Test worker] o.s.b.f.s.DefaultListableBeanFactory     : Autowiring by type from bean name 'methodValidationPostProcessor' via factory method to bean named 'environment'
2024-08-16T20:41:43.576+09:00 DEBUG 13981 --- [faniverse] [    Test worker] o.s.b.f.s.DefaultListableBeanFactory     : Creating shared instance of singleton bean 'org.springframework.boot.context.properties.EnableConfigurationPropertiesRegistrar.methodValidationExcludeFilter'
2024-08-16T20:41:43.600+09:00 DEBUG 13981 --- [faniverse] [    Test worker] o.s.b.f.s.DefaultListableBeanFactory     : Creating shared instance of singleton bean 'org.springframework.aop.config.internalAutoProxyCreator'
2024-08-16T20:41:43.619+09:00 DEBUG 13981 --- [faniverse] [    Test worker] o.s.b.f.s.DefaultListableBeanFactory     : Creating shared instance of singleton bean 'persistenceExceptionTranslationPostProcessor'
2024-08-16T20:41:43.620+09:00 DEBUG 13981 --- [faniverse] [    Test worker] o.s.b.f.s.DefaultListableBeanFactory     : Autowiring by type from bean name 'persistenceExceptionTranslationPostProcessor' via factory method to bean named 'environment'
2024-08-16T20:41:43.622+09:00 DEBUG 13981 --- [faniverse] [    Test worker] o.s.b.f.s.DefaultListableBeanFactory     : Creating shared instance of singleton bean 'webServerFactoryCustomizerBeanPostProcessor'
2024-08-16T20:41:43.623+09:00 DEBUG 13981 --- [faniverse] [    Test worker] o.s.b.f.s.DefaultListableBeanFactory     : Creating shared instance of singleton bean 'errorPageRegistrarBeanPostProcessor'
2024-08-16T20:41:43.624+09:00 DEBUG 13981 --- [faniverse] [    Test worker] o.s.b.f.s.DefaultListableBeanFactory     : Creating shared instance of singleton bean 'projectingArgumentResolverBeanPostProcessor'
2024-08-16T20:41:43.626+09:00 DEBUG 13981 --- [faniverse] [    Test worker] o.s.b.f.s.DefaultListableBeanFactory     : Creating shared instance of singleton bean 'org.springframework.transaction.config.internalTransactionAdvisor'
2024-08-16T20:41:43.627+09:00 DEBUG 13981 --- [faniverse] [    Test worker] o.s.b.f.s.DefaultListableBeanFactory     : Creating shared instance of singleton bean 'org.springframework.transaction.annotation.ProxyTransactionManagementConfiguration'
2024-08-16T20:41:43.640+09:00 DEBUG 13981 --- [faniverse] [    Test worker] o.s.b.f.s.DefaultListableBeanFactory     : Creating shared instance of singleton bean 'transactionAttributeSource'
2024-08-16T20:41:43.642+09:00 DEBUG 13981 --- [faniverse] [    Test worker] o.s.b.f.s.DefaultListableBeanFactory     : Creating shared instance of singleton bean 'transactionInterceptor'
2024-08-16T20:41:43.644+09:00 DEBUG 13981 --- [faniverse] [    Test worker] o.s.b.f.s.DefaultListableBeanFactory     : Autowiring by type from bean name 'transactionInterceptor' via factory method to bean named 'transactionAttributeSource'
2024-08-16T20:41:43.649+09:00 DEBUG 13981 --- [faniverse] [    Test worker] o.s.b.f.s.DefaultListableBeanFactory     : Autowiring by type from bean name 'org.springframework.transaction.config.internalTransactionAdvisor' via factory method to bean named 'transactionAttributeSource'
2024-08-16T20:41:43.649+09:00 DEBUG 13981 --- [faniverse] [    Test worker] o.s.b.f.s.DefaultListableBeanFactory     : Autowiring by type from bean name 'org.springframework.transaction.config.internalTransactionAdvisor' via factory method to bean named 'transactionInterceptor'
2024-08-16T20:41:43.673+09:00 DEBUG 13981 --- [faniverse] [    Test worker] o.s.u.c.s.UiApplicationContextUtils      : Unable to locate ThemeSource with name 'themeSource': using default [org.springframework.ui.context.support.ResourceBundleThemeSource@1e545821]
2024-08-16T20:41:43.676+09:00 DEBUG 13981 --- [faniverse] [    Test worker] o.s.b.f.s.DefaultListableBeanFactory     : Creating shared instance of singleton bean 'dataSourceScriptDatabaseInitializer'
2024-08-16T20:41:43.676+09:00 DEBUG 13981 --- [faniverse] [    Test worker] o.s.b.f.s.DefaultListableBeanFactory     : Creating shared instance of singleton bean 'org.springframework.boot.autoconfigure.sql.init.DataSourceInitializationConfiguration'
2024-08-16T20:41:43.679+09:00 DEBUG 13981 --- [faniverse] [    Test worker] o.s.b.f.s.DefaultListableBeanFactory     : Creating shared instance of singleton bean 'dataSource'
2024-08-16T20:41:43.679+09:00 DEBUG 13981 --- [faniverse] [    Test worker] o.s.b.f.s.DefaultListableBeanFactory     : Creating shared instance of singleton bean 'org.springframework.boot.autoconfigure.jdbc.DataSourceConfiguration$Hikari'
2024-08-16T20:41:43.681+09:00 DEBUG 13981 --- [faniverse] [    Test worker] o.s.b.f.s.DefaultListableBeanFactory     : Creating shared instance of singleton bean 'spring.datasource-org.springframework.boot.autoconfigure.jdbc.DataSourceProperties'
2024-08-16T20:41:43.682+09:00 DEBUG 13981 --- [faniverse] [    Test worker] o.s.b.f.s.DefaultListableBeanFactory     : Creating shared instance of singleton bean 'org.springframework.boot.context.properties.BoundConfigurationProperties'
2024-08-16T20:41:43.708+09:00 DEBUG 13981 --- [faniverse] [    Test worker] o.s.b.f.s.DefaultListableBeanFactory     : Creating shared instance of singleton bean 'jdbcConnectionDetails'
2024-08-16T20:41:43.709+09:00 DEBUG 13981 --- [faniverse] [    Test worker] o.s.b.f.s.DefaultListableBeanFactory     : Creating shared instance of singleton bean 'org.springframework.boot.autoconfigure.jdbc.DataSourceAutoConfiguration$PooledDataSourceConfiguration'
2024-08-16T20:41:43.712+09:00 DEBUG 13981 --- [faniverse] [    Test worker] o.s.b.f.s.DefaultListableBeanFactory     : Autowiring by type from bean name 'jdbcConnectionDetails' via factory method to bean named 'spring.datasource-org.springframework.boot.autoconfigure.jdbc.DataSourceProperties'
2024-08-16T20:41:43.713+09:00 DEBUG 13981 --- [faniverse] [    Test worker] o.s.b.f.s.DefaultListableBeanFactory     : Autowiring by type from bean name 'dataSource' via factory method to bean named 'spring.datasource-org.springframework.boot.autoconfigure.jdbc.DataSourceProperties'
2024-08-16T20:41:43.714+09:00 DEBUG 13981 --- [faniverse] [    Test worker] o.s.b.f.s.DefaultListableBeanFactory     : Autowiring by type from bean name 'dataSource' via factory method to bean named 'jdbcConnectionDetails'
2024-08-16T20:41:43.756+09:00 DEBUG 13981 --- [faniverse] [    Test worker] o.s.b.f.s.DefaultListableBeanFactory     : Creating shared instance of singleton bean 'spring.sql.init-org.springframework.boot.autoconfigure.sql.init.SqlInitializationProperties'
2024-08-16T20:41:43.764+09:00 DEBUG 13981 --- [faniverse] [    Test worker] o.s.b.f.s.DefaultListableBeanFactory     : Autowiring by type from bean name 'dataSourceScriptDatabaseInitializer' via factory method to bean named 'dataSource'
2024-08-16T20:41:43.764+09:00 DEBUG 13981 --- [faniverse] [    Test worker] o.s.b.f.s.DefaultListableBeanFactory     : Autowiring by type from bean name 'dataSourceScriptDatabaseInitializer' via factory method to bean named 'spring.sql.init-org.springframework.boot.autoconfigure.sql.init.SqlInitializationProperties'
2024-08-16T20:41:43.772+09:00 DEBUG 13981 --- [faniverse] [    Test worker] o.s.b.f.s.DefaultListableBeanFactory     : Creating shared instance of singleton bean 'entityManagerFactory'
2024-08-16T20:41:43.773+09:00 DEBUG 13981 --- [faniverse] [    Test worker] o.s.b.f.s.DefaultListableBeanFactory     : Creating shared instance of singleton bean 'org.springframework.boot.autoconfigure.orm.jpa.HibernateJpaConfiguration'
2024-08-16T20:41:43.777+09:00 DEBUG 13981 --- [faniverse] [    Test worker] o.s.b.f.s.DefaultListableBeanFactory     : Creating shared instance of singleton bean 'spring.jpa-org.springframework.boot.autoconfigure.orm.jpa.JpaProperties'
2024-08-16T20:41:43.786+09:00 DEBUG 13981 --- [faniverse] [    Test worker] o.s.b.f.s.DefaultListableBeanFactory     : Creating shared instance of singleton bean 'spring.jpa.hibernate-org.springframework.boot.autoconfigure.orm.jpa.HibernateProperties'
2024-08-16T20:41:43.790+09:00 DEBUG 13981 --- [faniverse] [    Test worker] o.s.b.f.s.DefaultListableBeanFactory     : Autowiring by type from bean name 'org.springframework.boot.autoconfigure.orm.jpa.HibernateJpaConfiguration' via constructor to bean named 'dataSource'
2024-08-16T20:41:43.790+09:00 DEBUG 13981 --- [faniverse] [    Test worker] o.s.b.f.s.DefaultListableBeanFactory     : Autowiring by type from bean name 'org.springframework.boot.autoconfigure.orm.jpa.HibernateJpaConfiguration' via constructor to bean named 'spring.jpa-org.springframework.boot.autoconfigure.orm.jpa.JpaProperties'
2024-08-16T20:41:43.790+09:00 DEBUG 13981 --- [faniverse] [    Test worker] o.s.b.f.s.DefaultListableBeanFactory     : Autowiring by type from bean name 'org.springframework.boot.autoconfigure.orm.jpa.HibernateJpaConfiguration' via constructor to bean named 'org.springframework.beans.factory.support.DefaultListableBeanFactory@7cb2651f'
2024-08-16T20:41:43.790+09:00 DEBUG 13981 --- [faniverse] [    Test worker] o.s.b.f.s.DefaultListableBeanFactory     : Autowiring by type from bean name 'org.springframework.boot.autoconfigure.orm.jpa.HibernateJpaConfiguration' via constructor to bean named 'spring.jpa.hibernate-org.springframework.boot.autoconfigure.orm.jpa.HibernateProperties'
2024-08-16T20:41:43.795+09:00 DEBUG 13981 --- [faniverse] [    Test worker] o.s.b.f.s.DefaultListableBeanFactory     : Creating shared instance of singleton bean 'hikariPoolDataSourceMetadataProvider'
2024-08-16T20:41:43.795+09:00 DEBUG 13981 --- [faniverse] [    Test worker] o.s.b.f.s.DefaultListableBeanFactory     : Creating shared instance of singleton bean 'org.springframework.boot.autoconfigure.jdbc.metadata.DataSourcePoolMetadataProvidersConfiguration$HikariPoolDataSourceMetadataProviderConfiguration'
2024-08-16T20:41:43.802+09:00 DEBUG 13981 --- [faniverse] [    Test worker] o.s.b.f.s.DefaultListableBeanFactory     : Creating shared instance of singleton bean 'entityManagerFactoryBuilder'
2024-08-16T20:41:43.803+09:00 DEBUG 13981 --- [faniverse] [    Test worker] o.s.b.f.s.DefaultListableBeanFactory     : Creating shared instance of singleton bean 'jpaVendorAdapter'
2024-08-16T20:41:43.819+09:00 DEBUG 13981 --- [faniverse] [    Test worker] o.s.b.f.s.DefaultListableBeanFactory     : Autowiring by type from bean name 'entityManagerFactoryBuilder' via factory method to bean named 'jpaVendorAdapter'
2024-08-16T20:41:43.826+09:00 DEBUG 13981 --- [faniverse] [    Test worker] o.s.b.f.s.DefaultListableBeanFactory     : Creating shared instance of singleton bean 'persistenceManagedTypes'
2024-08-16T20:41:43.828+09:00 DEBUG 13981 --- [faniverse] [    Test worker] o.s.b.f.s.DefaultListableBeanFactory     : Autowiring by type from bean name 'persistenceManagedTypes' via factory method to bean named 'org.springframework.beans.factory.support.DefaultListableBeanFactory@7cb2651f'
2024-08-16T20:41:43.829+09:00 DEBUG 13981 --- [faniverse] [    Test worker] o.s.b.f.s.DefaultListableBeanFactory     : Autowiring by type from bean name 'persistenceManagedTypes' via factory method to bean named 'org.springframework.web.context.support.GenericWebApplicationContext@7f02251'
2024-08-16T20:41:43.849+09:00 DEBUG 13981 --- [faniverse] [    Test worker] o.s.b.f.s.DefaultListableBeanFactory     : Autowiring by type from bean name 'entityManagerFactory' via factory method to bean named 'entityManagerFactoryBuilder'
2024-08-16T20:41:43.849+09:00 DEBUG 13981 --- [faniverse] [    Test worker] o.s.b.f.s.DefaultListableBeanFactory     : Autowiring by type from bean name 'entityManagerFactory' via factory method to bean named 'persistenceManagedTypes'
2024-08-16T20:41:43.866+09:00 DEBUG 13981 --- [faniverse] [    Test worker] j.LocalContainerEntityManagerFactoryBean : Building JPA container EntityManagerFactory for persistence unit 'default'
2024-08-16T20:41:43.883+09:00  INFO 13981 --- [faniverse] [    Test worker] o.hibernate.jpa.internal.util.LogHelper  : HHH000204: Processing PersistenceUnitInfo [name: default]
2024-08-16T20:41:43.952+09:00  INFO 13981 --- [faniverse] [    Test worker] org.hibernate.Version                    : HHH000412: Hibernate ORM core version 6.5.2.Final
2024-08-16T20:41:43.992+09:00  INFO 13981 --- [faniverse] [    Test worker] o.h.c.internal.RegionFactoryInitiator    : HHH000026: Second-level cache disabled
2024-08-16T20:41:44.354+09:00  INFO 13981 --- [faniverse] [    Test worker] o.s.o.j.p.SpringPersistenceUnitInfo      : No LoadTimeWeaver setup: ignoring JPA class transformer
2024-08-16T20:41:44.386+09:00  INFO 13981 --- [faniverse] [    Test worker] com.zaxxer.hikari.HikariDataSource       : HikariPool-1 - Starting...
2024-08-16T20:41:46.079+09:00  INFO 13981 --- [faniverse] [    Test worker] com.zaxxer.hikari.pool.HikariPool        : HikariPool-1 - Added connection com.mysql.cj.jdbc.ConnectionImpl@3e6acec2
2024-08-16T20:41:46.081+09:00  INFO 13981 --- [faniverse] [    Test worker] com.zaxxer.hikari.HikariDataSource       : HikariPool-1 - Start completed.
2024-08-16T20:41:46.306+09:00  WARN 13981 --- [faniverse] [    Test worker] org.hibernate.orm.deprecation            : HHH90000025: MySQL8Dialect does not need to be specified explicitly using 'hibernate.dialect' (remove the property setting and it will be selected by default)
2024-08-16T20:41:46.306+09:00  WARN 13981 --- [faniverse] [    Test worker] org.hibernate.orm.deprecation            : HHH90000026: MySQL8Dialect has been deprecated; use org.hibernate.dialect.MySQLDialect instead
2024-08-16T20:41:46.855+09:00 DEBUG 13981 --- [faniverse] [    Test worker] o.s.b.f.wiring.BeanConfigurerSupport     : BeanFactory has not been set on BeanConfigurerSupport: Make sure this configurer runs in a Spring container. Unable to configure bean of type [org.springframework.data.jpa.domain.support.AuditingEntityListener]. Proceeding without injection.
2024-08-16T20:41:48.056+09:00  INFO 13981 --- [faniverse] [    Test worker] o.h.e.t.j.p.i.JtaPlatformInitiator       : HHH000489: No JTA platform available (set 'hibernate.transaction.jta.platform' to enable JTA platform integration)
2024-08-16T20:41:48.633+09:00 DEBUG 13981 --- [faniverse] [    Test worker] org.hibernate.SQL                        : alter table chat_message modify column message TEXT
Hibernate: alter table chat_message modify column message TEXT
2024-08-16T20:41:49.002+09:00 DEBUG 13981 --- [faniverse] [    Test worker] org.hibernate.SQL                        : alter table post modify column content TEXT
Hibernate: alter table post modify column content TEXT
2024-08-16T20:41:49.368+09:00 DEBUG 13981 --- [faniverse] [    Test worker] org.hibernate.SQL                        : alter table post modify column image_url TEXT
Hibernate: alter table post modify column image_url TEXT
2024-08-16T20:41:59.777+09:00  INFO 13981 --- [faniverse] [    Test worker] j.LocalContainerEntityManagerFactoryBean : Initialized JPA EntityManagerFactory for persistence unit 'default'
2024-08-16T20:41:59.782+09:00 DEBUG 13981 --- [faniverse] [    Test worker] o.s.b.f.s.DefaultListableBeanFactory     : Creating shared instance of singleton bean 'faniverseApplication'
2024-08-16T20:41:59.784+09:00 DEBUG 13981 --- [faniverse] [    Test worker] o.s.b.f.s.DefaultListableBeanFactory     : Creating shared instance of singleton bean 'authController'
2024-08-16T20:41:59.790+09:00 DEBUG 13981 --- [faniverse] [    Test worker] o.s.b.f.s.DefaultListableBeanFactory     : Creating shared instance of singleton bean 'authService'
2024-08-16T20:41:59.791+09:00 DEBUG 13981 --- [faniverse] [    Test worker] o.s.b.f.s.DefaultListableBeanFactory     : Creating shared instance of singleton bean 'userRepository'
2024-08-16T20:41:59.802+09:00 DEBUG 13981 --- [faniverse] [    Test worker] o.s.b.f.s.DefaultListableBeanFactory     : Creating shared instance of singleton bean 'jpa.named-queries#4'
2024-08-16T20:41:59.806+09:00 DEBUG 13981 --- [faniverse] [    Test worker] o.s.b.f.s.DefaultListableBeanFactory     : Creating shared instance of singleton bean 'jpa.UserRepository.fragments#0'
2024-08-16T20:41:59.812+09:00 DEBUG 13981 --- [faniverse] [    Test worker] o.s.b.f.s.DefaultListableBeanFactory     : Creating shared instance of singleton bean 'jpaSharedEM_entityManagerFactory'
2024-08-16T20:41:59.845+09:00 DEBUG 13981 --- [faniverse] [    Test worker] o.s.b.f.s.DefaultListableBeanFactory     : Creating shared instance of singleton bean 'jpaMappingContext'
2024-08-16T20:41:59.846+09:00 DEBUG 13981 --- [faniverse] [    Test worker] .c.JpaMetamodelMappingContextFactoryBean : Initializing JpaMetamodelMappingContext…
2024-08-16T20:41:59.861+09:00 DEBUG 13981 --- [faniverse] [    Test worker] .c.JpaMetamodelMappingContextFactoryBean : Finished initializing JpaMetamodelMappingContext
2024-08-16T20:41:59.888+09:00 DEBUG 13981 --- [faniverse] [    Test worker] tor$SharedEntityManagerInvocationHandler : Creating new EntityManager for shared EntityManager invocation
2024-08-16T20:41:59.928+09:00 DEBUG 13981 --- [faniverse] [    Test worker] tor$SharedEntityManagerInvocationHandler : Creating new EntityManager for shared EntityManager invocation
2024-08-16T20:41:59.974+09:00 DEBUG 13981 --- [faniverse] [    Test worker] o.s.d.r.c.s.RepositoryFactorySupport     : Initializing repository instance for fantastic.faniverse.user.repository.UserRepository…
2024-08-16T20:41:59.987+09:00 DEBUG 13981 --- [faniverse] [    Test worker] tor$SharedEntityManagerInvocationHandler : Creating new EntityManager for shared EntityManager invocation
2024-08-16T20:42:00.034+09:00 DEBUG 13981 --- [faniverse] [    Test worker] o.s.d.jpa.repository.query.NamedQuery    : Looking up named query User.findByUsername
2024-08-16T20:42:00.036+09:00 DEBUG 13981 --- [faniverse] [    Test worker] o.s.d.jpa.repository.query.NamedQuery    : Did not find named query User.findByUsername
2024-08-16T20:42:00.039+09:00 DEBUG 13981 --- [faniverse] [    Test worker] tor$SharedEntityManagerInvocationHandler : Creating new EntityManager for shared EntityManager invocation
2024-08-16T20:42:00.098+09:00 DEBUG 13981 --- [faniverse] [    Test worker] o.s.d.jpa.repository.query.NamedQuery    : Looking up named query User.findByEmail
2024-08-16T20:42:00.098+09:00 DEBUG 13981 --- [faniverse] [    Test worker] o.s.d.jpa.repository.query.NamedQuery    : Did not find named query User.findByEmail
2024-08-16T20:42:00.099+09:00 DEBUG 13981 --- [faniverse] [    Test worker] tor$SharedEntityManagerInvocationHandler : Creating new EntityManager for shared EntityManager invocation
2024-08-16T20:42:00.104+09:00 DEBUG 13981 --- [faniverse] [    Test worker] o.s.d.r.c.s.RepositoryFactorySupport     : Finished creation of repository instance for fantastic.faniverse.user.repository.UserRepository.
2024-08-16T20:42:00.107+09:00 DEBUG 13981 --- [faniverse] [    Test worker] o.s.b.f.s.DefaultListableBeanFactory     : Creating shared instance of singleton bean 'passwordEncoder'
2024-08-16T20:42:00.107+09:00 DEBUG 13981 --- [faniverse] [    Test worker] o.s.b.f.s.DefaultListableBeanFactory     : Creating shared instance of singleton bean 'securityConfig'
2024-08-16T20:42:00.111+09:00 DEBUG 13981 --- [faniverse] [    Test worker] o.s.b.f.s.DefaultListableBeanFactory     : Autowiring by type from bean name 'authService' via constructor to bean named 'userRepository'
2024-08-16T20:42:00.111+09:00 DEBUG 13981 --- [faniverse] [    Test worker] o.s.b.f.s.DefaultListableBeanFactory     : Autowiring by type from bean name 'authService' via constructor to bean named 'passwordEncoder'
2024-08-16T20:42:00.134+09:00 DEBUG 13981 --- [faniverse] [    Test worker] o.s.b.f.s.DefaultListableBeanFactory     : Creating shared instance of singleton bean 'userService'
2024-08-16T20:42:00.146+09:00 DEBUG 13981 --- [faniverse] [    Test worker] o.s.b.f.s.DefaultListableBeanFactory     : Creating shared instance of singleton bean 'chatRoomService'
2024-08-16T20:42:00.147+09:00 DEBUG 13981 --- [faniverse] [    Test worker] o.s.b.f.s.DefaultListableBeanFactory     : Creating shared instance of singleton bean 'chatRoomRepository'
2024-08-16T20:42:00.149+09:00 DEBUG 13981 --- [faniverse] [    Test worker] o.s.b.f.s.DefaultListableBeanFactory     : Creating shared instance of singleton bean 'jpa.named-queries#9'
2024-08-16T20:42:00.150+09:00 DEBUG 13981 --- [faniverse] [    Test worker] o.s.b.f.s.DefaultListableBeanFactory     : Creating shared instance of singleton bean 'jpa.ChatRoomRepository.fragments#0'
2024-08-16T20:42:00.151+09:00 DEBUG 13981 --- [faniverse] [    Test worker] tor$SharedEntityManagerInvocationHandler : Creating new EntityManager for shared EntityManager invocation
2024-08-16T20:42:00.169+09:00 DEBUG 13981 --- [faniverse] [    Test worker] o.s.d.r.c.s.RepositoryFactorySupport     : Initializing repository instance for fantastic.faniverse.chat.infrastructure.repository.ChatRoomRepository…
2024-08-16T20:42:00.169+09:00 DEBUG 13981 --- [faniverse] [    Test worker] tor$SharedEntityManagerInvocationHandler : Creating new EntityManager for shared EntityManager invocation
2024-08-16T20:42:00.186+09:00  INFO 13981 --- [faniverse] [    Test worker] o.s.d.j.r.query.QueryEnhancerFactory     : Hibernate is in classpath; If applicable, HQL parser will be used.
2024-08-16T20:42:00.392+09:00 DEBUG 13981 --- [faniverse] [    Test worker] o.s.d.jpa.repository.query.NamedQuery    : Did not find named query ChatRoom.findByUserAndId.count
2024-08-16T20:42:00.392+09:00 DEBUG 13981 --- [faniverse] [    Test worker] tor$SharedEntityManagerInvocationHandler : Creating new EntityManager for shared EntityManager invocation
2024-08-16T20:42:00.747+09:00 DEBUG 13981 --- [faniverse] [    Test worker] o.s.d.jpa.repository.query.NamedQuery    : Did not find named query ChatRoom.findWithUserByUserAndIsDeletedNot.count
2024-08-16T20:42:00.747+09:00 DEBUG 13981 --- [faniverse] [    Test worker] tor$SharedEntityManagerInvocationHandler : Creating new EntityManager for shared EntityManager invocation
2024-08-16T20:42:00.774+09:00 DEBUG 13981 --- [faniverse] [    Test worker] o.s.d.r.c.s.RepositoryFactorySupport     : Finished creation of repository instance for fantastic.faniverse.chat.infrastructure.repository.ChatRoomRepository.
2024-08-16T20:42:00.776+09:00 DEBUG 13981 --- [faniverse] [    Test worker] o.s.b.f.s.DefaultListableBeanFactory     : Creating shared instance of singleton bean 'productRepository'
2024-08-16T20:42:00.780+09:00 DEBUG 13981 --- [faniverse] [    Test worker] o.s.b.f.s.DefaultListableBeanFactory     : Creating shared instance of singleton bean 'jpa.named-queries#2'
2024-08-16T20:42:00.781+09:00 DEBUG 13981 --- [faniverse] [    Test worker] o.s.b.f.s.DefaultListableBeanFactory     : Creating shared instance of singleton bean 'jpa.ProductRepository.fragments#0'
2024-08-16T20:42:00.783+09:00 DEBUG 13981 --- [faniverse] [    Test worker] tor$SharedEntityManagerInvocationHandler : Creating new EntityManager for shared EntityManager invocation
2024-08-16T20:42:00.784+09:00 DEBUG 13981 --- [faniverse] [    Test worker] o.s.d.r.c.s.RepositoryFactorySupport     : Initializing repository instance for fantastic.faniverse.product.repository.ProductRepository…
2024-08-16T20:42:00.788+09:00 DEBUG 13981 --- [faniverse] [    Test worker] tor$SharedEntityManagerInvocationHandler : Creating new EntityManager for shared EntityManager invocation
2024-08-16T20:42:00.792+09:00 DEBUG 13981 --- [faniverse] [    Test worker] o.s.d.jpa.repository.query.NamedQuery    : Looking up named query Product.findBySellerId
2024-08-16T20:42:00.793+09:00 DEBUG 13981 --- [faniverse] [    Test worker] o.s.d.jpa.repository.query.NamedQuery    : Did not find named query Product.findBySellerId
2024-08-16T20:42:00.793+09:00 DEBUG 13981 --- [faniverse] [    Test worker] tor$SharedEntityManagerInvocationHandler : Creating new EntityManager for shared EntityManager invocation
2024-08-16T20:42:00.797+09:00 DEBUG 13981 --- [faniverse] [    Test worker] o.s.d.jpa.repository.query.NamedQuery    : Looking up named query Product.findByCategory
2024-08-16T20:42:00.798+09:00 DEBUG 13981 --- [faniverse] [    Test worker] o.s.d.jpa.repository.query.NamedQuery    : Did not find named query Product.findByCategory
2024-08-16T20:42:00.798+09:00 DEBUG 13981 --- [faniverse] [    Test worker] tor$SharedEntityManagerInvocationHandler : Creating new EntityManager for shared EntityManager invocation
2024-08-16T20:42:00.799+09:00 DEBUG 13981 --- [faniverse] [    Test worker] o.s.d.jpa.repository.query.NamedQuery    : Looking up named query Product.findByTitleContaining
2024-08-16T20:42:00.800+09:00 DEBUG 13981 --- [faniverse] [    Test worker] o.s.d.jpa.repository.query.NamedQuery    : Did not find named query Product.findByTitleContaining
2024-08-16T20:42:00.800+09:00 DEBUG 13981 --- [faniverse] [    Test worker] tor$SharedEntityManagerInvocationHandler : Creating new EntityManager for shared EntityManager invocation
2024-08-16T20:42:00.802+09:00 DEBUG 13981 --- [faniverse] [    Test worker] o.s.d.jpa.repository.query.NamedQuery    : Looking up named query Product.findByTitleContainingOrContentContaining
2024-08-16T20:42:00.803+09:00 DEBUG 13981 --- [faniverse] [    Test worker] o.s.d.jpa.repository.query.NamedQuery    : Did not find named query Product.findByTitleContainingOrContentContaining
2024-08-16T20:42:00.803+09:00 DEBUG 13981 --- [faniverse] [    Test worker] tor$SharedEntityManagerInvocationHandler : Creating new EntityManager for shared EntityManager invocation
2024-08-16T20:42:00.804+09:00 DEBUG 13981 --- [faniverse] [    Test worker] o.s.d.jpa.repository.query.NamedQuery    : Looking up named query Product.findTop10ByOrderByCreatedAtDesc
2024-08-16T20:42:00.805+09:00 DEBUG 13981 --- [faniverse] [    Test worker] o.s.d.jpa.repository.query.NamedQuery    : Did not find named query Product.findTop10ByOrderByCreatedAtDesc
2024-08-16T20:42:00.805+09:00 DEBUG 13981 --- [faniverse] [    Test worker] tor$SharedEntityManagerInvocationHandler : Creating new EntityManager for shared EntityManager invocation
2024-08-16T20:42:00.811+09:00 DEBUG 13981 --- [faniverse] [    Test worker] o.s.d.r.c.s.RepositoryFactorySupport     : Finished creation of repository instance for fantastic.faniverse.product.repository.ProductRepository.
2024-08-16T20:42:00.812+09:00 DEBUG 13981 --- [faniverse] [    Test worker] o.s.b.f.s.DefaultListableBeanFactory     : Autowiring by type from bean name 'chatRoomService' via constructor to bean named 'chatRoomRepository'
2024-08-16T20:42:00.812+09:00 DEBUG 13981 --- [faniverse] [    Test worker] o.s.b.f.s.DefaultListableBeanFactory     : Autowiring by type from bean name 'chatRoomService' via constructor to bean named 'userRepository'
2024-08-16T20:42:00.812+09:00 DEBUG 13981 --- [faniverse] [    Test worker] o.s.b.f.s.DefaultListableBeanFactory     : Autowiring by type from bean name 'chatRoomService' via constructor to bean named 'productRepository'
2024-08-16T20:42:00.821+09:00 DEBUG 13981 --- [faniverse] [    Test worker] o.s.b.f.s.DefaultListableBeanFactory     : Creating shared instance of singleton bean 'chatService'
2024-08-16T20:42:00.822+09:00 DEBUG 13981 --- [faniverse] [    Test worker] o.s.b.f.s.DefaultListableBeanFactory     : Creating shared instance of singleton bean 'chatMessageRepository'
2024-08-16T20:42:00.824+09:00 DEBUG 13981 --- [faniverse] [    Test worker] o.s.b.f.s.DefaultListableBeanFactory     : Creating shared instance of singleton bean 'jpa.named-queries#5'
2024-08-16T20:42:00.825+09:00 DEBUG 13981 --- [faniverse] [    Test worker] o.s.b.f.s.DefaultListableBeanFactory     : Creating shared instance of singleton bean 'jpa.ChatMessageRepository.fragments#0'
2024-08-16T20:42:00.826+09:00 DEBUG 13981 --- [faniverse] [    Test worker] tor$SharedEntityManagerInvocationHandler : Creating new EntityManager for shared EntityManager invocation
2024-08-16T20:42:00.830+09:00 DEBUG 13981 --- [faniverse] [    Test worker] o.s.d.r.c.s.RepositoryFactorySupport     : Initializing repository instance for fantastic.faniverse.chat.infrastructure.repository.ChatMessageRepository…
2024-08-16T20:42:00.831+09:00 DEBUG 13981 --- [faniverse] [    Test worker] tor$SharedEntityManagerInvocationHandler : Creating new EntityManager for shared EntityManager invocation
2024-08-16T20:42:00.846+09:00 DEBUG 13981 --- [faniverse] [    Test worker] o.s.d.jpa.repository.query.NamedQuery    : Did not find named query ChatMessage.findLastMessages.count
2024-08-16T20:42:00.847+09:00 DEBUG 13981 --- [faniverse] [    Test worker] tor$SharedEntityManagerInvocationHandler : Creating new EntityManager for shared EntityManager invocation
2024-08-16T20:42:00.852+09:00 DEBUG 13981 --- [faniverse] [    Test worker] o.s.d.jpa.repository.query.NamedQuery    : Looking up named query ChatMessage.findByChatRoomIdAndIdGreaterThan
2024-08-16T20:42:00.852+09:00 DEBUG 13981 --- [faniverse] [    Test worker] o.s.d.jpa.repository.query.NamedQuery    : Did not find named query ChatMessage.findByChatRoomIdAndIdGreaterThan
2024-08-16T20:42:00.852+09:00 DEBUG 13981 --- [faniverse] [    Test worker] tor$SharedEntityManagerInvocationHandler : Creating new EntityManager for shared EntityManager invocation
2024-08-16T20:42:00.857+09:00 DEBUG 13981 --- [faniverse] [    Test worker] o.s.d.r.c.s.RepositoryFactorySupport     : Finished creation of repository instance for fantastic.faniverse.chat.infrastructure.repository.ChatMessageRepository.
2024-08-16T20:42:00.858+09:00 DEBUG 13981 --- [faniverse] [    Test worker] o.s.b.f.s.DefaultListableBeanFactory     : Autowiring by type from bean name 'chatService' via constructor to bean named 'chatRoomRepository'
2024-08-16T20:42:00.859+09:00 DEBUG 13981 --- [faniverse] [    Test worker] o.s.b.f.s.DefaultListableBeanFactory     : Autowiring by type from bean name 'chatService' via constructor to bean named 'userRepository'
2024-08-16T20:42:00.859+09:00 DEBUG 13981 --- [faniverse] [    Test worker] o.s.b.f.s.DefaultListableBeanFactory     : Autowiring by type from bean name 'chatService' via constructor to bean named 'chatMessageRepository'
2024-08-16T20:42:00.866+09:00 DEBUG 13981 --- [faniverse] [    Test worker] o.s.b.f.s.DefaultListableBeanFactory     : Creating shared instance of singleton bean 'chatController'
2024-08-16T20:42:00.868+09:00 DEBUG 13981 --- [faniverse] [    Test worker] o.s.b.f.s.DefaultListableBeanFactory     : Autowiring by type from bean name 'chatController' via constructor to bean named 'chatService'
2024-08-16T20:42:00.869+09:00 DEBUG 13981 --- [faniverse] [    Test worker] o.s.b.f.s.DefaultListableBeanFactory     : Creating shared instance of singleton bean 'chatRoomController'
2024-08-16T20:42:00.871+09:00 DEBUG 13981 --- [faniverse] [    Test worker] o.s.b.f.s.DefaultListableBeanFactory     : Autowiring by type from bean name 'chatRoomController' via constructor to bean named 'chatRoomService'
2024-08-16T20:42:00.871+09:00 DEBUG 13981 --- [faniverse] [    Test worker] o.s.b.f.s.DefaultListableBeanFactory     : Autowiring by type from bean name 'chatRoomController' via constructor to bean named 'userService'
2024-08-16T20:42:00.872+09:00 DEBUG 13981 --- [faniverse] [    Test worker] o.s.b.f.s.DefaultListableBeanFactory     : Creating shared instance of singleton bean 'boardController'
2024-08-16T20:42:00.874+09:00 DEBUG 13981 --- [faniverse] [    Test worker] o.s.b.f.s.DefaultListableBeanFactory     : Creating shared instance of singleton bean 'boardServiceImpl'
2024-08-16T20:42:00.876+09:00 DEBUG 13981 --- [faniverse] [    Test worker] o.s.b.f.s.DefaultListableBeanFactory     : Creating shared instance of singleton bean 'boardRepository'
2024-08-16T20:42:00.877+09:00 DEBUG 13981 --- [faniverse] [    Test worker] o.s.b.f.s.DefaultListableBeanFactory     : Creating shared instance of singleton bean 'jpa.named-queries#1'
2024-08-16T20:42:00.878+09:00 DEBUG 13981 --- [faniverse] [    Test worker] o.s.b.f.s.DefaultListableBeanFactory     : Creating shared instance of singleton bean 'jpa.BoardRepository.fragments#0'
2024-08-16T20:42:00.879+09:00 DEBUG 13981 --- [faniverse] [    Test worker] tor$SharedEntityManagerInvocationHandler : Creating new EntityManager for shared EntityManager invocation
2024-08-16T20:42:00.881+09:00 DEBUG 13981 --- [faniverse] [    Test worker] o.s.d.r.c.s.RepositoryFactorySupport     : Initializing repository instance for fantastic.faniverse.community.repository.BoardRepository…
2024-08-16T20:42:00.881+09:00 DEBUG 13981 --- [faniverse] [    Test worker] tor$SharedEntityManagerInvocationHandler : Creating new EntityManager for shared EntityManager invocation
2024-08-16T20:42:00.885+09:00 DEBUG 13981 --- [faniverse] [    Test worker] o.s.d.jpa.repository.query.NamedQuery    : Looking up named query Board.findBoardByNameContaining
2024-08-16T20:42:00.886+09:00 DEBUG 13981 --- [faniverse] [    Test worker] o.s.d.jpa.repository.query.NamedQuery    : Did not find named query Board.findBoardByNameContaining
2024-08-16T20:42:00.886+09:00 DEBUG 13981 --- [faniverse] [    Test worker] tor$SharedEntityManagerInvocationHandler : Creating new EntityManager for shared EntityManager invocation
2024-08-16T20:42:00.890+09:00 DEBUG 13981 --- [faniverse] [    Test worker] o.s.d.r.c.s.RepositoryFactorySupport     : Finished creation of repository instance for fantastic.faniverse.community.repository.BoardRepository.
2024-08-16T20:42:00.892+09:00 DEBUG 13981 --- [faniverse] [    Test worker] o.s.b.f.s.DefaultListableBeanFactory     : Creating shared instance of singleton bean 'favoriteBoardRepository'
2024-08-16T20:42:00.894+09:00 DEBUG 13981 --- [faniverse] [    Test worker] o.s.b.f.s.DefaultListableBeanFactory     : Creating shared instance of singleton bean 'jpa.named-queries#12'
2024-08-16T20:42:00.895+09:00 DEBUG 13981 --- [faniverse] [    Test worker] o.s.b.f.s.DefaultListableBeanFactory     : Creating shared instance of singleton bean 'jpa.FavoriteBoardRepository.fragments#0'
2024-08-16T20:42:00.896+09:00 DEBUG 13981 --- [faniverse] [    Test worker] tor$SharedEntityManagerInvocationHandler : Creating new EntityManager for shared EntityManager invocation
2024-08-16T20:42:00.899+09:00 DEBUG 13981 --- [faniverse] [    Test worker] o.s.d.r.c.s.RepositoryFactorySupport     : Initializing repository instance for fantastic.faniverse.community.repository.FavoriteBoardRepository…
2024-08-16T20:42:00.899+09:00 DEBUG 13981 --- [faniverse] [    Test worker] tor$SharedEntityManagerInvocationHandler : Creating new EntityManager for shared EntityManager invocation
2024-08-16T20:42:00.902+09:00 DEBUG 13981 --- [faniverse] [    Test worker] o.s.d.jpa.repository.query.NamedQuery    : Looking up named query FavoriteBoard.findByBoardAndUser
2024-08-16T20:42:00.902+09:00 DEBUG 13981 --- [faniverse] [    Test worker] o.s.d.jpa.repository.query.NamedQuery    : Did not find named query FavoriteBoard.findByBoardAndUser
2024-08-16T20:42:00.902+09:00 DEBUG 13981 --- [faniverse] [    Test worker] tor$SharedEntityManagerInvocationHandler : Creating new EntityManager for shared EntityManager invocation
2024-08-16T20:42:00.911+09:00 DEBUG 13981 --- [faniverse] [    Test worker] o.s.d.r.c.s.RepositoryFactorySupport     : Finished creation of repository instance for fantastic.faniverse.community.repository.FavoriteBoardRepository.
2024-08-16T20:42:00.912+09:00 DEBUG 13981 --- [faniverse] [    Test worker] o.s.b.f.s.DefaultListableBeanFactory     : Autowiring by type from bean name 'boardServiceImpl' via constructor to bean named 'boardRepository'
2024-08-16T20:42:00.912+09:00 DEBUG 13981 --- [faniverse] [    Test worker] o.s.b.f.s.DefaultListableBeanFactory     : Autowiring by type from bean name 'boardServiceImpl' via constructor to bean named 'userRepository'
2024-08-16T20:42:00.912+09:00 DEBUG 13981 --- [faniverse] [    Test worker] o.s.b.f.s.DefaultListableBeanFactory     : Autowiring by type from bean name 'boardServiceImpl' via constructor to bean named 'favoriteBoardRepository'
2024-08-16T20:42:00.919+09:00 DEBUG 13981 --- [faniverse] [    Test worker] o.s.b.f.s.DefaultListableBeanFactory     : Autowiring by type from bean name 'boardController' via constructor to bean named 'boardServiceImpl'
2024-08-16T20:42:00.920+09:00 DEBUG 13981 --- [faniverse] [    Test worker] o.s.b.f.s.DefaultListableBeanFactory     : Creating shared instance of singleton bean 'commentController'
2024-08-16T20:42:00.921+09:00 DEBUG 13981 --- [faniverse] [    Test worker] o.s.b.f.s.DefaultListableBeanFactory     : Creating shared instance of singleton bean 'commentServiceImpl'
2024-08-16T20:42:00.922+09:00 DEBUG 13981 --- [faniverse] [    Test worker] o.s.b.f.s.DefaultListableBeanFactory     : Creating shared instance of singleton bean 'postRepository'
2024-08-16T20:42:00.924+09:00 DEBUG 13981 --- [faniverse] [    Test worker] o.s.b.f.s.DefaultListableBeanFactory     : Creating shared instance of singleton bean 'jpa.named-queries#6'
2024-08-16T20:42:00.926+09:00 DEBUG 13981 --- [faniverse] [    Test worker] o.s.b.f.s.DefaultListableBeanFactory     : Creating shared instance of singleton bean 'jpa.PostRepository.fragments#0'
2024-08-16T20:42:00.927+09:00 DEBUG 13981 --- [faniverse] [    Test worker] tor$SharedEntityManagerInvocationHandler : Creating new EntityManager for shared EntityManager invocation
2024-08-16T20:42:00.933+09:00 DEBUG 13981 --- [faniverse] [    Test worker] o.s.d.r.c.s.RepositoryFactorySupport     : Initializing repository instance for fantastic.faniverse.community.repository.PostRepository…
2024-08-16T20:42:00.933+09:00 DEBUG 13981 --- [faniverse] [    Test worker] tor$SharedEntityManagerInvocationHandler : Creating new EntityManager for shared EntityManager invocation
2024-08-16T20:42:00.937+09:00 DEBUG 13981 --- [faniverse] [    Test worker] o.s.d.jpa.repository.query.NamedQuery    : Looking up named query Post.findByBoardId
2024-08-16T20:42:00.938+09:00 DEBUG 13981 --- [faniverse] [    Test worker] o.s.d.jpa.repository.query.NamedQuery    : Did not find named query Post.findByBoardId
2024-08-16T20:42:00.938+09:00 DEBUG 13981 --- [faniverse] [    Test worker] tor$SharedEntityManagerInvocationHandler : Creating new EntityManager for shared EntityManager invocation
2024-08-16T20:42:00.940+09:00 DEBUG 13981 --- [faniverse] [    Test worker] o.s.d.jpa.repository.query.NamedQuery    : Looking up named query Post.findByBoardIdAndTitleContaining
2024-08-16T20:42:00.940+09:00 DEBUG 13981 --- [faniverse] [    Test worker] o.s.d.jpa.repository.query.NamedQuery    : Did not find named query Post.findByBoardIdAndTitleContaining
2024-08-16T20:42:00.940+09:00 DEBUG 13981 --- [faniverse] [    Test worker] tor$SharedEntityManagerInvocationHandler : Creating new EntityManager for shared EntityManager invocation
2024-08-16T20:42:00.945+09:00 DEBUG 13981 --- [faniverse] [    Test worker] o.s.d.r.c.s.RepositoryFactorySupport     : Finished creation of repository instance for fantastic.faniverse.community.repository.PostRepository.
2024-08-16T20:42:00.946+09:00 DEBUG 13981 --- [faniverse] [    Test worker] o.s.b.f.s.DefaultListableBeanFactory     : Creating shared instance of singleton bean 'commentRepository'
2024-08-16T20:42:00.947+09:00 DEBUG 13981 --- [faniverse] [    Test worker] o.s.b.f.s.DefaultListableBeanFactory     : Creating shared instance of singleton bean 'jpa.named-queries#8'
2024-08-16T20:42:00.949+09:00 DEBUG 13981 --- [faniverse] [    Test worker] o.s.b.f.s.DefaultListableBeanFactory     : Creating shared instance of singleton bean 'jpa.CommentRepository.fragments#0'
2024-08-16T20:42:00.950+09:00 DEBUG 13981 --- [faniverse] [    Test worker] tor$SharedEntityManagerInvocationHandler : Creating new EntityManager for shared EntityManager invocation
2024-08-16T20:42:00.954+09:00 DEBUG 13981 --- [faniverse] [    Test worker] o.s.d.r.c.s.RepositoryFactorySupport     : Initializing repository instance for fantastic.faniverse.community.repository.CommentRepository…
2024-08-16T20:42:00.955+09:00 DEBUG 13981 --- [faniverse] [    Test worker] tor$SharedEntityManagerInvocationHandler : Creating new EntityManager for shared EntityManager invocation
2024-08-16T20:42:00.958+09:00 DEBUG 13981 --- [faniverse] [    Test worker] o.s.d.jpa.repository.query.NamedQuery    : Looking up named query Comment.findByPostId
2024-08-16T20:42:00.958+09:00 DEBUG 13981 --- [faniverse] [    Test worker] o.s.d.jpa.repository.query.NamedQuery    : Did not find named query Comment.findByPostId
2024-08-16T20:42:00.958+09:00 DEBUG 13981 --- [faniverse] [    Test worker] tor$SharedEntityManagerInvocationHandler : Creating new EntityManager for shared EntityManager invocation
2024-08-16T20:42:00.962+09:00 DEBUG 13981 --- [faniverse] [    Test worker] o.s.d.r.c.s.RepositoryFactorySupport     : Finished creation of repository instance for fantastic.faniverse.community.repository.CommentRepository.
2024-08-16T20:42:00.963+09:00 DEBUG 13981 --- [faniverse] [    Test worker] o.s.b.f.s.DefaultListableBeanFactory     : Autowiring by type from bean name 'commentServiceImpl' via constructor to bean named 'postRepository'
2024-08-16T20:42:00.963+09:00 DEBUG 13981 --- [faniverse] [    Test worker] o.s.b.f.s.DefaultListableBeanFactory     : Autowiring by type from bean name 'commentServiceImpl' via constructor to bean named 'userRepository'
2024-08-16T20:42:00.963+09:00 DEBUG 13981 --- [faniverse] [    Test worker] o.s.b.f.s.DefaultListableBeanFactory     : Autowiring by type from bean name 'commentServiceImpl' via constructor to bean named 'commentRepository'
2024-08-16T20:42:00.974+09:00 DEBUG 13981 --- [faniverse] [    Test worker] o.s.b.f.s.DefaultListableBeanFactory     : Autowiring by type from bean name 'commentController' via constructor to bean named 'commentServiceImpl'
2024-08-16T20:42:00.975+09:00 DEBUG 13981 --- [faniverse] [    Test worker] o.s.b.f.s.DefaultListableBeanFactory     : Creating shared instance of singleton bean 'postController'
2024-08-16T20:42:00.978+09:00 DEBUG 13981 --- [faniverse] [    Test worker] o.s.b.f.s.DefaultListableBeanFactory     : Creating shared instance of singleton bean 'postServiceImpl'
2024-08-16T20:42:00.979+09:00 DEBUG 13981 --- [faniverse] [    Test worker] o.s.b.f.s.DefaultListableBeanFactory     : Creating shared instance of singleton bean 'likesRepository'
2024-08-16T20:42:00.981+09:00 DEBUG 13981 --- [faniverse] [    Test worker] o.s.b.f.s.DefaultListableBeanFactory     : Creating shared instance of singleton bean 'jpa.named-queries#13'
2024-08-16T20:42:00.982+09:00 DEBUG 13981 --- [faniverse] [    Test worker] o.s.b.f.s.DefaultListableBeanFactory     : Creating shared instance of singleton bean 'jpa.LikesRepository.fragments#0'
2024-08-16T20:42:00.983+09:00 DEBUG 13981 --- [faniverse] [    Test worker] tor$SharedEntityManagerInvocationHandler : Creating new EntityManager for shared EntityManager invocation
2024-08-16T20:42:00.986+09:00 DEBUG 13981 --- [faniverse] [    Test worker] o.s.d.r.c.s.RepositoryFactorySupport     : Initializing repository instance for fantastic.faniverse.community.repository.LikesRepository…
2024-08-16T20:42:00.986+09:00 DEBUG 13981 --- [faniverse] [    Test worker] tor$SharedEntityManagerInvocationHandler : Creating new EntityManager for shared EntityManager invocation
2024-08-16T20:42:00.988+09:00 DEBUG 13981 --- [faniverse] [    Test worker] o.s.d.jpa.repository.query.NamedQuery    : Looking up named query Likes.findByUserAndPost
2024-08-16T20:42:00.989+09:00 DEBUG 13981 --- [faniverse] [    Test worker] o.s.d.jpa.repository.query.NamedQuery    : Did not find named query Likes.findByUserAndPost
2024-08-16T20:42:00.989+09:00 DEBUG 13981 --- [faniverse] [    Test worker] tor$SharedEntityManagerInvocationHandler : Creating new EntityManager for shared EntityManager invocation
2024-08-16T20:42:00.995+09:00 DEBUG 13981 --- [faniverse] [    Test worker] o.s.d.r.c.s.RepositoryFactorySupport     : Finished creation of repository instance for fantastic.faniverse.community.repository.LikesRepository.
2024-08-16T20:42:00.996+09:00 DEBUG 13981 --- [faniverse] [    Test worker] o.s.b.f.s.DefaultListableBeanFactory     : Autowiring by type from bean name 'postServiceImpl' via constructor to bean named 'postRepository'
2024-08-16T20:42:00.996+09:00 DEBUG 13981 --- [faniverse] [    Test worker] o.s.b.f.s.DefaultListableBeanFactory     : Autowiring by type from bean name 'postServiceImpl' via constructor to bean named 'userRepository'
2024-08-16T20:42:00.996+09:00 DEBUG 13981 --- [faniverse] [    Test worker] o.s.b.f.s.DefaultListableBeanFactory     : Autowiring by type from bean name 'postServiceImpl' via constructor to bean named 'boardRepository'
2024-08-16T20:42:00.996+09:00 DEBUG 13981 --- [faniverse] [    Test worker] o.s.b.f.s.DefaultListableBeanFactory     : Autowiring by type from bean name 'postServiceImpl' via constructor to bean named 'likesRepository'
2024-08-16T20:42:01.003+09:00 DEBUG 13981 --- [faniverse] [    Test worker] o.s.b.f.s.DefaultListableBeanFactory     : Autowiring by type from bean name 'postController' via constructor to bean named 'postServiceImpl'
2024-08-16T20:42:01.005+09:00 DEBUG 13981 --- [faniverse] [    Test worker] o.s.b.f.s.DefaultListableBeanFactory     : Creating shared instance of singleton bean 'googleCloudConfig'
2024-08-16T20:42:01.006+09:00 DEBUG 13981 --- [faniverse] [    Test worker] o.s.b.f.s.DefaultListableBeanFactory     : Creating shared instance of singleton bean 'keywordController'
2024-08-16T20:42:01.009+09:00 DEBUG 13981 --- [faniverse] [    Test worker] o.s.b.f.s.DefaultListableBeanFactory     : Creating shared instance of singleton bean 'keywordService'
2024-08-16T20:42:01.011+09:00 DEBUG 13981 --- [faniverse] [    Test worker] o.s.b.f.s.DefaultListableBeanFactory     : Creating shared instance of singleton bean 'keywordRepository'
2024-08-16T20:42:01.012+09:00 DEBUG 13981 --- [faniverse] [    Test worker] o.s.b.f.s.DefaultListableBeanFactory     : Creating shared instance of singleton bean 'jpa.named-queries#3'
2024-08-16T20:42:01.013+09:00 DEBUG 13981 --- [faniverse] [    Test worker] o.s.b.f.s.DefaultListableBeanFactory     : Creating shared instance of singleton bean 'jpa.KeywordRepository.fragments#0'
2024-08-16T20:42:01.014+09:00 DEBUG 13981 --- [faniverse] [    Test worker] tor$SharedEntityManagerInvocationHandler : Creating new EntityManager for shared EntityManager invocation
2024-08-16T20:42:01.017+09:00 DEBUG 13981 --- [faniverse] [    Test worker] o.s.d.r.c.s.RepositoryFactorySupport     : Initializing repository instance for fantastic.faniverse.keyword.repository.KeywordRepository…
2024-08-16T20:42:01.018+09:00 DEBUG 13981 --- [faniverse] [    Test worker] tor$SharedEntityManagerInvocationHandler : Creating new EntityManager for shared EntityManager invocation
2024-08-16T20:42:01.020+09:00 DEBUG 13981 --- [faniverse] [    Test worker] o.s.d.jpa.repository.query.NamedQuery    : Looking up named query Keyword.findByUser
2024-08-16T20:42:01.020+09:00 DEBUG 13981 --- [faniverse] [    Test worker] o.s.d.jpa.repository.query.NamedQuery    : Did not find named query Keyword.findByUser
2024-08-16T20:42:01.021+09:00 DEBUG 13981 --- [faniverse] [    Test worker] tor$SharedEntityManagerInvocationHandler : Creating new EntityManager for shared EntityManager invocation
2024-08-16T20:42:01.026+09:00 DEBUG 13981 --- [faniverse] [    Test worker] o.s.d.r.c.s.RepositoryFactorySupport     : Finished creation of repository instance for fantastic.faniverse.keyword.repository.KeywordRepository.
2024-08-16T20:42:01.028+09:00 DEBUG 13981 --- [faniverse] [    Test worker] o.s.b.f.s.DefaultListableBeanFactory     : Creating shared instance of singleton bean 'productServiceImpl'
2024-08-16T20:42:01.029+09:00 DEBUG 13981 --- [faniverse] [    Test worker] o.s.b.f.s.DefaultListableBeanFactory     : Creating shared instance of singleton bean 'generalProductRepository'
2024-08-16T20:42:01.030+09:00 DEBUG 13981 --- [faniverse] [    Test worker] o.s.b.f.s.DefaultListableBeanFactory     : Creating shared instance of singleton bean 'jpa.named-queries#11'
2024-08-16T20:42:01.030+09:00 DEBUG 13981 --- [faniverse] [    Test worker] o.s.b.f.s.DefaultListableBeanFactory     : Creating shared instance of singleton bean 'jpa.GeneralProductRepository.fragments#0'
2024-08-16T20:42:01.031+09:00 DEBUG 13981 --- [faniverse] [    Test worker] tor$SharedEntityManagerInvocationHandler : Creating new EntityManager for shared EntityManager invocation
2024-08-16T20:42:01.037+09:00 DEBUG 13981 --- [faniverse] [    Test worker] o.s.d.r.c.s.RepositoryFactorySupport     : Initializing repository instance for fantastic.faniverse.product.GeneralProduct.repository.GeneralProductRepository…
2024-08-16T20:42:01.038+09:00 DEBUG 13981 --- [faniverse] [    Test worker] tor$SharedEntityManagerInvocationHandler : Creating new EntityManager for shared EntityManager invocation
2024-08-16T20:42:01.046+09:00 DEBUG 13981 --- [faniverse] [    Test worker] o.s.d.r.c.s.RepositoryFactorySupport     : Finished creation of repository instance for fantastic.faniverse.product.GeneralProduct.repository.GeneralProductRepository.
2024-08-16T20:42:01.047+09:00 DEBUG 13981 --- [faniverse] [    Test worker] o.s.b.f.s.DefaultListableBeanFactory     : Creating shared instance of singleton bean 'auctionProductRepository'
2024-08-16T20:42:01.049+09:00 DEBUG 13981 --- [faniverse] [    Test worker] o.s.b.f.s.DefaultListableBeanFactory     : Creating shared instance of singleton bean 'jpa.named-queries#0'
2024-08-16T20:42:01.051+09:00 DEBUG 13981 --- [faniverse] [    Test worker] o.s.b.f.s.DefaultListableBeanFactory     : Creating shared instance of singleton bean 'jpa.AuctionProductRepository.fragments#0'
2024-08-16T20:42:01.052+09:00 DEBUG 13981 --- [faniverse] [    Test worker] tor$SharedEntityManagerInvocationHandler : Creating new EntityManager for shared EntityManager invocation
2024-08-16T20:42:01.070+09:00 DEBUG 13981 --- [faniverse] [    Test worker] o.s.d.r.c.s.RepositoryFactorySupport     : Initializing repository instance for fantastic.faniverse.product.AuctionProduct.repository.AuctionProductRepository…
2024-08-16T20:42:01.070+09:00 DEBUG 13981 --- [faniverse] [    Test worker] tor$SharedEntityManagerInvocationHandler : Creating new EntityManager for shared EntityManager invocation
2024-08-16T20:42:01.073+09:00 DEBUG 13981 --- [faniverse] [    Test worker] o.s.d.jpa.repository.query.NamedQuery    : Looking up named query AuctionProduct.findByAuctionProductStatus
2024-08-16T20:42:01.074+09:00 DEBUG 13981 --- [faniverse] [    Test worker] o.s.d.jpa.repository.query.NamedQuery    : Did not find named query AuctionProduct.findByAuctionProductStatus
2024-08-16T20:42:01.074+09:00 DEBUG 13981 --- [faniverse] [    Test worker] tor$SharedEntityManagerInvocationHandler : Creating new EntityManager for shared EntityManager invocation
2024-08-16T20:42:01.078+09:00 DEBUG 13981 --- [faniverse] [    Test worker] o.s.d.r.c.s.RepositoryFactorySupport     : Finished creation of repository instance for fantastic.faniverse.product.AuctionProduct.repository.AuctionProductRepository.
2024-08-16T20:42:01.078+09:00 DEBUG 13981 --- [faniverse] [    Test worker] o.s.b.f.s.DefaultListableBeanFactory     : Autowiring by type from bean name 'productServiceImpl' via constructor to bean named 'userRepository'
2024-08-16T20:42:01.078+09:00 DEBUG 13981 --- [faniverse] [    Test worker] o.s.b.f.s.DefaultListableBeanFactory     : Autowiring by type from bean name 'productServiceImpl' via constructor to bean named 'productRepository'
2024-08-16T20:42:01.079+09:00 DEBUG 13981 --- [faniverse] [    Test worker] o.s.b.f.s.DefaultListableBeanFactory     : Autowiring by type from bean name 'productServiceImpl' via constructor to bean named 'generalProductRepository'
2024-08-16T20:42:01.079+09:00 DEBUG 13981 --- [faniverse] [    Test worker] o.s.b.f.s.DefaultListableBeanFactory     : Autowiring by type from bean name 'productServiceImpl' via constructor to bean named 'auctionProductRepository'
2024-08-16T20:42:01.089+09:00 DEBUG 13981 --- [faniverse] [    Test worker] o.s.b.f.s.DefaultListableBeanFactory     : Creating shared instance of singleton bean 'auctionProductController'
2024-08-16T20:42:01.090+09:00 DEBUG 13981 --- [faniverse] [    Test worker] o.s.b.f.s.DefaultListableBeanFactory     : Creating shared instance of singleton bean 'auctionProductServiceImpl'
2024-08-16T20:42:01.095+09:00 DEBUG 13981 --- [faniverse] [    Test worker] o.s.b.f.s.DefaultListableBeanFactory     : Creating shared instance of singleton bean 'auctionBidRepository'
2024-08-16T20:42:01.097+09:00 DEBUG 13981 --- [faniverse] [    Test worker] o.s.b.f.s.DefaultListableBeanFactory     : Creating shared instance of singleton bean 'jpa.named-queries#10'
2024-08-16T20:42:01.099+09:00 DEBUG 13981 --- [faniverse] [    Test worker] o.s.b.f.s.DefaultListableBeanFactory     : Creating shared instance of singleton bean 'jpa.AuctionBidRepository.fragments#0'
2024-08-16T20:42:01.100+09:00 DEBUG 13981 --- [faniverse] [    Test worker] tor$SharedEntityManagerInvocationHandler : Creating new EntityManager for shared EntityManager invocation
2024-08-16T20:42:01.101+09:00 DEBUG 13981 --- [faniverse] [    Test worker] o.s.d.r.c.s.RepositoryFactorySupport     : Initializing repository instance for fantastic.faniverse.product.AuctionProduct.repository.AuctionBidRepository…
2024-08-16T20:42:01.101+09:00 DEBUG 13981 --- [faniverse] [    Test worker] tor$SharedEntityManagerInvocationHandler : Creating new EntityManager for shared EntityManager invocation
2024-08-16T20:42:01.106+09:00 DEBUG 13981 --- [faniverse] [    Test worker] o.s.d.r.c.s.RepositoryFactorySupport     : Finished creation of repository instance for fantastic.faniverse.product.AuctionProduct.repository.AuctionBidRepository.
2024-08-16T20:42:01.108+09:00 DEBUG 13981 --- [faniverse] [    Test worker] o.s.b.f.s.DefaultListableBeanFactory     : Creating shared instance of singleton bean 'imageUploadService'
2024-08-16T20:42:01.111+09:00 DEBUG 13981 --- [faniverse] [    Test worker] o.s.b.f.s.DefaultListableBeanFactory     : Creating shared instance of singleton bean 'googleCloudStorage'
2024-08-16T20:42:01.289+09:00 DEBUG 13981 --- [faniverse] [    Test worker] o.s.b.f.s.DefaultListableBeanFactory     : Autowiring by type from bean name 'imageUploadService' via constructor to bean named 'googleCloudStorage'
2024-08-16T20:42:01.291+09:00 DEBUG 13981 --- [faniverse] [    Test worker] o.s.b.f.s.DefaultListableBeanFactory     : Autowiring by type from bean name 'auctionProductServiceImpl' via constructor to bean named 'auctionBidRepository'
2024-08-16T20:42:01.291+09:00 DEBUG 13981 --- [faniverse] [    Test worker] o.s.b.f.s.DefaultListableBeanFactory     : Autowiring by type from bean name 'auctionProductServiceImpl' via constructor to bean named 'userRepository'
2024-08-16T20:42:01.291+09:00 DEBUG 13981 --- [faniverse] [    Test worker] o.s.b.f.s.DefaultListableBeanFactory     : Autowiring by type from bean name 'auctionProductServiceImpl' via constructor to bean named 'auctionProductRepository'
2024-08-16T20:42:01.291+09:00 DEBUG 13981 --- [faniverse] [    Test worker] o.s.b.f.s.DefaultListableBeanFactory     : Autowiring by type from bean name 'auctionProductServiceImpl' via constructor to bean named 'imageUploadService'
2024-08-16T20:42:01.291+09:00 DEBUG 13981 --- [faniverse] [    Test worker] o.s.b.f.s.DefaultListableBeanFactory     : Autowiring by type from bean name 'auctionProductServiceImpl' via constructor to bean named 'productServiceImpl'
2024-08-16T20:42:01.302+09:00 DEBUG 13981 --- [faniverse] [    Test worker] o.s.b.f.s.DefaultListableBeanFactory     : Autowiring by type from bean name 'auctionProductController' via constructor to bean named 'auctionProductServiceImpl'
2024-08-16T20:42:01.303+09:00 DEBUG 13981 --- [faniverse] [    Test worker] o.s.b.f.s.DefaultListableBeanFactory     : Autowiring by type from bean name 'auctionProductController' via constructor to bean named 'userRepository'
2024-08-16T20:42:01.304+09:00 DEBUG 13981 --- [faniverse] [    Test worker] o.s.b.f.s.DefaultListableBeanFactory     : Creating shared instance of singleton bean 'generalProductController'
2024-08-16T20:42:01.305+09:00 DEBUG 13981 --- [faniverse] [    Test worker] o.s.b.f.s.DefaultListableBeanFactory     : Creating shared instance of singleton bean 'generalProductServiceImpl'
2024-08-16T20:42:01.307+09:00 DEBUG 13981 --- [faniverse] [    Test worker] o.s.b.f.s.DefaultListableBeanFactory     : Autowiring by type from bean name 'generalProductServiceImpl' via constructor to bean named 'userRepository'
2024-08-16T20:42:01.307+09:00 DEBUG 13981 --- [faniverse] [    Test worker] o.s.b.f.s.DefaultListableBeanFactory     : Autowiring by type from bean name 'generalProductServiceImpl' via constructor to bean named 'generalProductRepository'
2024-08-16T20:42:01.308+09:00 DEBUG 13981 --- [faniverse] [    Test worker] o.s.b.f.s.DefaultListableBeanFactory     : Autowiring by type from bean name 'generalProductServiceImpl' via constructor to bean named 'imageUploadService'
2024-08-16T20:42:01.308+09:00 DEBUG 13981 --- [faniverse] [    Test worker] o.s.b.f.s.DefaultListableBeanFactory     : Autowiring by type from bean name 'generalProductServiceImpl' via constructor to bean named 'productServiceImpl'
2024-08-16T20:42:01.315+09:00 DEBUG 13981 --- [faniverse] [    Test worker] o.s.b.f.s.DefaultListableBeanFactory     : Autowiring by type from bean name 'generalProductController' via constructor to bean named 'imageUploadService'
2024-08-16T20:42:01.315+09:00 DEBUG 13981 --- [faniverse] [    Test worker] o.s.b.f.s.DefaultListableBeanFactory     : Autowiring by type from bean name 'generalProductController' via constructor to bean named 'generalProductServiceImpl'
2024-08-16T20:42:01.316+09:00 DEBUG 13981 --- [faniverse] [    Test worker] o.s.b.f.s.DefaultListableBeanFactory     : Creating shared instance of singleton bean 'productCategoryController'
2024-08-16T20:42:01.317+09:00 DEBUG 13981 --- [faniverse] [    Test worker] o.s.b.f.s.DefaultListableBeanFactory     : Creating shared instance of singleton bean 'productController'
2024-08-16T20:42:01.319+09:00 DEBUG 13981 --- [faniverse] [    Test worker] o.s.b.f.s.DefaultListableBeanFactory     : Autowiring by type from bean name 'productController' via constructor to bean named 'productServiceImpl'
2024-08-16T20:42:01.319+09:00 DEBUG 13981 --- [faniverse] [    Test worker] o.s.b.f.s.DefaultListableBeanFactory     : Autowiring by type from bean name 'productController' via constructor to bean named 'generalProductServiceImpl'
2024-08-16T20:42:01.319+09:00 DEBUG 13981 --- [faniverse] [    Test worker] o.s.b.f.s.DefaultListableBeanFactory     : Autowiring by type from bean name 'productController' via constructor to bean named 'auctionProductServiceImpl'
2024-08-16T20:42:01.319+09:00 DEBUG 13981 --- [faniverse] [    Test worker] o.s.b.f.s.DefaultListableBeanFactory     : Autowiring by type from bean name 'productController' via constructor to bean named 'userService'
2024-08-16T20:42:01.319+09:00 DEBUG 13981 --- [faniverse] [    Test worker] o.s.b.f.s.DefaultListableBeanFactory     : Autowiring by type from bean name 'productController' via constructor to bean named 'chatRoomService'
2024-08-16T20:42:01.319+09:00 DEBUG 13981 --- [faniverse] [    Test worker] o.s.b.f.s.DefaultListableBeanFactory     : Autowiring by type from bean name 'productController' via constructor to bean named 'userRepository'
2024-08-16T20:42:01.322+09:00 DEBUG 13981 --- [faniverse] [    Test worker] o.s.b.f.s.DefaultListableBeanFactory     : Creating shared instance of singleton bean 'searchController'
2024-08-16T20:42:01.323+09:00 DEBUG 13981 --- [faniverse] [    Test worker] o.s.b.f.s.DefaultListableBeanFactory     : Creating shared instance of singleton bean 'searchService'
2024-08-16T20:42:01.323+09:00 DEBUG 13981 --- [faniverse] [    Test worker] o.s.b.f.s.DefaultListableBeanFactory     : Autowiring by type from bean name 'searchService' via constructor to bean named 'userRepository'
2024-08-16T20:42:01.324+09:00 DEBUG 13981 --- [faniverse] [    Test worker] o.s.b.f.s.DefaultListableBeanFactory     : Autowiring by type from bean name 'searchController' via constructor to bean named 'searchService'
2024-08-16T20:42:01.325+09:00 DEBUG 13981 --- [faniverse] [    Test worker] o.s.b.f.s.DefaultListableBeanFactory     : Creating shared instance of singleton bean 'userController'
2024-08-16T20:42:01.327+09:00 DEBUG 13981 --- [faniverse] [    Test worker] o.s.b.f.s.DefaultListableBeanFactory     : Creating shared instance of singleton bean 'wishlistController'
2024-08-16T20:42:01.329+09:00 DEBUG 13981 --- [faniverse] [    Test worker] o.s.b.f.s.DefaultListableBeanFactory     : Creating shared instance of singleton bean 'wishlistService'
2024-08-16T20:42:01.330+09:00 DEBUG 13981 --- [faniverse] [    Test worker] o.s.b.f.s.DefaultListableBeanFactory     : Creating shared instance of singleton bean 'wishlistRepository'
2024-08-16T20:42:01.331+09:00 DEBUG 13981 --- [faniverse] [    Test worker] o.s.b.f.s.DefaultListableBeanFactory     : Creating shared instance of singleton bean 'jpa.named-queries#7'
2024-08-16T20:42:01.332+09:00 DEBUG 13981 --- [faniverse] [    Test worker] o.s.b.f.s.DefaultListableBeanFactory     : Creating shared instance of singleton bean 'jpa.WishlistRepository.fragments#0'
2024-08-16T20:42:01.332+09:00 DEBUG 13981 --- [faniverse] [    Test worker] tor$SharedEntityManagerInvocationHandler : Creating new EntityManager for shared EntityManager invocation
2024-08-16T20:42:01.333+09:00 DEBUG 13981 --- [faniverse] [    Test worker] o.s.d.r.c.s.RepositoryFactorySupport     : Initializing repository instance for fantastic.faniverse.wishlist.repository.WishlistRepository…
2024-08-16T20:42:01.334+09:00 DEBUG 13981 --- [faniverse] [    Test worker] tor$SharedEntityManagerInvocationHandler : Creating new EntityManager for shared EntityManager invocation
2024-08-16T20:42:01.336+09:00 DEBUG 13981 --- [faniverse] [    Test worker] o.s.d.jpa.repository.query.NamedQuery    : Looking up named query Wishlist.findByUserId
2024-08-16T20:42:01.336+09:00 DEBUG 13981 --- [faniverse] [    Test worker] o.s.d.jpa.repository.query.NamedQuery    : Did not find named query Wishlist.findByUserId
2024-08-16T20:42:01.336+09:00 DEBUG 13981 --- [faniverse] [    Test worker] tor$SharedEntityManagerInvocationHandler : Creating new EntityManager for shared EntityManager invocation
2024-08-16T20:42:01.342+09:00 DEBUG 13981 --- [faniverse] [    Test worker] o.s.d.r.c.s.RepositoryFactorySupport     : Finished creation of repository instance for fantastic.faniverse.wishlist.repository.WishlistRepository.
2024-08-16T20:42:01.345+09:00 DEBUG 13981 --- [faniverse] [    Test worker] o.s.b.f.s.DefaultListableBeanFactory     : Creating shared instance of singleton bean 'org.springframework.security.config.annotation.configuration.ObjectPostProcessorConfiguration'
2024-08-16T20:42:01.345+09:00 DEBUG 13981 --- [faniverse] [    Test worker] o.s.b.f.s.DefaultListableBeanFactory     : Creating shared instance of singleton bean 'objectPostProcessor'
2024-08-16T20:42:01.346+09:00 DEBUG 13981 --- [faniverse] [    Test worker] o.s.b.f.s.DefaultListableBeanFactory     : Autowiring by type from bean name 'objectPostProcessor' via factory method to bean named 'org.springframework.beans.factory.support.DefaultListableBeanFactory@7cb2651f'
2024-08-16T20:42:01.347+09:00 DEBUG 13981 --- [faniverse] [    Test worker] o.s.b.f.s.DefaultListableBeanFactory     : Creating shared instance of singleton bean 'org.springframework.security.config.annotation.authentication.configuration.AuthenticationConfiguration'
2024-08-16T20:42:01.349+09:00 DEBUG 13981 --- [faniverse] [    Test worker] o.s.b.f.s.DefaultListableBeanFactory     : Creating shared instance of singleton bean 'enableGlobalAuthenticationAutowiredConfigurer'
2024-08-16T20:42:01.350+09:00 DEBUG 13981 --- [faniverse] [    Test worker] o.s.b.f.s.DefaultListableBeanFactory     : Autowiring by type from bean name 'enableGlobalAuthenticationAutowiredConfigurer' via factory method to bean named 'org.springframework.web.context.support.GenericWebApplicationContext@7f02251'
2024-08-16T20:42:01.351+09:00 DEBUG 13981 --- [faniverse] [    Test worker] o.s.b.f.s.DefaultListableBeanFactory     : Creating shared instance of singleton bean 'initializeUserDetailsBeanManagerConfigurer'
2024-08-16T20:42:01.352+09:00 DEBUG 13981 --- [faniverse] [    Test worker] o.s.b.f.s.DefaultListableBeanFactory     : Autowiring by type from bean name 'initializeUserDetailsBeanManagerConfigurer' via factory method to bean named 'org.springframework.web.context.support.GenericWebApplicationContext@7f02251'
2024-08-16T20:42:01.353+09:00 DEBUG 13981 --- [faniverse] [    Test worker] o.s.b.f.s.DefaultListableBeanFactory     : Creating shared instance of singleton bean 'initializeAuthenticationProviderBeanManagerConfigurer'
2024-08-16T20:42:01.353+09:00 DEBUG 13981 --- [faniverse] [    Test worker] o.s.b.f.s.DefaultListableBeanFactory     : Autowiring by type from bean name 'initializeAuthenticationProviderBeanManagerConfigurer' via factory method to bean named 'org.springframework.web.context.support.GenericWebApplicationContext@7f02251'
2024-08-16T20:42:01.356+09:00 DEBUG 13981 --- [faniverse] [    Test worker] o.s.b.f.s.DefaultListableBeanFactory     : Creating shared instance of singleton bean 'authenticationManagerBuilder'
2024-08-16T20:42:01.357+09:00 DEBUG 13981 --- [faniverse] [    Test worker] o.s.b.f.s.DefaultListableBeanFactory     : Autowiring by type from bean name 'authenticationManagerBuilder' via factory method to bean named 'objectPostProcessor'
2024-08-16T20:42:01.357+09:00 DEBUG 13981 --- [faniverse] [    Test worker] o.s.b.f.s.DefaultListableBeanFactory     : Autowiring by type from bean name 'authenticationManagerBuilder' via factory method to bean named 'org.springframework.web.context.support.GenericWebApplicationContext@7f02251'
2024-08-16T20:42:01.358+09:00 DEBUG 13981 --- [faniverse] [    Test worker] o.s.b.f.s.DefaultListableBeanFactory     : Creating shared instance of singleton bean 'authenticationEventPublisher'
2024-08-16T20:42:01.358+09:00 DEBUG 13981 --- [faniverse] [    Test worker] o.s.b.f.s.DefaultListableBeanFactory     : Creating shared instance of singleton bean 'org.springframework.boot.autoconfigure.security.servlet.SecurityAutoConfiguration'
2024-08-16T20:42:01.360+09:00 DEBUG 13981 --- [faniverse] [    Test worker] o.s.b.f.s.DefaultListableBeanFactory     : Autowiring by type from bean name 'authenticationEventPublisher' via factory method to bean named 'org.springframework.web.context.support.GenericWebApplicationContext@7f02251'
2024-08-16T20:42:01.371+09:00 DEBUG 13981 --- [faniverse] [    Test worker] o.s.b.f.s.DefaultListableBeanFactory     : Creating shared instance of singleton bean 'org.springframework.security.config.annotation.web.configuration.WebSecurityConfiguration'
2024-08-16T20:42:01.373+09:00 DEBUG 13981 --- [faniverse] [    Test worker] o.s.b.f.s.DefaultListableBeanFactory     : Creating shared instance of singleton bean 'org.springframework.security.config.annotation.web.configuration.HttpSecurityConfiguration'
2024-08-16T20:42:01.378+09:00 DEBUG 13981 --- [faniverse] [    Test worker] o.s.b.f.s.DefaultListableBeanFactory     : Creating shared instance of singleton bean 'mvcContentNegotiationManager'
2024-08-16T20:42:01.378+09:00 DEBUG 13981 --- [faniverse] [    Test worker] o.s.b.f.s.DefaultListableBeanFactory     : Creating shared instance of singleton bean 'org.springframework.boot.autoconfigure.web.servlet.WebMvcAutoConfiguration$EnableWebMvcConfiguration'
2024-08-16T20:42:01.378+09:00 DEBUG 13981 --- [faniverse] [    Test worker] o.s.b.f.s.DefaultListableBeanFactory     : Creating shared instance of singleton bean 'spring.mvc-org.springframework.boot.autoconfigure.web.servlet.WebMvcProperties'
2024-08-16T20:42:01.383+09:00 DEBUG 13981 --- [faniverse] [    Test worker] o.s.b.f.s.DefaultListableBeanFactory     : Creating shared instance of singleton bean 'spring.web-org.springframework.boot.autoconfigure.web.WebProperties'
2024-08-16T20:42:01.387+09:00 DEBUG 13981 --- [faniverse] [    Test worker] o.s.b.f.s.DefaultListableBeanFactory     : Autowiring by type from bean name 'org.springframework.boot.autoconfigure.web.servlet.WebMvcAutoConfiguration$EnableWebMvcConfiguration' via constructor to bean named 'spring.mvc-org.springframework.boot.autoconfigure.web.servlet.WebMvcProperties'
2024-08-16T20:42:01.387+09:00 DEBUG 13981 --- [faniverse] [    Test worker] o.s.b.f.s.DefaultListableBeanFactory     : Autowiring by type from bean name 'org.springframework.boot.autoconfigure.web.servlet.WebMvcAutoConfiguration$EnableWebMvcConfiguration' via constructor to bean named 'spring.web-org.springframework.boot.autoconfigure.web.WebProperties'
2024-08-16T20:42:01.387+09:00 DEBUG 13981 --- [faniverse] [    Test worker] o.s.b.f.s.DefaultListableBeanFactory     : Autowiring by type from bean name 'org.springframework.boot.autoconfigure.web.servlet.WebMvcAutoConfiguration$EnableWebMvcConfiguration' via constructor to bean named 'org.springframework.beans.factory.support.DefaultListableBeanFactory@7cb2651f'
2024-08-16T20:42:01.392+09:00 DEBUG 13981 --- [faniverse] [    Test worker] o.s.b.f.s.DefaultListableBeanFactory     : Creating shared instance of singleton bean 'org.springframework.security.config.annotation.web.configuration.WebMvcSecurityConfiguration'
2024-08-16T20:42:01.393+09:00 DEBUG 13981 --- [faniverse] [    Test worker] o.s.b.f.s.DefaultListableBeanFactory     : Creating shared instance of singleton bean 'org.springframework.security.config.annotation.web.configuration.OAuth2ClientConfiguration$OAuth2ClientWebMvcSecurityConfiguration'
2024-08-16T20:42:01.396+09:00 DEBUG 13981 --- [faniverse] [    Test worker] o.s.b.f.s.DefaultListableBeanFactory     : Creating shared instance of singleton bean 'org.springframework.boot.autoconfigure.web.servlet.WebMvcAutoConfiguration$WebMvcAutoConfigurationAdapter'
2024-08-16T20:42:01.397+09:00 DEBUG 13981 --- [faniverse] [    Test worker] o.s.b.f.s.DefaultListableBeanFactory     : Autowiring by type from bean name 'org.springframework.boot.autoconfigure.web.servlet.WebMvcAutoConfiguration$WebMvcAutoConfigurationAdapter' via constructor to bean named 'spring.web-org.springframework.boot.autoconfigure.web.WebProperties'
2024-08-16T20:42:01.397+09:00 DEBUG 13981 --- [faniverse] [    Test worker] o.s.b.f.s.DefaultListableBeanFactory     : Autowiring by type from bean name 'org.springframework.boot.autoconfigure.web.servlet.WebMvcAutoConfiguration$WebMvcAutoConfigurationAdapter' via constructor to bean named 'spring.mvc-org.springframework.boot.autoconfigure.web.servlet.WebMvcProperties'
2024-08-16T20:42:01.397+09:00 DEBUG 13981 --- [faniverse] [    Test worker] o.s.b.f.s.DefaultListableBeanFactory     : Autowiring by type from bean name 'org.springframework.boot.autoconfigure.web.servlet.WebMvcAutoConfiguration$WebMvcAutoConfigurationAdapter' via constructor to bean named 'org.springframework.beans.factory.support.DefaultListableBeanFactory@7cb2651f'
2024-08-16T20:42:01.400+09:00 DEBUG 13981 --- [faniverse] [    Test worker] o.s.b.f.s.DefaultListableBeanFactory     : Creating shared instance of singleton bean 'openEntityManagerInViewInterceptorConfigurer'
2024-08-16T20:42:01.400+09:00 DEBUG 13981 --- [faniverse] [    Test worker] o.s.b.f.s.DefaultListableBeanFactory     : Creating shared instance of singleton bean 'org.springframework.boot.autoconfigure.orm.jpa.JpaBaseConfiguration$JpaWebConfiguration'
2024-08-16T20:42:01.401+09:00 DEBUG 13981 --- [faniverse] [    Test worker] o.s.b.f.s.DefaultListableBeanFactory     : Autowiring by type from bean name 'org.springframework.boot.autoconfigure.orm.jpa.JpaBaseConfiguration$JpaWebConfiguration' via constructor to bean named 'spring.jpa-org.springframework.boot.autoconfigure.orm.jpa.JpaProperties'
2024-08-16T20:42:01.402+09:00 DEBUG 13981 --- [faniverse] [    Test worker] o.s.b.f.s.DefaultListableBeanFactory     : Creating shared instance of singleton bean 'openEntityManagerInViewInterceptor'
2024-08-16T20:42:01.402+09:00  WARN 13981 --- [faniverse] [    Test worker] JpaBaseConfiguration$JpaWebConfiguration : spring.jpa.open-in-view is enabled by default. Therefore, database queries may be performed during view rendering. Explicitly configure spring.jpa.open-in-view to disable this warning
2024-08-16T20:42:01.406+09:00 DEBUG 13981 --- [faniverse] [    Test worker] o.s.b.f.s.DefaultListableBeanFactory     : Autowiring by type from bean name 'openEntityManagerInViewInterceptorConfigurer' via factory method to bean named 'openEntityManagerInViewInterceptor'
2024-08-16T20:42:01.408+09:00 DEBUG 13981 --- [faniverse] [    Test worker] o.s.b.f.s.DefaultListableBeanFactory     : Creating shared instance of singleton bean 'org.springframework.data.web.config.SpringDataWebConfiguration'
2024-08-16T20:42:01.410+09:00 DEBUG 13981 --- [faniverse] [    Test worker] o.s.b.f.s.DefaultListableBeanFactory     : Autowiring by type from bean name 'org.springframework.data.web.config.SpringDataWebConfiguration' via constructor to bean named 'org.springframework.web.context.support.GenericWebApplicationContext@7f02251'
2024-08-16T20:42:01.433+09:00 DEBUG 13981 --- [faniverse] [    Test worker] swordEncoderAuthenticationManagerBuilder : No authenticationProviders and no parentAuthenticationManager defined. Returning null.
2024-08-16T20:42:01.515+09:00 DEBUG 13981 --- [faniverse] [    Test worker] o.s.b.f.s.DefaultListableBeanFactory     : Creating shared instance of singleton bean 'mvcHandlerMappingIntrospectorRequestTransformer'
2024-08-16T20:42:01.515+09:00 DEBUG 13981 --- [faniverse] [    Test worker] o.s.b.f.s.DefaultListableBeanFactory     : Creating shared instance of singleton bean 'mvcHandlerMappingIntrospector'
2024-08-16T20:42:01.520+09:00 DEBUG 13981 --- [faniverse] [    Test worker] o.s.b.f.s.DefaultListableBeanFactory     : Creating shared instance of singleton bean 'welcomePageHandlerMapping'
2024-08-16T20:42:01.521+09:00 DEBUG 13981 --- [faniverse] [    Test worker] o.s.b.f.s.DefaultListableBeanFactory     : Creating shared instance of singleton bean 'mvcConversionService'
2024-08-16T20:42:01.531+09:00 DEBUG 13981 --- [faniverse] [    Test worker] o.s.b.f.s.DefaultListableBeanFactory     : Creating shared instance of singleton bean 'mvcResourceUrlProvider'
2024-08-16T20:42:01.534+09:00 DEBUG 13981 --- [faniverse] [    Test worker] o.s.b.f.s.DefaultListableBeanFactory     : Autowiring by type from bean name 'welcomePageHandlerMapping' via factory method to bean named 'org.springframework.web.context.support.GenericWebApplicationContext@7f02251'
2024-08-16T20:42:01.534+09:00 DEBUG 13981 --- [faniverse] [    Test worker] o.s.b.f.s.DefaultListableBeanFactory     : Autowiring by type from bean name 'welcomePageHandlerMapping' via factory method to bean named 'mvcConversionService'
2024-08-16T20:42:01.534+09:00 DEBUG 13981 --- [faniverse] [    Test worker] o.s.b.f.s.DefaultListableBeanFactory     : Autowiring by type from bean name 'welcomePageHandlerMapping' via factory method to bean named 'mvcResourceUrlProvider'
2024-08-16T20:42:01.551+09:00 DEBUG 13981 --- [faniverse] [    Test worker] o.s.b.f.s.DefaultListableBeanFactory     : Creating shared instance of singleton bean 'welcomePageNotAcceptableHandlerMapping'
2024-08-16T20:42:01.552+09:00 DEBUG 13981 --- [faniverse] [    Test worker] o.s.b.f.s.DefaultListableBeanFactory     : Autowiring by type from bean name 'welcomePageNotAcceptableHandlerMapping' via factory method to bean named 'org.springframework.web.context.support.GenericWebApplicationContext@7f02251'
2024-08-16T20:42:01.552+09:00 DEBUG 13981 --- [faniverse] [    Test worker] o.s.b.f.s.DefaultListableBeanFactory     : Autowiring by type from bean name 'welcomePageNotAcceptableHandlerMapping' via factory method to bean named 'mvcConversionService'
2024-08-16T20:42:01.552+09:00 DEBUG 13981 --- [faniverse] [    Test worker] o.s.b.f.s.DefaultListableBeanFactory     : Autowiring by type from bean name 'welcomePageNotAcceptableHandlerMapping' via factory method to bean named 'mvcResourceUrlProvider'
2024-08-16T20:42:01.556+09:00 DEBUG 13981 --- [faniverse] [    Test worker] o.s.b.f.s.DefaultListableBeanFactory     : Creating shared instance of singleton bean 'requestMappingHandlerMapping'
2024-08-16T20:42:01.559+09:00 DEBUG 13981 --- [faniverse] [    Test worker] o.s.b.f.s.DefaultListableBeanFactory     : Autowiring by type from bean name 'requestMappingHandlerMapping' via factory method to bean named 'mvcContentNegotiationManager'
2024-08-16T20:42:01.559+09:00 DEBUG 13981 --- [faniverse] [    Test worker] o.s.b.f.s.DefaultListableBeanFactory     : Autowiring by type from bean name 'requestMappingHandlerMapping' via factory method to bean named 'mvcConversionService'
2024-08-16T20:42:01.559+09:00 DEBUG 13981 --- [faniverse] [    Test worker] o.s.b.f.s.DefaultListableBeanFactory     : Autowiring by type from bean name 'requestMappingHandlerMapping' via factory method to bean named 'mvcResourceUrlProvider'
2024-08-16T20:42:01.663+09:00 DEBUG 13981 --- [faniverse] [    Test worker] s.w.s.m.m.a.RequestMappingHandlerMapping : 54 mappings in 'requestMappingHandlerMapping'
2024-08-16T20:42:01.667+09:00 DEBUG 13981 --- [faniverse] [    Test worker] o.s.b.f.s.DefaultListableBeanFactory     : Creating shared instance of singleton bean 'viewControllerHandlerMapping'
2024-08-16T20:42:01.668+09:00 DEBUG 13981 --- [faniverse] [    Test worker] o.s.b.f.s.DefaultListableBeanFactory     : Autowiring by type from bean name 'viewControllerHandlerMapping' via factory method to bean named 'mvcConversionService'
2024-08-16T20:42:01.668+09:00 DEBUG 13981 --- [faniverse] [    Test worker] o.s.b.f.s.DefaultListableBeanFactory     : Autowiring by type from bean name 'viewControllerHandlerMapping' via factory method to bean named 'mvcResourceUrlProvider'
2024-08-16T20:42:01.669+09:00 DEBUG 13981 --- [faniverse] [    Test worker] o.s.b.f.s.DefaultListableBeanFactory     : Creating shared instance of singleton bean 'beanNameHandlerMapping'
2024-08-16T20:42:01.670+09:00 DEBUG 13981 --- [faniverse] [    Test worker] o.s.b.f.s.DefaultListableBeanFactory     : Autowiring by type from bean name 'beanNameHandlerMapping' via factory method to bean named 'mvcConversionService'
2024-08-16T20:42:01.670+09:00 DEBUG 13981 --- [faniverse] [    Test worker] o.s.b.f.s.DefaultListableBeanFactory     : Autowiring by type from bean name 'beanNameHandlerMapping' via factory method to bean named 'mvcResourceUrlProvider'
2024-08-16T20:42:01.791+09:00 DEBUG 13981 --- [faniverse] [    Test worker] o.s.b.f.s.DefaultListableBeanFactory     : Creating shared instance of singleton bean 'routerFunctionMapping'
2024-08-16T20:42:01.793+09:00 DEBUG 13981 --- [faniverse] [    Test worker] o.s.b.f.s.DefaultListableBeanFactory     : Autowiring by type from bean name 'routerFunctionMapping' via factory method to bean named 'mvcConversionService'
2024-08-16T20:42:01.793+09:00 DEBUG 13981 --- [faniverse] [    Test worker] o.s.b.f.s.DefaultListableBeanFactory     : Autowiring by type from bean name 'routerFunctionMapping' via factory method to bean named 'mvcResourceUrlProvider'
2024-08-16T20:42:01.797+09:00 DEBUG 13981 --- [faniverse] [    Test worker] o.s.b.f.s.DefaultListableBeanFactory     : Creating shared instance of singleton bean 'messageConverters'
2024-08-16T20:42:01.798+09:00 DEBUG 13981 --- [faniverse] [    Test worker] o.s.b.f.s.DefaultListableBeanFactory     : Creating shared instance of singleton bean 'org.springframework.boot.autoconfigure.http.HttpMessageConvertersAutoConfiguration'
2024-08-16T20:42:01.804+09:00 DEBUG 13981 --- [faniverse] [    Test worker] o.s.b.f.s.DefaultListableBeanFactory     : Creating shared instance of singleton bean 'stringHttpMessageConverter'
2024-08-16T20:42:01.804+09:00 DEBUG 13981 --- [faniverse] [    Test worker] o.s.b.f.s.DefaultListableBeanFactory     : Creating shared instance of singleton bean 'org.springframework.boot.autoconfigure.http.HttpMessageConvertersAutoConfiguration$StringHttpMessageConverterConfiguration'
2024-08-16T20:42:01.808+09:00 DEBUG 13981 --- [faniverse] [    Test worker] o.s.b.f.s.DefaultListableBeanFactory     : Autowiring by type from bean name 'stringHttpMessageConverter' via factory method to bean named 'environment'
2024-08-16T20:42:01.817+09:00 DEBUG 13981 --- [faniverse] [    Test worker] o.s.b.f.s.DefaultListableBeanFactory     : Creating shared instance of singleton bean 'mappingJackson2HttpMessageConverter'
2024-08-16T20:42:01.817+09:00 DEBUG 13981 --- [faniverse] [    Test worker] o.s.b.f.s.DefaultListableBeanFactory     : Creating shared instance of singleton bean 'org.springframework.boot.autoconfigure.http.JacksonHttpMessageConvertersConfiguration$MappingJackson2HttpMessageConverterConfiguration'
2024-08-16T20:42:01.819+09:00 DEBUG 13981 --- [faniverse] [    Test worker] o.s.b.f.s.DefaultListableBeanFactory     : Creating shared instance of singleton bean 'jacksonObjectMapper'
2024-08-16T20:42:01.819+09:00 DEBUG 13981 --- [faniverse] [    Test worker] o.s.b.f.s.DefaultListableBeanFactory     : Creating shared instance of singleton bean 'org.springframework.boot.autoconfigure.jackson.JacksonAutoConfiguration$JacksonObjectMapperConfiguration'
2024-08-16T20:42:01.821+09:00 DEBUG 13981 --- [faniverse] [    Test worker] o.s.b.f.s.DefaultListableBeanFactory     : Creating shared instance of singleton bean 'org.springframework.boot.autoconfigure.jackson.JacksonAutoConfiguration$JacksonObjectMapperBuilderConfiguration'
2024-08-16T20:42:01.822+09:00 DEBUG 13981 --- [faniverse] [    Test worker] o.s.b.f.s.DefaultListableBeanFactory     : Creating shared instance of singleton bean 'standardJacksonObjectMapperBuilderCustomizer'
2024-08-16T20:42:01.822+09:00 DEBUG 13981 --- [faniverse] [    Test worker] o.s.b.f.s.DefaultListableBeanFactory     : Creating shared instance of singleton bean 'org.springframework.boot.autoconfigure.jackson.JacksonAutoConfiguration$Jackson2ObjectMapperBuilderCustomizerConfiguration'
2024-08-16T20:42:01.823+09:00 DEBUG 13981 --- [faniverse] [    Test worker] o.s.b.f.s.DefaultListableBeanFactory     : Creating shared instance of singleton bean 'spring.jackson-org.springframework.boot.autoconfigure.jackson.JacksonProperties'
2024-08-16T20:42:01.828+09:00 DEBUG 13981 --- [faniverse] [    Test worker] o.s.b.f.s.DefaultListableBeanFactory     : Autowiring by type from bean name 'standardJacksonObjectMapperBuilderCustomizer' via factory method to bean named 'spring.jackson-org.springframework.boot.autoconfigure.jackson.JacksonProperties'
2024-08-16T20:42:01.830+09:00 DEBUG 13981 --- [faniverse] [    Test worker] o.s.b.f.s.DefaultListableBeanFactory     : Creating shared instance of singleton bean 'parameterNamesModule'
2024-08-16T20:42:01.830+09:00 DEBUG 13981 --- [faniverse] [    Test worker] o.s.b.f.s.DefaultListableBeanFactory     : Creating shared instance of singleton bean 'org.springframework.boot.autoconfigure.jackson.JacksonAutoConfiguration$ParameterNamesModuleConfiguration'
2024-08-16T20:42:01.845+09:00 DEBUG 13981 --- [faniverse] [    Test worker] o.s.b.f.s.DefaultListableBeanFactory     : Creating shared instance of singleton bean 'jsonMixinModule'
2024-08-16T20:42:01.845+09:00 DEBUG 13981 --- [faniverse] [    Test worker] o.s.b.f.s.DefaultListableBeanFactory     : Creating shared instance of singleton bean 'org.springframework.boot.autoconfigure.jackson.JacksonAutoConfiguration$JacksonMixinConfiguration'
2024-08-16T20:42:01.847+09:00 DEBUG 13981 --- [faniverse] [    Test worker] o.s.b.f.s.DefaultListableBeanFactory     : Creating shared instance of singleton bean 'jsonMixinModuleEntries'
2024-08-16T20:42:01.847+09:00 DEBUG 13981 --- [faniverse] [    Test worker] o.s.b.f.s.DefaultListableBeanFactory     : Autowiring by type from bean name 'jsonMixinModuleEntries' via factory method to bean named 'org.springframework.web.context.support.GenericWebApplicationContext@7f02251'
2024-08-16T20:42:01.867+09:00 DEBUG 13981 --- [faniverse] [    Test worker] o.s.b.f.s.DefaultListableBeanFactory     : Autowiring by type from bean name 'jsonMixinModule' via factory method to bean named 'org.springframework.web.context.support.GenericWebApplicationContext@7f02251'
2024-08-16T20:42:01.868+09:00 DEBUG 13981 --- [faniverse] [    Test worker] o.s.b.f.s.DefaultListableBeanFactory     : Autowiring by type from bean name 'jsonMixinModule' via factory method to bean named 'jsonMixinModuleEntries'
2024-08-16T20:42:01.871+09:00 DEBUG 13981 --- [faniverse] [    Test worker] o.s.b.f.s.DefaultListableBeanFactory     : Creating shared instance of singleton bean 'jsonComponentModule'
2024-08-16T20:42:01.873+09:00 DEBUG 13981 --- [faniverse] [    Test worker] o.s.b.f.s.DefaultListableBeanFactory     : Creating shared instance of singleton bean 'org.springframework.boot.autoconfigure.jackson.JacksonAutoConfiguration'
2024-08-16T20:42:01.882+09:00 DEBUG 13981 --- [faniverse] [    Test worker] o.s.b.f.s.DefaultListableBeanFactory     : Creating shared instance of singleton bean 'jacksonGeoModule'
2024-08-16T20:42:01.883+09:00 DEBUG 13981 --- [faniverse] [    Test worker] o.s.b.f.s.DefaultListableBeanFactory     : Creating shared instance of singleton bean 'org.springframework.data.web.config.SpringDataJacksonConfiguration'
2024-08-16T20:42:01.887+09:00 DEBUG 13981 --- [faniverse] [    Test worker] o.s.b.f.s.DefaultListableBeanFactory     : Creating shared instance of singleton bean 'org.springframework.data.web.config.SpringDataWebSettings'
2024-08-16T20:42:01.892+09:00 DEBUG 13981 --- [faniverse] [    Test worker] o.s.b.f.s.DefaultListableBeanFactory     : Creating shared instance of singleton bean 'pageModule'
2024-08-16T20:42:01.897+09:00 DEBUG 13981 --- [faniverse] [    Test worker] o.s.b.f.s.DefaultListableBeanFactory     : Autowiring by type from bean name 'jacksonObjectMapperBuilder' via factory method to bean named 'org.springframework.web.context.support.GenericWebApplicationContext@7f02251'
2024-08-16T20:42:01.897+09:00 DEBUG 13981 --- [faniverse] [    Test worker] o.s.b.f.s.DefaultListableBeanFactory     : Autowiring by type from bean name 'jacksonObjectMapperBuilder' via factory method to bean named 'standardJacksonObjectMapperBuilderCustomizer'
2024-08-16T20:42:01.900+09:00 DEBUG 13981 --- [faniverse] [    Test worker] o.s.b.f.s.DefaultListableBeanFactory     : Autowiring by type from bean name 'jacksonObjectMapper' via factory method to bean named 'jacksonObjectMapperBuilder'
2024-08-16T20:42:01.920+09:00 DEBUG 13981 --- [faniverse] [    Test worker] o.s.b.f.s.DefaultListableBeanFactory     : Autowiring by type from bean name 'mappingJackson2HttpMessageConverter' via factory method to bean named 'jacksonObjectMapper'
2024-08-16T20:42:01.980+09:00 DEBUG 13981 --- [faniverse] [    Test worker] o.s.b.f.s.DefaultListableBeanFactory     : Creating shared instance of singleton bean 'resourceHandlerMapping'
2024-08-16T20:42:01.981+09:00 DEBUG 13981 --- [faniverse] [    Test worker] o.s.b.f.s.DefaultListableBeanFactory     : Autowiring by type from bean name 'resourceHandlerMapping' via factory method to bean named 'mvcContentNegotiationManager'
2024-08-16T20:42:01.981+09:00 DEBUG 13981 --- [faniverse] [    Test worker] o.s.b.f.s.DefaultListableBeanFactory     : Autowiring by type from bean name 'resourceHandlerMapping' via factory method to bean named 'mvcConversionService'
2024-08-16T20:42:01.981+09:00 DEBUG 13981 --- [faniverse] [    Test worker] o.s.b.f.s.DefaultListableBeanFactory     : Autowiring by type from bean name 'resourceHandlerMapping' via factory method to bean named 'mvcResourceUrlProvider'
2024-08-16T20:42:01.995+09:00 DEBUG 13981 --- [faniverse] [    Test worker] o.s.w.s.handler.SimpleUrlHandlerMapping  : Patterns [/webjars/**, /**] in 'resourceHandlerMapping'
2024-08-16T20:42:01.996+09:00 DEBUG 13981 --- [faniverse] [    Test worker] o.s.b.f.s.DefaultListableBeanFactory     : Creating shared instance of singleton bean 'defaultServletHandlerMapping'
2024-08-16T20:42:02.003+09:00 DEBUG 13981 --- [faniverse] [    Test worker] o.s.b.f.s.DefaultListableBeanFactory     : Creating shared instance of singleton bean 'securityFilterChain'
2024-08-16T20:42:02.004+09:00 DEBUG 13981 --- [faniverse] [    Test worker] o.s.b.f.s.DefaultListableBeanFactory     : Autowiring by type from bean name 'securityFilterChain' via factory method to bean named 'org.springframework.security.config.annotation.web.configuration.HttpSecurityConfiguration.httpSecurity'
2024-08-16T20:42:02.052+09:00  INFO 13981 --- [faniverse] [    Test worker] o.s.s.web.DefaultSecurityFilterChain     : Will secure any request with [org.springframework.security.web.session.DisableEncodeUrlFilter@248ad8a1, org.springframework.security.web.context.request.async.WebAsyncManagerIntegrationFilter@6eb1a122, org.springframework.security.web.context.SecurityContextHolderFilter@2dd7a886, org.springframework.security.web.header.HeaderWriterFilter@977a4ce, org.springframework.web.filter.CorsFilter@4c669afb, org.springframework.security.web.authentication.logout.LogoutFilter@58d7a3bb, org.springframework.security.web.authentication.UsernamePasswordAuthenticationFilter@70b9cdcc, org.springframework.security.web.authentication.ui.DefaultLoginPageGeneratingFilter@2e7da886, org.springframework.security.web.authentication.ui.DefaultLogoutPageGeneratingFilter@15dba9f9, org.springframework.security.web.authentication.www.BasicAuthenticationFilter@41116c0e, org.springframework.security.web.savedrequest.RequestCacheAwareFilter@57c2bedf, org.springframework.security.web.servletapi.SecurityContextHolderAwareRequestFilter@17e77d57, org.springframework.security.web.authentication.AnonymousAuthenticationFilter@67662433, org.springframework.security.web.access.ExceptionTranslationFilter@18505320, org.springframework.security.web.access.intercept.AuthorizationFilter@7ef59e5d]
2024-08-16T20:42:02.055+09:00 DEBUG 13981 --- [faniverse] [    Test worker] o.s.b.f.s.DefaultListableBeanFactory     : Creating shared instance of singleton bean 'delegatingApplicationListener'
2024-08-16T20:42:02.056+09:00 DEBUG 13981 --- [faniverse] [    Test worker] o.s.b.f.s.DefaultListableBeanFactory     : Creating shared instance of singleton bean 'springSecurityFilterChain'
2024-08-16T20:42:02.071+09:00 DEBUG 13981 --- [faniverse] [    Test worker] o.s.b.f.s.DefaultListableBeanFactory     : Creating shared instance of singleton bean 'webSecurityExpressionHandler'
2024-08-16T20:42:02.072+09:00 DEBUG 13981 --- [faniverse] [    Test worker] o.s.b.f.s.DefaultListableBeanFactory     : Creating shared instance of singleton bean 'privilegeEvaluator'
2024-08-16T20:42:02.073+09:00 DEBUG 13981 --- [faniverse] [    Test worker] o.s.b.f.s.DefaultListableBeanFactory     : Creating shared instance of singleton bean 'requestDataValueProcessor'
2024-08-16T20:42:02.075+09:00 DEBUG 13981 --- [faniverse] [    Test worker] o.s.b.f.s.DefaultListableBeanFactory     : Creating shared instance of singleton bean 'org.springframework.security.config.annotation.web.configuration.OAuth2ClientConfiguration'
2024-08-16T20:42:02.077+09:00 DEBUG 13981 --- [faniverse] [    Test worker] o.s.b.f.s.DefaultListableBeanFactory     : Creating shared instance of singleton bean 'org.springframework.boot.autoconfigure.context.PropertyPlaceholderAutoConfiguration'
2024-08-16T20:42:02.078+09:00 DEBUG 13981 --- [faniverse] [    Test worker] o.s.b.f.s.DefaultListableBeanFactory     : Creating shared instance of singleton bean 'org.springframework.boot.autoconfigure.ssl.SslAutoConfiguration'
2024-08-16T20:42:02.079+09:00 DEBUG 13981 --- [faniverse] [    Test worker] o.s.b.f.s.DefaultListableBeanFactory     : Creating shared instance of singleton bean 'spring.ssl-org.springframework.boot.autoconfigure.ssl.SslProperties'
2024-08-16T20:42:02.081+09:00 DEBUG 13981 --- [faniverse] [    Test worker] o.s.b.f.s.DefaultListableBeanFactory     : Autowiring by type from bean name 'org.springframework.boot.autoconfigure.ssl.SslAutoConfiguration' via constructor to bean named 'spring.ssl-org.springframework.boot.autoconfigure.ssl.SslProperties'
2024-08-16T20:42:02.082+09:00 DEBUG 13981 --- [faniverse] [    Test worker] o.s.b.f.s.DefaultListableBeanFactory     : Creating shared instance of singleton bean 'fileWatcher'
2024-08-16T20:42:02.083+09:00 DEBUG 13981 --- [faniverse] [    Test worker] o.s.b.f.s.DefaultListableBeanFactory     : Creating shared instance of singleton bean 'sslPropertiesSslBundleRegistrar'
2024-08-16T20:42:02.084+09:00 DEBUG 13981 --- [faniverse] [    Test worker] o.s.b.f.s.DefaultListableBeanFactory     : Autowiring by type from bean name 'sslPropertiesSslBundleRegistrar' via factory method to bean named 'fileWatcher'
2024-08-16T20:42:02.086+09:00 DEBUG 13981 --- [faniverse] [    Test worker] o.s.b.f.s.DefaultListableBeanFactory     : Creating shared instance of singleton bean 'sslBundleRegistry'
2024-08-16T20:42:02.091+09:00 DEBUG 13981 --- [faniverse] [    Test worker] o.s.b.f.s.DefaultListableBeanFactory     : Creating shared instance of singleton bean 'org.springframework.boot.autoconfigure.websocket.servlet.WebSocketServletAutoConfiguration$TomcatWebSocketConfiguration'
2024-08-16T20:42:02.091+09:00 DEBUG 13981 --- [faniverse] [    Test worker] o.s.b.f.s.DefaultListableBeanFactory     : Creating shared instance of singleton bean 'websocketServletWebServerCustomizer'
2024-08-16T20:42:02.094+09:00 DEBUG 13981 --- [faniverse] [    Test worker] o.s.b.f.s.DefaultListableBeanFactory     : Creating shared instance of singleton bean 'org.springframework.boot.autoconfigure.websocket.servlet.WebSocketServletAutoConfiguration'
2024-08-16T20:42:02.095+09:00 DEBUG 13981 --- [faniverse] [    Test worker] o.s.b.f.s.DefaultListableBeanFactory     : Creating shared instance of singleton bean 'org.springframework.boot.autoconfigure.web.servlet.ServletWebServerFactoryConfiguration$EmbeddedTomcat'
2024-08-16T20:42:02.095+09:00 DEBUG 13981 --- [faniverse] [    Test worker] o.s.b.f.s.DefaultListableBeanFactory     : Creating shared instance of singleton bean 'tomcatServletWebServerFactory'
2024-08-16T20:42:02.138+09:00 DEBUG 13981 --- [faniverse] [    Test worker] o.s.b.f.s.DefaultListableBeanFactory     : Creating shared instance of singleton bean 'servletWebServerFactoryCustomizer'
2024-08-16T20:42:02.138+09:00 DEBUG 13981 --- [faniverse] [    Test worker] o.s.b.f.s.DefaultListableBeanFactory     : Creating shared instance of singleton bean 'org.springframework.boot.autoconfigure.web.servlet.ServletWebServerFactoryAutoConfiguration'
2024-08-16T20:42:02.140+09:00 DEBUG 13981 --- [faniverse] [    Test worker] o.s.b.f.s.DefaultListableBeanFactory     : Creating shared instance of singleton bean 'server-org.springframework.boot.autoconfigure.web.ServerProperties'
2024-08-16T20:42:02.150+09:00 DEBUG 13981 --- [faniverse] [    Test worker] o.s.b.f.s.DefaultListableBeanFactory     : Autowiring by type from bean name 'servletWebServerFactoryCustomizer' via factory method to bean named 'server-org.springframework.boot.autoconfigure.web.ServerProperties'
2024-08-16T20:42:02.153+09:00 DEBUG 13981 --- [faniverse] [    Test worker] o.s.b.f.s.DefaultListableBeanFactory     : Creating shared instance of singleton bean 'tomcatServletWebServerFactoryCustomizer'
2024-08-16T20:42:02.153+09:00 DEBUG 13981 --- [faniverse] [    Test worker] o.s.b.f.s.DefaultListableBeanFactory     : Autowiring by type from bean name 'tomcatServletWebServerFactoryCustomizer' via factory method to bean named 'server-org.springframework.boot.autoconfigure.web.ServerProperties'
2024-08-16T20:42:02.154+09:00 DEBUG 13981 --- [faniverse] [    Test worker] o.s.b.f.s.DefaultListableBeanFactory     : Creating shared instance of singleton bean 'localeCharsetMappingsCustomizer'
2024-08-16T20:42:02.154+09:00 DEBUG 13981 --- [faniverse] [    Test worker] o.s.b.f.s.DefaultListableBeanFactory     : Creating shared instance of singleton bean 'org.springframework.boot.autoconfigure.web.servlet.HttpEncodingAutoConfiguration'
2024-08-16T20:42:02.155+09:00 DEBUG 13981 --- [faniverse] [    Test worker] o.s.b.f.s.DefaultListableBeanFactory     : Autowiring by type from bean name 'org.springframework.boot.autoconfigure.web.servlet.HttpEncodingAutoConfiguration' via constructor to bean named 'server-org.springframework.boot.autoconfigure.web.ServerProperties'
2024-08-16T20:42:02.169+09:00 DEBUG 13981 --- [faniverse] [    Test worker] o.s.b.f.s.DefaultListableBeanFactory     : Creating shared instance of singleton bean 'errorPageCustomizer'
2024-08-16T20:42:02.169+09:00 DEBUG 13981 --- [faniverse] [    Test worker] o.s.b.f.s.DefaultListableBeanFactory     : Creating shared instance of singleton bean 'org.springframework.boot.autoconfigure.web.servlet.error.ErrorMvcAutoConfiguration'
2024-08-16T20:42:02.169+09:00 DEBUG 13981 --- [faniverse] [    Test worker] o.s.b.f.s.DefaultListableBeanFactory     : Autowiring by type from bean name 'org.springframework.boot.autoconfigure.web.servlet.error.ErrorMvcAutoConfiguration' via constructor to bean named 'server-org.springframework.boot.autoconfigure.web.ServerProperties'
2024-08-16T20:42:02.170+09:00 DEBUG 13981 --- [faniverse] [    Test worker] o.s.b.f.s.DefaultListableBeanFactory     : Creating shared instance of singleton bean 'dispatcherServletRegistration'
2024-08-16T20:42:02.171+09:00 DEBUG 13981 --- [faniverse] [    Test worker] o.s.b.f.s.DefaultListableBeanFactory     : Creating shared instance of singleton bean 'org.springframework.boot.autoconfigure.web.servlet.DispatcherServletAutoConfiguration$DispatcherServletRegistrationConfiguration'
2024-08-16T20:42:02.172+09:00 DEBUG 13981 --- [faniverse] [    Test worker] o.s.b.f.s.DefaultListableBeanFactory     : Creating shared instance of singleton bean 'dispatcherServlet'
2024-08-16T20:42:02.172+09:00 DEBUG 13981 --- [faniverse] [    Test worker] o.s.b.f.s.DefaultListableBeanFactory     : Creating shared instance of singleton bean 'org.springframework.boot.autoconfigure.web.servlet.DispatcherServletAutoConfiguration$DispatcherServletConfiguration'
2024-08-16T20:42:02.173+09:00 DEBUG 13981 --- [faniverse] [    Test worker] o.s.b.f.s.DefaultListableBeanFactory     : Autowiring by type from bean name 'dispatcherServlet' via factory method to bean named 'spring.mvc-org.springframework.boot.autoconfigure.web.servlet.WebMvcProperties'
2024-08-16T20:42:02.184+09:00 DEBUG 13981 --- [faniverse] [    Test worker] o.s.b.f.s.DefaultListableBeanFactory     : Autowiring by type from bean name 'dispatcherServletRegistration' via factory method to bean named 'dispatcherServlet'
2024-08-16T20:42:02.185+09:00 DEBUG 13981 --- [faniverse] [    Test worker] o.s.b.f.s.DefaultListableBeanFactory     : Autowiring by type from bean name 'dispatcherServletRegistration' via factory method to bean named 'spring.mvc-org.springframework.boot.autoconfigure.web.servlet.WebMvcProperties'
2024-08-16T20:42:02.187+09:00 DEBUG 13981 --- [faniverse] [    Test worker] o.s.b.f.s.DefaultListableBeanFactory     : Creating shared instance of singleton bean 'multipartConfigElement'
2024-08-16T20:42:02.187+09:00 DEBUG 13981 --- [faniverse] [    Test worker] o.s.b.f.s.DefaultListableBeanFactory     : Creating shared instance of singleton bean 'org.springframework.boot.autoconfigure.web.servlet.MultipartAutoConfiguration'
2024-08-16T20:42:02.188+09:00 DEBUG 13981 --- [faniverse] [    Test worker] o.s.b.f.s.DefaultListableBeanFactory     : Creating shared instance of singleton bean 'spring.servlet.multipart-org.springframework.boot.autoconfigure.web.servlet.MultipartProperties'
2024-08-16T20:42:02.193+09:00 DEBUG 13981 --- [faniverse] [    Test worker] o.s.b.f.s.DefaultListableBeanFactory     : Autowiring by type from bean name 'org.springframework.boot.autoconfigure.web.servlet.MultipartAutoConfiguration' via constructor to bean named 'spring.servlet.multipart-org.springframework.boot.autoconfigure.web.servlet.MultipartProperties'
2024-08-16T20:42:02.198+09:00 DEBUG 13981 --- [faniverse] [    Test worker] o.s.b.f.s.DefaultListableBeanFactory     : Autowiring by type from bean name 'errorPageCustomizer' via factory method to bean named 'dispatcherServletRegistration'
2024-08-16T20:42:02.201+09:00 DEBUG 13981 --- [faniverse] [    Test worker] o.s.b.f.s.DefaultListableBeanFactory     : Creating shared instance of singleton bean 'org.springframework.boot.autoconfigure.web.servlet.DispatcherServletAutoConfiguration'
2024-08-16T20:42:02.202+09:00 DEBUG 13981 --- [faniverse] [    Test worker] o.s.b.f.s.DefaultListableBeanFactory     : Creating shared instance of singleton bean 'org.springframework.boot.autoconfigure.task.TaskExecutorConfigurations$ThreadPoolTaskExecutorBuilderConfiguration'
2024-08-16T20:42:02.202+09:00 DEBUG 13981 --- [faniverse] [    Test worker] o.s.b.f.s.DefaultListableBeanFactory     : Creating shared instance of singleton bean 'threadPoolTaskExecutorBuilder'
2024-08-16T20:42:02.203+09:00 DEBUG 13981 --- [faniverse] [    Test worker] o.s.b.f.s.DefaultListableBeanFactory     : Creating shared instance of singleton bean 'spring.task.execution-org.springframework.boot.autoconfigure.task.TaskExecutionProperties'
2024-08-16T20:42:02.204+09:00 DEBUG 13981 --- [faniverse] [    Test worker] o.s.b.f.s.DefaultListableBeanFactory     : Autowiring by type from bean name 'threadPoolTaskExecutorBuilder' via factory method to bean named 'spring.task.execution-org.springframework.boot.autoconfigure.task.TaskExecutionProperties'
2024-08-16T20:42:02.208+09:00 DEBUG 13981 --- [faniverse] [    Test worker] o.s.b.f.s.DefaultListableBeanFactory     : Creating shared instance of singleton bean 'org.springframework.boot.autoconfigure.task.TaskExecutorConfigurations$TaskExecutorBuilderConfiguration'
2024-08-16T20:42:02.209+09:00 DEBUG 13981 --- [faniverse] [    Test worker] o.s.b.f.s.DefaultListableBeanFactory     : Creating shared instance of singleton bean 'taskExecutorBuilder'
2024-08-16T20:42:02.210+09:00 DEBUG 13981 --- [faniverse] [    Test worker] o.s.b.f.s.DefaultListableBeanFactory     : Autowiring by type from bean name 'taskExecutorBuilder' via factory method to bean named 'spring.task.execution-org.springframework.boot.autoconfigure.task.TaskExecutionProperties'
2024-08-16T20:42:02.212+09:00 DEBUG 13981 --- [faniverse] [    Test worker] o.s.b.f.s.DefaultListableBeanFactory     : Creating shared instance of singleton bean 'org.springframework.boot.autoconfigure.task.TaskExecutorConfigurations$SimpleAsyncTaskExecutorBuilderConfiguration'
2024-08-16T20:42:02.212+09:00 DEBUG 13981 --- [faniverse] [    Test worker] o.s.b.f.s.DefaultListableBeanFactory     : Autowiring by type from bean name 'org.springframework.boot.autoconfigure.task.TaskExecutorConfigurations$SimpleAsyncTaskExecutorBuilderConfiguration' via constructor to bean named 'spring.task.execution-org.springframework.boot.autoconfigure.task.TaskExecutionProperties'
2024-08-16T20:42:02.213+09:00 DEBUG 13981 --- [faniverse] [    Test worker] o.s.b.f.s.DefaultListableBeanFactory     : Creating shared instance of singleton bean 'simpleAsyncTaskExecutorBuilder'
2024-08-16T20:42:02.215+09:00 DEBUG 13981 --- [faniverse] [    Test worker] o.s.b.f.s.DefaultListableBeanFactory     : Creating shared instance of singleton bean 'org.springframework.boot.autoconfigure.task.TaskExecutorConfigurations$TaskExecutorConfiguration'
2024-08-16T20:42:02.215+09:00 DEBUG 13981 --- [faniverse] [    Test worker] o.s.b.f.s.DefaultListableBeanFactory     : Creating shared instance of singleton bean 'org.springframework.boot.autoconfigure.task.TaskExecutionAutoConfiguration'
2024-08-16T20:42:02.216+09:00 DEBUG 13981 --- [faniverse] [    Test worker] o.s.b.f.s.DefaultListableBeanFactory     : Creating shared instance of singleton bean 'org.springframework.boot.autoconfigure.validation.ValidationAutoConfiguration'
2024-08-16T20:42:02.216+09:00 DEBUG 13981 --- [faniverse] [    Test worker] o.s.b.f.s.DefaultListableBeanFactory     : Creating shared instance of singleton bean 'defaultValidator'
2024-08-16T20:42:02.217+09:00 DEBUG 13981 --- [faniverse] [    Test worker] o.s.b.f.s.DefaultListableBeanFactory     : Autowiring by type from bean name 'defaultValidator' via factory method to bean named 'org.springframework.web.context.support.GenericWebApplicationContext@7f02251'
2024-08-16T20:42:02.233+09:00 DEBUG 13981 --- [faniverse] [    Test worker] o.s.b.f.s.DefaultListableBeanFactory     : Creating shared instance of singleton bean 'org.springframework.boot.autoconfigure.web.servlet.error.ErrorMvcAutoConfiguration$WhitelabelErrorViewConfiguration'
2024-08-16T20:42:02.234+09:00 DEBUG 13981 --- [faniverse] [    Test worker] o.s.b.f.s.DefaultListableBeanFactory     : Creating shared instance of singleton bean 'error'
2024-08-16T20:42:02.234+09:00 DEBUG 13981 --- [faniverse] [    Test worker] o.s.b.f.s.DefaultListableBeanFactory     : Creating shared instance of singleton bean 'beanNameViewResolver'
2024-08-16T20:42:02.235+09:00 DEBUG 13981 --- [faniverse] [    Test worker] o.s.b.f.s.DefaultListableBeanFactory     : Creating shared instance of singleton bean 'org.springframework.boot.autoconfigure.web.servlet.error.ErrorMvcAutoConfiguration$DefaultErrorViewResolverConfiguration'
2024-08-16T20:42:02.235+09:00 DEBUG 13981 --- [faniverse] [    Test worker] o.s.b.f.s.DefaultListableBeanFactory     : Autowiring by type from bean name 'org.springframework.boot.autoconfigure.web.servlet.error.ErrorMvcAutoConfiguration$DefaultErrorViewResolverConfiguration' via constructor to bean named 'org.springframework.web.context.support.GenericWebApplicationContext@7f02251'
2024-08-16T20:42:02.235+09:00 DEBUG 13981 --- [faniverse] [    Test worker] o.s.b.f.s.DefaultListableBeanFactory     : Autowiring by type from bean name 'org.springframework.boot.autoconfigure.web.servlet.error.ErrorMvcAutoConfiguration$DefaultErrorViewResolverConfiguration' via constructor to bean named 'spring.web-org.springframework.boot.autoconfigure.web.WebProperties'
2024-08-16T20:42:02.236+09:00 DEBUG 13981 --- [faniverse] [    Test worker] o.s.b.f.s.DefaultListableBeanFactory     : Creating shared instance of singleton bean 'conventionErrorViewResolver'
2024-08-16T20:42:02.237+09:00 DEBUG 13981 --- [faniverse] [    Test worker] o.s.b.f.s.DefaultListableBeanFactory     : Creating shared instance of singleton bean 'errorAttributes'
2024-08-16T20:42:02.238+09:00 DEBUG 13981 --- [faniverse] [    Test worker] o.s.b.f.s.DefaultListableBeanFactory     : Creating shared instance of singleton bean 'basicErrorController'
2024-08-16T20:42:02.239+09:00 DEBUG 13981 --- [faniverse] [    Test worker] o.s.b.f.s.DefaultListableBeanFactory     : Autowiring by type from bean name 'basicErrorController' via factory method to bean named 'errorAttributes'
2024-08-16T20:42:02.240+09:00 DEBUG 13981 --- [faniverse] [    Test worker] o.s.b.f.s.DefaultListableBeanFactory     : Creating shared instance of singleton bean 'localeResolver'
2024-08-16T20:42:02.242+09:00 DEBUG 13981 --- [faniverse] [    Test worker] o.s.b.f.s.DefaultListableBeanFactory     : Creating shared instance of singleton bean 'themeResolver'
2024-08-16T20:42:02.244+09:00 DEBUG 13981 --- [faniverse] [    Test worker] o.s.b.f.s.DefaultListableBeanFactory     : Creating shared instance of singleton bean 'flashMapManager'
2024-08-16T20:42:02.247+09:00 DEBUG 13981 --- [faniverse] [    Test worker] o.s.b.f.s.DefaultListableBeanFactory     : Creating shared instance of singleton bean 'mvcValidator'
2024-08-16T20:42:02.248+09:00 DEBUG 13981 --- [faniverse] [    Test worker] o.s.b.f.s.DefaultListableBeanFactory     : Creating shared instance of singleton bean 'mvcPatternParser'
2024-08-16T20:42:02.249+09:00 DEBUG 13981 --- [faniverse] [    Test worker] o.s.b.f.s.DefaultListableBeanFactory     : Creating shared instance of singleton bean 'mvcUrlPathHelper'
2024-08-16T20:42:02.250+09:00 DEBUG 13981 --- [faniverse] [    Test worker] o.s.b.f.s.DefaultListableBeanFactory     : Creating shared instance of singleton bean 'mvcPathMatcher'
2024-08-16T20:42:02.251+09:00 DEBUG 13981 --- [faniverse] [    Test worker] o.s.b.f.s.DefaultListableBeanFactory     : Creating shared instance of singleton bean 'requestMappingHandlerAdapter'
2024-08-16T20:42:02.252+09:00 DEBUG 13981 --- [faniverse] [    Test worker] o.s.b.f.s.DefaultListableBeanFactory     : Autowiring by type from bean name 'requestMappingHandlerAdapter' via factory method to bean named 'mvcContentNegotiationManager'
2024-08-16T20:42:02.252+09:00 DEBUG 13981 --- [faniverse] [    Test worker] o.s.b.f.s.DefaultListableBeanFactory     : Autowiring by type from bean name 'requestMappingHandlerAdapter' via factory method to bean named 'mvcConversionService'
2024-08-16T20:42:02.252+09:00 DEBUG 13981 --- [faniverse] [    Test worker] o.s.b.f.s.DefaultListableBeanFactory     : Autowiring by type from bean name 'requestMappingHandlerAdapter' via factory method to bean named 'mvcValidator'
2024-08-16T20:42:02.261+09:00 DEBUG 13981 --- [faniverse] [    Test worker] o.s.b.f.s.DefaultListableBeanFactory     : Creating shared instance of singleton bean 'sortResolver'
2024-08-16T20:42:02.262+09:00 DEBUG 13981 --- [faniverse] [    Test worker] o.s.b.f.s.DefaultListableBeanFactory     : Creating shared instance of singleton bean 'sortCustomizer'
2024-08-16T20:42:02.262+09:00 DEBUG 13981 --- [faniverse] [    Test worker] o.s.b.f.s.DefaultListableBeanFactory     : Creating shared instance of singleton bean 'org.springframework.boot.autoconfigure.data.web.SpringDataWebAutoConfiguration'
2024-08-16T20:42:02.263+09:00 DEBUG 13981 --- [faniverse] [    Test worker] o.s.b.f.s.DefaultListableBeanFactory     : Creating shared instance of singleton bean 'spring.data.web-org.springframework.boot.autoconfigure.data.web.SpringDataWebProperties'
2024-08-16T20:42:02.264+09:00 DEBUG 13981 --- [faniverse] [    Test worker] o.s.b.f.s.DefaultListableBeanFactory     : Autowiring by type from bean name 'org.springframework.boot.autoconfigure.data.web.SpringDataWebAutoConfiguration' via constructor to bean named 'spring.data.web-org.springframework.boot.autoconfigure.data.web.SpringDataWebProperties'
2024-08-16T20:42:02.267+09:00 DEBUG 13981 --- [faniverse] [    Test worker] o.s.b.f.s.DefaultListableBeanFactory     : Creating shared instance of singleton bean 'pageableResolver'
2024-08-16T20:42:02.269+09:00 DEBUG 13981 --- [faniverse] [    Test worker] o.s.b.f.s.DefaultListableBeanFactory     : Creating shared instance of singleton bean 'pageableCustomizer'
2024-08-16T20:42:02.274+09:00 DEBUG 13981 --- [faniverse] [    Test worker] o.s.b.f.s.DefaultListableBeanFactory     : Creating shared instance of singleton bean 'applicationTaskExecutor'
2024-08-16T20:42:02.276+09:00 DEBUG 13981 --- [faniverse] [    Test worker] o.s.b.f.s.DefaultListableBeanFactory     : Autowiring by type from bean name 'applicationTaskExecutor' via factory method to bean named 'taskExecutorBuilder'
2024-08-16T20:42:02.282+09:00 DEBUG 13981 --- [faniverse] [    Test worker] o.s.s.concurrent.ThreadPoolTaskExecutor  : Initializing ExecutorService 'applicationTaskExecutor'
2024-08-16T20:42:02.293+09:00 DEBUG 13981 --- [faniverse] [    Test worker] s.w.s.m.m.a.RequestMappingHandlerAdapter : ControllerAdvice beans: 0 @ModelAttribute, 0 @InitBinder, 1 RequestBodyAdvice, 1 ResponseBodyAdvice
2024-08-16T20:42:02.322+09:00 DEBUG 13981 --- [faniverse] [    Test worker] o.s.b.f.s.DefaultListableBeanFactory     : Creating shared instance of singleton bean 'handlerFunctionAdapter'
2024-08-16T20:42:02.323+09:00 DEBUG 13981 --- [faniverse] [    Test worker] o.s.b.f.s.DefaultListableBeanFactory     : Creating shared instance of singleton bean 'mvcUriComponentsContributor'
2024-08-16T20:42:02.325+09:00 DEBUG 13981 --- [faniverse] [    Test worker] o.s.b.f.s.DefaultListableBeanFactory     : Autowiring by type from bean name 'mvcUriComponentsContributor' via factory method to bean named 'mvcConversionService'
2024-08-16T20:42:02.325+09:00 DEBUG 13981 --- [faniverse] [    Test worker] o.s.b.f.s.DefaultListableBeanFactory     : Autowiring by type from bean name 'mvcUriComponentsContributor' via factory method to bean named 'requestMappingHandlerAdapter'
2024-08-16T20:42:02.328+09:00 DEBUG 13981 --- [faniverse] [    Test worker] o.s.b.f.s.DefaultListableBeanFactory     : Creating shared instance of singleton bean 'httpRequestHandlerAdapter'
2024-08-16T20:42:02.329+09:00 DEBUG 13981 --- [faniverse] [    Test worker] o.s.b.f.s.DefaultListableBeanFactory     : Creating shared instance of singleton bean 'simpleControllerHandlerAdapter'
2024-08-16T20:42:02.330+09:00 DEBUG 13981 --- [faniverse] [    Test worker] o.s.b.f.s.DefaultListableBeanFactory     : Creating shared instance of singleton bean 'handlerExceptionResolver'
2024-08-16T20:42:02.330+09:00 DEBUG 13981 --- [faniverse] [    Test worker] o.s.b.f.s.DefaultListableBeanFactory     : Autowiring by type from bean name 'handlerExceptionResolver' via factory method to bean named 'mvcContentNegotiationManager'
2024-08-16T20:42:02.334+09:00 DEBUG 13981 --- [faniverse] [    Test worker] .m.m.a.ExceptionHandlerExceptionResolver : ControllerAdvice beans: 0 @ExceptionHandler, 1 ResponseBodyAdvice
2024-08-16T20:42:02.338+09:00 DEBUG 13981 --- [faniverse] [    Test worker] o.s.b.f.s.DefaultListableBeanFactory     : Creating shared instance of singleton bean 'mvcViewResolver'
2024-08-16T20:42:02.339+09:00 DEBUG 13981 --- [faniverse] [    Test worker] o.s.b.f.s.DefaultListableBeanFactory     : Autowiring by type from bean name 'mvcViewResolver' via factory method to bean named 'mvcContentNegotiationManager'
2024-08-16T20:42:02.343+09:00 DEBUG 13981 --- [faniverse] [    Test worker] o.s.b.f.s.DefaultListableBeanFactory     : Creating shared instance of singleton bean 'viewNameTranslator'
2024-08-16T20:42:02.345+09:00 DEBUG 13981 --- [faniverse] [    Test worker] o.s.b.f.s.DefaultListableBeanFactory     : Creating shared instance of singleton bean 'defaultViewResolver'
2024-08-16T20:42:02.351+09:00 DEBUG 13981 --- [faniverse] [    Test worker] o.s.b.f.s.DefaultListableBeanFactory     : Creating shared instance of singleton bean 'viewResolver'
2024-08-16T20:42:02.351+09:00 DEBUG 13981 --- [faniverse] [    Test worker] o.s.b.f.s.DefaultListableBeanFactory     : Autowiring by type from bean name 'viewResolver' via factory method to bean named 'org.springframework.beans.factory.support.DefaultListableBeanFactory@7cb2651f'
2024-08-16T20:42:02.353+09:00 DEBUG 13981 --- [faniverse] [    Test worker] o.s.b.f.s.DefaultListableBeanFactory     : Creating shared instance of singleton bean 'viewResolver'
2024-08-16T20:42:02.355+09:00 DEBUG 13981 --- [faniverse] [    Test worker] o.s.b.f.s.DefaultListableBeanFactory     : Creating shared instance of singleton bean 'requestContextFilter'
2024-08-16T20:42:02.357+09:00 DEBUG 13981 --- [faniverse] [    Test worker] o.s.b.f.s.DefaultListableBeanFactory     : Creating shared instance of singleton bean 'org.springframework.boot.autoconfigure.web.servlet.WebMvcAutoConfiguration'
2024-08-16T20:42:02.358+09:00 DEBUG 13981 --- [faniverse] [    Test worker] o.s.b.f.s.DefaultListableBeanFactory     : Creating shared instance of singleton bean 'formContentFilter'
2024-08-16T20:42:02.360+09:00 DEBUG 13981 --- [faniverse] [    Test worker] o.s.b.f.s.DefaultListableBeanFactory     : Creating shared instance of singleton bean 'org.springframework.boot.autoconfigure.aop.AopAutoConfiguration$AspectJAutoProxyingConfiguration$CglibAutoProxyConfiguration'
2024-08-16T20:42:02.360+09:00 DEBUG 13981 --- [faniverse] [    Test worker] o.s.b.f.s.DefaultListableBeanFactory     : Creating shared instance of singleton bean 'org.springframework.boot.autoconfigure.aop.AopAutoConfiguration$AspectJAutoProxyingConfiguration'
2024-08-16T20:42:02.360+09:00 DEBUG 13981 --- [faniverse] [    Test worker] o.s.b.f.s.DefaultListableBeanFactory     : Creating shared instance of singleton bean 'org.springframework.boot.autoconfigure.aop.AopAutoConfiguration'
2024-08-16T20:42:02.360+09:00 DEBUG 13981 --- [faniverse] [    Test worker] o.s.b.f.s.DefaultListableBeanFactory     : Creating shared instance of singleton bean 'org.springframework.boot.autoconfigure.availability.ApplicationAvailabilityAutoConfiguration'
2024-08-16T20:42:02.361+09:00 DEBUG 13981 --- [faniverse] [    Test worker] o.s.b.f.s.DefaultListableBeanFactory     : Creating shared instance of singleton bean 'applicationAvailability'
2024-08-16T20:42:02.362+09:00 DEBUG 13981 --- [faniverse] [    Test worker] o.s.b.f.s.DefaultListableBeanFactory     : Creating shared instance of singleton bean 'org.springframework.boot.autoconfigure.transaction.jta.JtaAutoConfiguration'
2024-08-16T20:42:02.363+09:00 DEBUG 13981 --- [faniverse] [    Test worker] o.s.b.f.s.DefaultListableBeanFactory     : Creating shared instance of singleton bean 'org.springframework.boot.autoconfigure.jdbc.metadata.DataSourcePoolMetadataProvidersConfiguration'
2024-08-16T20:42:02.363+09:00 DEBUG 13981 --- [faniverse] [    Test worker] o.s.b.f.s.DefaultListableBeanFactory     : Creating shared instance of singleton bean 'org.springframework.boot.autoconfigure.jdbc.DataSourceAutoConfiguration'
2024-08-16T20:42:02.363+09:00 DEBUG 13981 --- [faniverse] [    Test worker] o.s.b.f.s.DefaultListableBeanFactory     : Creating shared instance of singleton bean 'org.springframework.boot.autoconfigure.transaction.TransactionManagerCustomizationAutoConfiguration'
2024-08-16T20:42:02.364+09:00 DEBUG 13981 --- [faniverse] [    Test worker] o.s.b.f.s.DefaultListableBeanFactory     : Creating shared instance of singleton bean 'platformTransactionManagerCustomizers'
2024-08-16T20:42:02.365+09:00 DEBUG 13981 --- [faniverse] [    Test worker] o.s.b.f.s.DefaultListableBeanFactory     : Creating shared instance of singleton bean 'transactionExecutionListeners'
2024-08-16T20:42:02.368+09:00 DEBUG 13981 --- [faniverse] [    Test worker] o.s.b.f.s.DefaultListableBeanFactory     : Creating shared instance of singleton bean 'spring.transaction-org.springframework.boot.autoconfigure.transaction.TransactionProperties'
2024-08-16T20:42:02.372+09:00 DEBUG 13981 --- [faniverse] [    Test worker] o.s.b.f.s.DefaultListableBeanFactory     : Creating shared instance of singleton bean 'org.springframework.boot.autoconfigure.orm.jpa.JpaBaseConfiguration$PersistenceManagedTypesConfiguration'
2024-08-16T20:42:02.373+09:00 DEBUG 13981 --- [faniverse] [    Test worker] o.s.b.f.s.DefaultListableBeanFactory     : Creating shared instance of singleton bean 'transactionManager'
2024-08-16T20:42:02.382+09:00 DEBUG 13981 --- [faniverse] [    Test worker] o.s.b.f.s.DefaultListableBeanFactory     : Creating shared instance of singleton bean 'org.springframework.boot.autoconfigure.orm.jpa.HibernateJpaAutoConfiguration'
2024-08-16T20:42:02.382+09:00 DEBUG 13981 --- [faniverse] [    Test worker] o.s.b.f.s.DefaultListableBeanFactory     : Creating shared instance of singleton bean 'org.springframework.boot.autoconfigure.context.ConfigurationPropertiesAutoConfiguration'
2024-08-16T20:42:02.383+09:00 DEBUG 13981 --- [faniverse] [    Test worker] o.s.b.f.s.DefaultListableBeanFactory     : Creating shared instance of singleton bean 'org.springframework.boot.autoconfigure.context.LifecycleAutoConfiguration'
2024-08-16T20:42:02.383+09:00 DEBUG 13981 --- [faniverse] [    Test worker] o.s.b.f.s.DefaultListableBeanFactory     : Creating shared instance of singleton bean 'lifecycleProcessor'
2024-08-16T20:42:02.384+09:00 DEBUG 13981 --- [faniverse] [    Test worker] o.s.b.f.s.DefaultListableBeanFactory     : Creating shared instance of singleton bean 'spring.lifecycle-org.springframework.boot.autoconfigure.context.LifecycleProperties'
2024-08-16T20:42:02.385+09:00 DEBUG 13981 --- [faniverse] [    Test worker] o.s.b.f.s.DefaultListableBeanFactory     : Autowiring by type from bean name 'lifecycleProcessor' via factory method to bean named 'spring.lifecycle-org.springframework.boot.autoconfigure.context.LifecycleProperties'
2024-08-16T20:42:02.387+09:00 DEBUG 13981 --- [faniverse] [    Test worker] o.s.b.f.s.DefaultListableBeanFactory     : Creating shared instance of singleton bean 'org.springframework.boot.autoconfigure.dao.PersistenceExceptionTranslationAutoConfiguration'
2024-08-16T20:42:02.388+09:00 DEBUG 13981 --- [faniverse] [    Test worker] o.s.b.f.s.DefaultListableBeanFactory     : Creating shared instance of singleton bean 'org.springframework.boot.autoconfigure.data.jpa.JpaRepositoriesAutoConfiguration'
2024-08-16T20:42:02.389+09:00 DEBUG 13981 --- [faniverse] [    Test worker] o.s.b.f.s.DefaultListableBeanFactory     : Creating shared instance of singleton bean 'org.springframework.data.jpa.util.JpaMetamodelCacheCleanup'
2024-08-16T20:42:02.390+09:00 DEBUG 13981 --- [faniverse] [    Test worker] o.s.b.f.s.DefaultListableBeanFactory     : Creating shared instance of singleton bean 'org.springframework.data.jpa.repository.support.JpaEvaluationContextExtension'
2024-08-16T20:42:02.392+09:00 DEBUG 13981 --- [faniverse] [    Test worker] o.s.b.f.s.DefaultListableBeanFactory     : Creating shared instance of singleton bean 'data-jpa.repository-aot-processor#0'
2024-08-16T20:42:02.399+09:00 DEBUG 13981 --- [faniverse] [    Test worker] o.s.b.f.s.DefaultListableBeanFactory     : Creating shared instance of singleton bean 'org.springframework.boot.autoconfigure.gson.GsonAutoConfiguration'
2024-08-16T20:42:02.400+09:00 DEBUG 13981 --- [faniverse] [    Test worker] o.s.b.f.s.DefaultListableBeanFactory     : Creating shared instance of singleton bean 'gsonBuilder'
2024-08-16T20:42:02.401+09:00 DEBUG 13981 --- [faniverse] [    Test worker] o.s.b.f.s.DefaultListableBeanFactory     : Creating shared instance of singleton bean 'standardGsonBuilderCustomizer'
2024-08-16T20:42:02.401+09:00 DEBUG 13981 --- [faniverse] [    Test worker] o.s.b.f.s.DefaultListableBeanFactory     : Creating shared instance of singleton bean 'spring.gson-org.springframework.boot.autoconfigure.gson.GsonProperties'
2024-08-16T20:42:02.404+09:00 DEBUG 13981 --- [faniverse] [    Test worker] o.s.b.f.s.DefaultListableBeanFactory     : Autowiring by type from bean name 'standardGsonBuilderCustomizer' via factory method to bean named 'spring.gson-org.springframework.boot.autoconfigure.gson.GsonProperties'
2024-08-16T20:42:02.405+09:00 DEBUG 13981 --- [faniverse] [    Test worker] o.s.b.f.s.DefaultListableBeanFactory     : Autowiring by type from bean name 'gsonBuilder' via factory method to bean named 'standardGsonBuilderCustomizer'
2024-08-16T20:42:02.418+09:00 DEBUG 13981 --- [faniverse] [    Test worker] o.s.b.f.s.DefaultListableBeanFactory     : Creating shared instance of singleton bean 'gson'
2024-08-16T20:42:02.419+09:00 DEBUG 13981 --- [faniverse] [    Test worker] o.s.b.f.s.DefaultListableBeanFactory     : Autowiring by type from bean name 'gson' via factory method to bean named 'gsonBuilder'
2024-08-16T20:42:02.441+09:00 DEBUG 13981 --- [faniverse] [    Test worker] o.s.b.f.s.DefaultListableBeanFactory     : Creating shared instance of singleton bean 'org.springframework.boot.autoconfigure.http.JacksonHttpMessageConvertersConfiguration'
2024-08-16T20:42:02.442+09:00 DEBUG 13981 --- [faniverse] [    Test worker] o.s.b.f.s.DefaultListableBeanFactory     : Creating shared instance of singleton bean 'org.springframework.boot.autoconfigure.http.GsonHttpMessageConvertersConfiguration'
2024-08-16T20:42:02.443+09:00 DEBUG 13981 --- [faniverse] [    Test worker] o.s.b.f.s.DefaultListableBeanFactory     : Creating shared instance of singleton bean 'org.springframework.data.web.config.ProjectingArgumentResolverRegistrar'
2024-08-16T20:42:02.444+09:00 DEBUG 13981 --- [faniverse] [    Test worker] o.s.b.f.s.DefaultListableBeanFactory     : Creating shared instance of singleton bean 'offsetResolver'
2024-08-16T20:42:02.447+09:00 DEBUG 13981 --- [faniverse] [    Test worker] o.s.b.f.s.DefaultListableBeanFactory     : Creating shared instance of singleton bean 'org.springframework.boot.autoconfigure.info.ProjectInfoAutoConfiguration'
2024-08-16T20:42:02.449+09:00 DEBUG 13981 --- [faniverse] [    Test worker] o.s.b.f.s.DefaultListableBeanFactory     : Creating shared instance of singleton bean 'spring.info-org.springframework.boot.autoconfigure.info.ProjectInfoProperties'
2024-08-16T20:42:02.450+09:00 DEBUG 13981 --- [faniverse] [    Test worker] o.s.b.f.s.DefaultListableBeanFactory     : Autowiring by type from bean name 'org.springframework.boot.autoconfigure.info.ProjectInfoAutoConfiguration' via constructor to bean named 'spring.info-org.springframework.boot.autoconfigure.info.ProjectInfoProperties'
2024-08-16T20:42:02.451+09:00 DEBUG 13981 --- [faniverse] [    Test worker] o.s.b.f.s.DefaultListableBeanFactory     : Creating shared instance of singleton bean 'org.springframework.boot.autoconfigure.jdbc.JdbcTemplateConfiguration'
2024-08-16T20:42:02.451+09:00 DEBUG 13981 --- [faniverse] [    Test worker] o.s.b.f.s.DefaultListableBeanFactory     : Creating shared instance of singleton bean 'jdbcTemplate'
2024-08-16T20:42:02.452+09:00 DEBUG 13981 --- [faniverse] [    Test worker] o.s.b.f.s.DefaultListableBeanFactory     : Creating shared instance of singleton bean 'spring.jdbc-org.springframework.boot.autoconfigure.jdbc.JdbcProperties'
2024-08-16T20:42:02.453+09:00 DEBUG 13981 --- [faniverse] [    Test worker] o.s.b.f.s.DefaultListableBeanFactory     : Autowiring by type from bean name 'jdbcTemplate' via factory method to bean named 'dataSource'
2024-08-16T20:42:02.453+09:00 DEBUG 13981 --- [faniverse] [    Test worker] o.s.b.f.s.DefaultListableBeanFactory     : Autowiring by type from bean name 'jdbcTemplate' via factory method to bean named 'spring.jdbc-org.springframework.boot.autoconfigure.jdbc.JdbcProperties'
2024-08-16T20:42:02.463+09:00 DEBUG 13981 --- [faniverse] [    Test worker] o.s.b.f.s.DefaultListableBeanFactory     : Creating shared instance of singleton bean 'org.springframework.boot.autoconfigure.jdbc.NamedParameterJdbcTemplateConfiguration'
2024-08-16T20:42:02.464+09:00 DEBUG 13981 --- [faniverse] [    Test worker] o.s.b.f.s.DefaultListableBeanFactory     : Creating shared instance of singleton bean 'namedParameterJdbcTemplate'
2024-08-16T20:42:02.465+09:00 DEBUG 13981 --- [faniverse] [    Test worker] o.s.b.f.s.DefaultListableBeanFactory     : Autowiring by type from bean name 'namedParameterJdbcTemplate' via factory method to bean named 'jdbcTemplate'
2024-08-16T20:42:02.469+09:00 DEBUG 13981 --- [faniverse] [    Test worker] o.s.b.f.s.DefaultListableBeanFactory     : Creating shared instance of singleton bean 'org.springframework.boot.autoconfigure.jdbc.JdbcTemplateAutoConfiguration'
2024-08-16T20:42:02.469+09:00 DEBUG 13981 --- [faniverse] [    Test worker] o.s.b.f.s.DefaultListableBeanFactory     : Creating shared instance of singleton bean 'org.springframework.boot.autoconfigure.jdbc.JdbcClientAutoConfiguration'
2024-08-16T20:42:02.470+09:00 DEBUG 13981 --- [faniverse] [    Test worker] o.s.b.f.s.DefaultListableBeanFactory     : Creating shared instance of singleton bean 'jdbcClient'
2024-08-16T20:42:02.470+09:00 DEBUG 13981 --- [faniverse] [    Test worker] o.s.b.f.s.DefaultListableBeanFactory     : Autowiring by type from bean name 'jdbcClient' via factory method to bean named 'namedParameterJdbcTemplate'
2024-08-16T20:42:02.471+09:00 DEBUG 13981 --- [faniverse] [    Test worker] o.s.b.f.s.DefaultListableBeanFactory     : Creating shared instance of singleton bean 'org.springframework.boot.autoconfigure.security.oauth2.client.servlet.OAuth2ClientAutoConfiguration'
2024-08-16T20:42:02.472+09:00 DEBUG 13981 --- [faniverse] [    Test worker] o.s.b.f.s.DefaultListableBeanFactory     : Creating shared instance of singleton bean 'org.springframework.boot.autoconfigure.security.servlet.SpringBootWebSecurityConfiguration'
2024-08-16T20:42:02.472+09:00 DEBUG 13981 --- [faniverse] [    Test worker] o.s.b.f.s.DefaultListableBeanFactory     : Creating shared instance of singleton bean 'spring.security-org.springframework.boot.autoconfigure.security.SecurityProperties'
2024-08-16T20:42:02.473+09:00 DEBUG 13981 --- [faniverse] [    Test worker] o.s.b.f.s.DefaultListableBeanFactory     : Creating shared instance of singleton bean 'org.springframework.boot.autoconfigure.security.servlet.SecurityFilterAutoConfiguration'
2024-08-16T20:42:02.474+09:00 DEBUG 13981 --- [faniverse] [    Test worker] o.s.b.f.s.DefaultListableBeanFactory     : Creating shared instance of singleton bean 'securityFilterChainRegistration'
2024-08-16T20:42:02.475+09:00 DEBUG 13981 --- [faniverse] [    Test worker] o.s.b.f.s.DefaultListableBeanFactory     : Autowiring by type from bean name 'securityFilterChainRegistration' via factory method to bean named 'spring.security-org.springframework.boot.autoconfigure.security.SecurityProperties'
2024-08-16T20:42:02.479+09:00 DEBUG 13981 --- [faniverse] [    Test worker] o.s.b.f.s.DefaultListableBeanFactory     : Creating shared instance of singleton bean 'org.springframework.boot.autoconfigure.sql.init.SqlInitializationAutoConfiguration'
2024-08-16T20:42:02.479+09:00 DEBUG 13981 --- [faniverse] [    Test worker] o.s.b.f.s.DefaultListableBeanFactory     : Creating shared instance of singleton bean 'org.springframework.boot.autoconfigure.task.TaskSchedulingConfigurations$ThreadPoolTaskSchedulerBuilderConfiguration'
2024-08-16T20:42:02.479+09:00 DEBUG 13981 --- [faniverse] [    Test worker] o.s.b.f.s.DefaultListableBeanFactory     : Creating shared instance of singleton bean 'threadPoolTaskSchedulerBuilder'
2024-08-16T20:42:02.480+09:00 DEBUG 13981 --- [faniverse] [    Test worker] o.s.b.f.s.DefaultListableBeanFactory     : Creating shared instance of singleton bean 'spring.task.scheduling-org.springframework.boot.autoconfigure.task.TaskSchedulingProperties'
2024-08-16T20:42:02.481+09:00 DEBUG 13981 --- [faniverse] [    Test worker] o.s.b.f.s.DefaultListableBeanFactory     : Autowiring by type from bean name 'threadPoolTaskSchedulerBuilder' via factory method to bean named 'spring.task.scheduling-org.springframework.boot.autoconfigure.task.TaskSchedulingProperties'
2024-08-16T20:42:02.483+09:00 DEBUG 13981 --- [faniverse] [    Test worker] o.s.b.f.s.DefaultListableBeanFactory     : Creating shared instance of singleton bean 'org.springframework.boot.autoconfigure.task.TaskSchedulingConfigurations$TaskSchedulerBuilderConfiguration'
2024-08-16T20:42:02.484+09:00 DEBUG 13981 --- [faniverse] [    Test worker] o.s.b.f.s.DefaultListableBeanFactory     : Creating shared instance of singleton bean 'taskSchedulerBuilder'
2024-08-16T20:42:02.484+09:00 DEBUG 13981 --- [faniverse] [    Test worker] o.s.b.f.s.DefaultListableBeanFactory     : Autowiring by type from bean name 'taskSchedulerBuilder' via factory method to bean named 'spring.task.scheduling-org.springframework.boot.autoconfigure.task.TaskSchedulingProperties'
2024-08-16T20:42:02.485+09:00 DEBUG 13981 --- [faniverse] [    Test worker] o.s.b.f.s.DefaultListableBeanFactory     : Creating shared instance of singleton bean 'org.springframework.boot.autoconfigure.task.TaskSchedulingConfigurations$SimpleAsyncTaskSchedulerBuilderConfiguration'
2024-08-16T20:42:02.486+09:00 DEBUG 13981 --- [faniverse] [    Test worker] o.s.b.f.s.DefaultListableBeanFactory     : Autowiring by type from bean name 'org.springframework.boot.autoconfigure.task.TaskSchedulingConfigurations$SimpleAsyncTaskSchedulerBuilderConfiguration' via constructor to bean named 'spring.task.scheduling-org.springframework.boot.autoconfigure.task.TaskSchedulingProperties'
2024-08-16T20:42:02.486+09:00 DEBUG 13981 --- [faniverse] [    Test worker] o.s.b.f.s.DefaultListableBeanFactory     : Creating shared instance of singleton bean 'simpleAsyncTaskSchedulerBuilder'
2024-08-16T20:42:02.489+09:00 DEBUG 13981 --- [faniverse] [    Test worker] o.s.b.f.s.DefaultListableBeanFactory     : Creating shared instance of singleton bean 'org.springframework.boot.autoconfigure.task.TaskSchedulingAutoConfiguration'
2024-08-16T20:42:02.490+09:00 DEBUG 13981 --- [faniverse] [    Test worker] o.s.b.f.s.DefaultListableBeanFactory     : Creating shared instance of singleton bean 'org.springframework.boot.autoconfigure.jdbc.DataSourceTransactionManagerAutoConfiguration$JdbcTransactionManagerConfiguration'
2024-08-16T20:42:02.490+09:00 DEBUG 13981 --- [faniverse] [    Test worker] o.s.b.f.s.DefaultListableBeanFactory     : Creating shared instance of singleton bean 'org.springframework.boot.autoconfigure.jdbc.DataSourceTransactionManagerAutoConfiguration'
2024-08-16T20:42:02.491+09:00 DEBUG 13981 --- [faniverse] [    Test worker] o.s.b.f.s.DefaultListableBeanFactory     : Creating shared instance of singleton bean 'org.springframework.boot.autoconfigure.transaction.TransactionAutoConfiguration$EnableTransactionManagementConfiguration$CglibAutoProxyConfiguration'
2024-08-16T20:42:02.491+09:00 DEBUG 13981 --- [faniverse] [    Test worker] o.s.b.f.s.DefaultListableBeanFactory     : Creating shared instance of singleton bean 'org.springframework.boot.autoconfigure.transaction.TransactionAutoConfiguration$EnableTransactionManagementConfiguration'
2024-08-16T20:42:02.492+09:00 DEBUG 13981 --- [faniverse] [    Test worker] o.s.b.f.s.DefaultListableBeanFactory     : Creating shared instance of singleton bean 'org.springframework.boot.autoconfigure.transaction.TransactionAutoConfiguration$TransactionTemplateConfiguration'
2024-08-16T20:42:02.492+09:00 DEBUG 13981 --- [faniverse] [    Test worker] o.s.b.f.s.DefaultListableBeanFactory     : Creating shared instance of singleton bean 'transactionTemplate'
2024-08-16T20:42:02.493+09:00 DEBUG 13981 --- [faniverse] [    Test worker] o.s.b.f.s.DefaultListableBeanFactory     : Autowiring by type from bean name 'transactionTemplate' via factory method to bean named 'transactionManager'
2024-08-16T20:42:02.495+09:00 DEBUG 13981 --- [faniverse] [    Test worker] o.s.b.f.s.DefaultListableBeanFactory     : Creating shared instance of singleton bean 'org.springframework.boot.autoconfigure.transaction.TransactionAutoConfiguration'
2024-08-16T20:42:02.496+09:00 DEBUG 13981 --- [faniverse] [    Test worker] o.s.b.f.s.DefaultListableBeanFactory     : Creating shared instance of singleton bean 'org.springframework.boot.autoconfigure.web.client.RestClientAutoConfiguration'
2024-08-16T20:42:02.497+09:00 DEBUG 13981 --- [faniverse] [    Test worker] o.s.b.f.s.DefaultListableBeanFactory     : Creating shared instance of singleton bean 'httpMessageConvertersRestClientCustomizer'
2024-08-16T20:42:02.497+09:00 DEBUG 13981 --- [faniverse] [    Test worker] o.s.b.f.s.DefaultListableBeanFactory     : Creating shared instance of singleton bean 'restClientSsl'
2024-08-16T20:42:02.498+09:00 DEBUG 13981 --- [faniverse] [    Test worker] o.s.b.f.s.DefaultListableBeanFactory     : Autowiring by type from bean name 'restClientSsl' via factory method to bean named 'sslBundleRegistry'
2024-08-16T20:42:02.498+09:00 DEBUG 13981 --- [faniverse] [    Test worker] o.s.b.f.s.DefaultListableBeanFactory     : Creating shared instance of singleton bean 'restClientBuilderConfigurer'
2024-08-16T20:42:02.499+09:00 DEBUG 13981 --- [faniverse] [    Test worker] o.s.b.f.s.DefaultListableBeanFactory     : Creating shared instance of singleton bean 'org.springframework.boot.autoconfigure.web.client.RestTemplateAutoConfiguration'
2024-08-16T20:42:02.500+09:00 DEBUG 13981 --- [faniverse] [    Test worker] o.s.b.f.s.DefaultListableBeanFactory     : Creating shared instance of singleton bean 'characterEncodingFilter'
2024-08-16T20:42:02.501+09:00 DEBUG 13981 --- [faniverse] [    Test worker] o.s.b.f.s.DefaultListableBeanFactory     : Creating shared instance of singleton bean 'multipartResolver'
2024-08-16T20:42:02.502+09:00 DEBUG 13981 --- [faniverse] [    Test worker] o.s.b.f.s.DefaultListableBeanFactory     : Creating shared instance of singleton bean 'org.springframework.boot.autoconfigure.websocket.servlet.WebSocketMessagingAutoConfiguration'
2024-08-16T20:42:02.517+09:00 DEBUG 13981 --- [faniverse] [    Test worker] o.s.c.support.DefaultLifecycleProcessor  : Starting beans in phase -2147483647
2024-08-16T20:42:02.518+09:00 DEBUG 13981 --- [faniverse] [    Test worker] o.s.c.support.DefaultLifecycleProcessor  : Successfully started bean 'springBootLoggingLifecycle'
2024-08-16T20:42:02.518+09:00 DEBUG 13981 --- [faniverse] [    Test worker] o.s.c.support.DefaultLifecycleProcessor  : Starting beans in phase 2147483647
2024-08-16T20:42:02.531+09:00 DEBUG 13981 --- [faniverse] [    Test worker] .s.b.a.l.ConditionEvaluationReportLogger : 


============================
CONDITIONS EVALUATION REPORT
============================


Positive matches:
-----------------

   AopAutoConfiguration matched:
      - @ConditionalOnProperty (spring.aop.auto=true) matched (OnPropertyCondition)

   AopAutoConfiguration.AspectJAutoProxyingConfiguration matched:
      - @ConditionalOnClass found required class 'org.aspectj.weaver.Advice' (OnClassCondition)

   AopAutoConfiguration.AspectJAutoProxyingConfiguration.CglibAutoProxyConfiguration matched:
      - @ConditionalOnProperty (spring.aop.proxy-target-class=true) matched (OnPropertyCondition)

   ApplicationAvailabilityAutoConfiguration#applicationAvailability matched:
      - @ConditionalOnMissingBean (types: org.springframework.boot.availability.ApplicationAvailability; SearchStrategy: all) did not find any beans (OnBeanCondition)

   DataSourceAutoConfiguration matched:
      - @ConditionalOnClass found required classes 'javax.sql.DataSource', 'org.springframework.jdbc.datasource.embedded.EmbeddedDatabaseType' (OnClassCondition)
      - @ConditionalOnMissingBean (types: io.r2dbc.spi.ConnectionFactory; SearchStrategy: all) did not find any beans (OnBeanCondition)

   DataSourceAutoConfiguration.PooledDataSourceConfiguration matched:
      - AnyNestedCondition 1 matched 1 did not; NestedCondition on DataSourceAutoConfiguration.PooledDataSourceCondition.PooledDataSourceAvailable PooledDataSource found supported DataSource; NestedCondition on DataSourceAutoConfiguration.PooledDataSourceCondition.ExplicitType @ConditionalOnProperty (spring.datasource.type) did not find property 'type' (DataSourceAutoConfiguration.PooledDataSourceCondition)
      - @ConditionalOnMissingBean (types: javax.sql.DataSource,javax.sql.XADataSource; SearchStrategy: all) did not find any beans (OnBeanCondition)

   DataSourceAutoConfiguration.PooledDataSourceConfiguration#jdbcConnectionDetails matched:
      - @ConditionalOnMissingBean (types: org.springframework.boot.autoconfigure.jdbc.JdbcConnectionDetails; SearchStrategy: all) did not find any beans (OnBeanCondition)

   DataSourceConfiguration.Hikari matched:
      - @ConditionalOnClass found required class 'com.zaxxer.hikari.HikariDataSource' (OnClassCondition)
      - @ConditionalOnProperty (spring.datasource.type=com.zaxxer.hikari.HikariDataSource) matched (OnPropertyCondition)
      - @ConditionalOnMissingBean (types: javax.sql.DataSource; SearchStrategy: all) did not find any beans (OnBeanCondition)

   DataSourceInitializationConfiguration matched:
      - @ConditionalOnClass found required class 'org.springframework.jdbc.datasource.init.DatabasePopulator' (OnClassCondition)
      - @ConditionalOnSingleCandidate (types: javax.sql.DataSource; SearchStrategy: all) found a single bean 'dataSource'; @ConditionalOnMissingBean (types: org.springframework.boot.autoconfigure.sql.init.SqlDataSourceScriptDatabaseInitializer,org.springframework.boot.autoconfigure.sql.init.SqlR2dbcScriptDatabaseInitializer; SearchStrategy: all) did not find any beans (OnBeanCondition)

   DataSourcePoolMetadataProvidersConfiguration.HikariPoolDataSourceMetadataProviderConfiguration matched:
      - @ConditionalOnClass found required class 'com.zaxxer.hikari.HikariDataSource' (OnClassCondition)

   DataSourceTransactionManagerAutoConfiguration matched:
      - @ConditionalOnClass found required classes 'org.springframework.jdbc.core.JdbcTemplate', 'org.springframework.transaction.TransactionManager' (OnClassCondition)

   DataSourceTransactionManagerAutoConfiguration.JdbcTransactionManagerConfiguration matched:
      - @ConditionalOnSingleCandidate (types: javax.sql.DataSource; SearchStrategy: all) found a single bean 'dataSource' (OnBeanCondition)

   DispatcherServletAutoConfiguration matched:
      - @ConditionalOnClass found required class 'org.springframework.web.servlet.DispatcherServlet' (OnClassCondition)
      - found 'session' scope (OnWebApplicationCondition)

   DispatcherServletAutoConfiguration.DispatcherServletConfiguration matched:
      - @ConditionalOnClass found required class 'jakarta.servlet.ServletRegistration' (OnClassCondition)
      - Default DispatcherServlet did not find dispatcher servlet beans (DispatcherServletAutoConfiguration.DefaultDispatcherServletCondition)

   DispatcherServletAutoConfiguration.DispatcherServletRegistrationConfiguration matched:
      - @ConditionalOnClass found required class 'jakarta.servlet.ServletRegistration' (OnClassCondition)
      - DispatcherServlet Registration did not find servlet registration bean (DispatcherServletAutoConfiguration.DispatcherServletRegistrationCondition)

   DispatcherServletAutoConfiguration.DispatcherServletRegistrationConfiguration#dispatcherServletRegistration matched:
      - @ConditionalOnBean (names: dispatcherServlet types: org.springframework.web.servlet.DispatcherServlet; SearchStrategy: all) found bean 'dispatcherServlet' (OnBeanCondition)

   ErrorMvcAutoConfiguration matched:
      - @ConditionalOnClass found required classes 'jakarta.servlet.Servlet', 'org.springframework.web.servlet.DispatcherServlet' (OnClassCondition)
      - found 'session' scope (OnWebApplicationCondition)

   ErrorMvcAutoConfiguration#basicErrorController matched:
      - @ConditionalOnMissingBean (types: org.springframework.boot.web.servlet.error.ErrorController; SearchStrategy: current) did not find any beans (OnBeanCondition)

   ErrorMvcAutoConfiguration#errorAttributes matched:
      - @ConditionalOnMissingBean (types: org.springframework.boot.web.servlet.error.ErrorAttributes; SearchStrategy: current) did not find any beans (OnBeanCondition)

   ErrorMvcAutoConfiguration.DefaultErrorViewResolverConfiguration#conventionErrorViewResolver matched:
      - @ConditionalOnBean (types: org.springframework.web.servlet.DispatcherServlet; SearchStrategy: all) found bean 'dispatcherServlet'; @ConditionalOnMissingBean (types: org.springframework.boot.autoconfigure.web.servlet.error.ErrorViewResolver; SearchStrategy: all) did not find any beans (OnBeanCondition)

   ErrorMvcAutoConfiguration.WhitelabelErrorViewConfiguration matched:
      - @ConditionalOnProperty (server.error.whitelabel.enabled) matched (OnPropertyCondition)
      - ErrorTemplate Missing did not find error template view (ErrorMvcAutoConfiguration.ErrorTemplateMissingCondition)

   ErrorMvcAutoConfiguration.WhitelabelErrorViewConfiguration#beanNameViewResolver matched:
      - @ConditionalOnMissingBean (types: org.springframework.web.servlet.view.BeanNameViewResolver; SearchStrategy: all) did not find any beans (OnBeanCondition)

   ErrorMvcAutoConfiguration.WhitelabelErrorViewConfiguration#defaultErrorView matched:
      - @ConditionalOnMissingBean (names: error; SearchStrategy: all) did not find any beans (OnBeanCondition)

   GenericCacheConfiguration matched:
      - Cache org.springframework.boot.autoconfigure.cache.GenericCacheConfiguration automatic cache type (CacheCondition)

   GsonAutoConfiguration matched:
      - @ConditionalOnClass found required class 'com.google.gson.Gson' (OnClassCondition)

   GsonAutoConfiguration#gson matched:
      - @ConditionalOnMissingBean (types: com.google.gson.Gson; SearchStrategy: all) did not find any beans (OnBeanCondition)

   GsonAutoConfiguration#gsonBuilder matched:
      - @ConditionalOnMissingBean (types: com.google.gson.GsonBuilder; SearchStrategy: all) did not find any beans (OnBeanCondition)

   GsonHttpMessageConvertersConfiguration matched:
      - @ConditionalOnClass found required class 'com.google.gson.Gson' (OnClassCondition)

   HibernateJpaAutoConfiguration matched:
      - @ConditionalOnClass found required classes 'org.springframework.orm.jpa.LocalContainerEntityManagerFactoryBean', 'jakarta.persistence.EntityManager', 'org.hibernate.engine.spi.SessionImplementor' (OnClassCondition)

   HibernateJpaConfiguration matched:
      - @ConditionalOnSingleCandidate (types: javax.sql.DataSource; SearchStrategy: all) found a single bean 'dataSource' (OnBeanCondition)

   HttpEncodingAutoConfiguration matched:
      - @ConditionalOnClass found required class 'org.springframework.web.filter.CharacterEncodingFilter' (OnClassCondition)
      - found 'session' scope (OnWebApplicationCondition)
      - @ConditionalOnProperty (server.servlet.encoding.enabled) matched (OnPropertyCondition)

   HttpEncodingAutoConfiguration#characterEncodingFilter matched:
      - @ConditionalOnMissingBean (types: org.springframework.web.filter.CharacterEncodingFilter; SearchStrategy: all) did not find any beans (OnBeanCondition)

   HttpMessageConvertersAutoConfiguration matched:
      - @ConditionalOnClass found required class 'org.springframework.http.converter.HttpMessageConverter' (OnClassCondition)
      - NoneNestedConditions 0 matched 1 did not; NestedCondition on HttpMessageConvertersAutoConfiguration.NotReactiveWebApplicationCondition.ReactiveWebApplication did not find reactive web application classes (HttpMessageConvertersAutoConfiguration.NotReactiveWebApplicationCondition)

   HttpMessageConvertersAutoConfiguration#messageConverters matched:
      - @ConditionalOnMissingBean (types: org.springframework.boot.autoconfigure.http.HttpMessageConverters; SearchStrategy: all) did not find any beans (OnBeanCondition)

   HttpMessageConvertersAutoConfiguration.StringHttpMessageConverterConfiguration matched:
      - @ConditionalOnClass found required class 'org.springframework.http.converter.StringHttpMessageConverter' (OnClassCondition)

   HttpMessageConvertersAutoConfiguration.StringHttpMessageConverterConfiguration#stringHttpMessageConverter matched:
      - @ConditionalOnMissingBean (types: org.springframework.http.converter.StringHttpMessageConverter; SearchStrategy: all) did not find any beans (OnBeanCondition)

   JacksonAutoConfiguration matched:
      - @ConditionalOnClass found required class 'com.fasterxml.jackson.databind.ObjectMapper' (OnClassCondition)

   JacksonAutoConfiguration.Jackson2ObjectMapperBuilderCustomizerConfiguration matched:
      - @ConditionalOnClass found required class 'org.springframework.http.converter.json.Jackson2ObjectMapperBuilder' (OnClassCondition)

   JacksonAutoConfiguration.JacksonObjectMapperBuilderConfiguration matched:
      - @ConditionalOnClass found required class 'org.springframework.http.converter.json.Jackson2ObjectMapperBuilder' (OnClassCondition)

   JacksonAutoConfiguration.JacksonObjectMapperBuilderConfiguration#jacksonObjectMapperBuilder matched:
      - @ConditionalOnMissingBean (types: org.springframework.http.converter.json.Jackson2ObjectMapperBuilder; SearchStrategy: all) did not find any beans (OnBeanCondition)

   JacksonAutoConfiguration.JacksonObjectMapperConfiguration matched:
      - @ConditionalOnClass found required class 'org.springframework.http.converter.json.Jackson2ObjectMapperBuilder' (OnClassCondition)

   JacksonAutoConfiguration.JacksonObjectMapperConfiguration#jacksonObjectMapper matched:
      - @ConditionalOnMissingBean (types: com.fasterxml.jackson.databind.ObjectMapper; SearchStrategy: all) did not find any beans (OnBeanCondition)

   JacksonAutoConfiguration.ParameterNamesModuleConfiguration matched:
      - @ConditionalOnClass found required class 'com.fasterxml.jackson.module.paramnames.ParameterNamesModule' (OnClassCondition)

   JacksonAutoConfiguration.ParameterNamesModuleConfiguration#parameterNamesModule matched:
      - @ConditionalOnMissingBean (types: com.fasterxml.jackson.module.paramnames.ParameterNamesModule; SearchStrategy: all) did not find any beans (OnBeanCondition)

   JacksonHttpMessageConvertersConfiguration.MappingJackson2HttpMessageConverterConfiguration matched:
      - @ConditionalOnClass found required class 'com.fasterxml.jackson.databind.ObjectMapper' (OnClassCondition)
      - @ConditionalOnProperty (spring.mvc.converters.preferred-json-mapper=jackson) matched (OnPropertyCondition)
      - @ConditionalOnBean (types: com.fasterxml.jackson.databind.ObjectMapper; SearchStrategy: all) found bean 'jacksonObjectMapper' (OnBeanCondition)

   JacksonHttpMessageConvertersConfiguration.MappingJackson2HttpMessageConverterConfiguration#mappingJackson2HttpMessageConverter matched:
      - @ConditionalOnMissingBean (types: org.springframework.http.converter.json.MappingJackson2HttpMessageConverter ignored: org.springframework.hateoas.server.mvc.TypeConstrainedMappingJackson2HttpMessageConverter,org.springframework.data.rest.webmvc.alps.AlpsJsonHttpMessageConverter; SearchStrategy: all) did not find any beans (OnBeanCondition)

   JdbcClientAutoConfiguration matched:
      - @ConditionalOnSingleCandidate (types: org.springframework.jdbc.core.namedparam.NamedParameterJdbcTemplate; SearchStrategy: all) found a single bean 'namedParameterJdbcTemplate'; @ConditionalOnMissingBean (types: org.springframework.jdbc.core.simple.JdbcClient; SearchStrategy: all) did not find any beans (OnBeanCondition)

   JdbcTemplateAutoConfiguration matched:
      - @ConditionalOnClass found required classes 'javax.sql.DataSource', 'org.springframework.jdbc.core.JdbcTemplate' (OnClassCondition)
      - @ConditionalOnSingleCandidate (types: javax.sql.DataSource; SearchStrategy: all) found a single bean 'dataSource' (OnBeanCondition)

   JdbcTemplateConfiguration matched:
      - @ConditionalOnMissingBean (types: org.springframework.jdbc.core.JdbcOperations; SearchStrategy: all) did not find any beans (OnBeanCondition)

   JpaBaseConfiguration#entityManagerFactory matched:
      - @ConditionalOnMissingBean (types: org.springframework.orm.jpa.LocalContainerEntityManagerFactoryBean,jakarta.persistence.EntityManagerFactory; SearchStrategy: all) did not find any beans (OnBeanCondition)

   JpaBaseConfiguration#entityManagerFactoryBuilder matched:
      - @ConditionalOnMissingBean (types: org.springframework.boot.orm.jpa.EntityManagerFactoryBuilder; SearchStrategy: all) did not find any beans (OnBeanCondition)

   JpaBaseConfiguration#jpaVendorAdapter matched:
      - @ConditionalOnMissingBean (types: org.springframework.orm.jpa.JpaVendorAdapter; SearchStrategy: all) did not find any beans (OnBeanCondition)

   JpaBaseConfiguration#transactionManager matched:
      - @ConditionalOnMissingBean (types: org.springframework.transaction.TransactionManager; SearchStrategy: all) did not find any beans (OnBeanCondition)

   JpaBaseConfiguration.JpaWebConfiguration matched:
      - @ConditionalOnClass found required class 'org.springframework.web.servlet.config.annotation.WebMvcConfigurer' (OnClassCondition)
      - found 'session' scope (OnWebApplicationCondition)
      - @ConditionalOnProperty (spring.jpa.open-in-view=true) matched (OnPropertyCondition)
      - @ConditionalOnMissingBean (types: org.springframework.orm.jpa.support.OpenEntityManagerInViewInterceptor,org.springframework.orm.jpa.support.OpenEntityManagerInViewFilter; SearchStrategy: all) did not find any beans (OnBeanCondition)

   JpaBaseConfiguration.PersistenceManagedTypesConfiguration matched:
      - @ConditionalOnMissingBean (types: org.springframework.orm.jpa.LocalContainerEntityManagerFactoryBean,jakarta.persistence.EntityManagerFactory; SearchStrategy: all) did not find any beans (OnBeanCondition)

   JpaBaseConfiguration.PersistenceManagedTypesConfiguration#persistenceManagedTypes matched:
      - @ConditionalOnMissingBean (types: org.springframework.orm.jpa.persistenceunit.PersistenceManagedTypes; SearchStrategy: all) did not find any beans (OnBeanCondition)

   JpaRepositoriesAutoConfiguration matched:
      - @ConditionalOnClass found required class 'org.springframework.data.jpa.repository.JpaRepository' (OnClassCondition)
      - @ConditionalOnProperty (spring.data.jpa.repositories.enabled=true) matched (OnPropertyCondition)
      - @ConditionalOnBean (types: javax.sql.DataSource; SearchStrategy: all) found bean 'dataSource'; @ConditionalOnMissingBean (types: org.springframework.data.jpa.repository.support.JpaRepositoryFactoryBean,org.springframework.data.jpa.repository.config.JpaRepositoryConfigExtension; SearchStrategy: all) did not find any beans (OnBeanCondition)

   JtaAutoConfiguration matched:
      - @ConditionalOnClass found required class 'jakarta.transaction.Transaction' (OnClassCondition)
      - @ConditionalOnProperty (spring.jta.enabled) matched (OnPropertyCondition)

   LifecycleAutoConfiguration#defaultLifecycleProcessor matched:
      - @ConditionalOnMissingBean (names: lifecycleProcessor; SearchStrategy: current) did not find any beans (OnBeanCondition)

   MultipartAutoConfiguration matched:
      - @ConditionalOnClass found required classes 'jakarta.servlet.Servlet', 'org.springframework.web.multipart.support.StandardServletMultipartResolver', 'jakarta.servlet.MultipartConfigElement' (OnClassCondition)
      - found 'session' scope (OnWebApplicationCondition)
      - @ConditionalOnProperty (spring.servlet.multipart.enabled) matched (OnPropertyCondition)

   MultipartAutoConfiguration#multipartConfigElement matched:
      - @ConditionalOnMissingBean (types: jakarta.servlet.MultipartConfigElement; SearchStrategy: all) did not find any beans (OnBeanCondition)

   MultipartAutoConfiguration#multipartResolver matched:
      - @ConditionalOnMissingBean (types: org.springframework.web.multipart.MultipartResolver; SearchStrategy: all) did not find any beans (OnBeanCondition)

   NamedParameterJdbcTemplateConfiguration matched:
      - @ConditionalOnSingleCandidate (types: org.springframework.jdbc.core.JdbcTemplate; SearchStrategy: all) found a single bean 'jdbcTemplate'; @ConditionalOnMissingBean (types: org.springframework.jdbc.core.namedparam.NamedParameterJdbcOperations; SearchStrategy: all) did not find any beans (OnBeanCondition)

   NoOpCacheConfiguration matched:
      - Cache org.springframework.boot.autoconfigure.cache.NoOpCacheConfiguration automatic cache type (CacheCondition)

   OAuth2ClientAutoConfiguration matched:
      - @ConditionalOnClass found required classes 'org.springframework.security.config.annotation.web.configuration.EnableWebSecurity', 'org.springframework.security.oauth2.client.registration.ClientRegistration' (OnClassCondition)
      - found 'session' scope (OnWebApplicationCondition)

   PersistenceExceptionTranslationAutoConfiguration matched:
      - @ConditionalOnClass found required class 'org.springframework.dao.annotation.PersistenceExceptionTranslationPostProcessor' (OnClassCondition)

   PersistenceExceptionTranslationAutoConfiguration#persistenceExceptionTranslationPostProcessor matched:
      - @ConditionalOnProperty (spring.dao.exceptiontranslation.enabled) matched (OnPropertyCondition)
      - @ConditionalOnMissingBean (types: org.springframework.dao.annotation.PersistenceExceptionTranslationPostProcessor; SearchStrategy: all) did not find any beans (OnBeanCondition)

   PropertyPlaceholderAutoConfiguration#propertySourcesPlaceholderConfigurer matched:
      - @ConditionalOnMissingBean (types: org.springframework.context.support.PropertySourcesPlaceholderConfigurer; SearchStrategy: current) did not find any beans (OnBeanCondition)

   RestClientAutoConfiguration matched:
      - @ConditionalOnClass found required class 'org.springframework.web.client.RestClient' (OnClassCondition)
      - NoneNestedConditions 0 matched 1 did not; NestedCondition on NotReactiveWebApplicationCondition.ReactiveWebApplication did not find reactive web application classes (NotReactiveWebApplicationCondition)

   RestClientAutoConfiguration#httpMessageConvertersRestClientCustomizer matched:
      - @ConditionalOnMissingBean (types: org.springframework.boot.autoconfigure.web.client.HttpMessageConvertersRestClientCustomizer; SearchStrategy: all) did not find any beans (OnBeanCondition)

   RestClientAutoConfiguration#restClientBuilder matched:
      - @ConditionalOnMissingBean (types: org.springframework.web.client.RestClient$Builder; SearchStrategy: all) did not find any beans (OnBeanCondition)

   RestClientAutoConfiguration#restClientBuilderConfigurer matched:
      - @ConditionalOnMissingBean (types: org.springframework.boot.autoconfigure.web.client.RestClientBuilderConfigurer; SearchStrategy: all) did not find any beans (OnBeanCondition)

   RestClientAutoConfiguration#restClientSsl matched:
      - @ConditionalOnBean (types: org.springframework.boot.ssl.SslBundles; SearchStrategy: all) found bean 'sslBundleRegistry'; @ConditionalOnMissingBean (types: org.springframework.boot.autoconfigure.web.client.RestClientSsl; SearchStrategy: all) did not find any beans (OnBeanCondition)

   RestTemplateAutoConfiguration matched:
      - @ConditionalOnClass found required class 'org.springframework.web.client.RestTemplate' (OnClassCondition)
      - NoneNestedConditions 0 matched 1 did not; NestedCondition on NotReactiveWebApplicationCondition.ReactiveWebApplication did not find reactive web application classes (NotReactiveWebApplicationCondition)

   RestTemplateAutoConfiguration#restTemplateBuilder matched:
      - @ConditionalOnMissingBean (types: org.springframework.boot.web.client.RestTemplateBuilder; SearchStrategy: all) did not find any beans (OnBeanCondition)

   SecurityAutoConfiguration matched:
      - @ConditionalOnClass found required class 'org.springframework.security.authentication.DefaultAuthenticationEventPublisher' (OnClassCondition)

   SecurityAutoConfiguration#authenticationEventPublisher matched:
      - @ConditionalOnMissingBean (types: org.springframework.security.authentication.AuthenticationEventPublisher; SearchStrategy: all) did not find any beans (OnBeanCondition)

   SecurityFilterAutoConfiguration matched:
      - @ConditionalOnClass found required classes 'org.springframework.security.web.context.AbstractSecurityWebApplicationInitializer', 'org.springframework.security.config.http.SessionCreationPolicy' (OnClassCondition)
      - found 'session' scope (OnWebApplicationCondition)

   SecurityFilterAutoConfiguration#securityFilterChainRegistration matched:
      - @ConditionalOnBean (names: springSecurityFilterChain; SearchStrategy: all) found bean 'springSecurityFilterChain' (OnBeanCondition)

   ServletWebServerFactoryAutoConfiguration matched:
      - @ConditionalOnClass found required class 'jakarta.servlet.ServletRequest' (OnClassCondition)
      - found 'session' scope (OnWebApplicationCondition)

   ServletWebServerFactoryAutoConfiguration#tomcatServletWebServerFactoryCustomizer matched:
      - @ConditionalOnClass found required class 'org.apache.catalina.startup.Tomcat' (OnClassCondition)

   ServletWebServerFactoryConfiguration.EmbeddedTomcat matched:
      - @ConditionalOnClass found required classes 'jakarta.servlet.Servlet', 'org.apache.catalina.startup.Tomcat', 'org.apache.coyote.UpgradeProtocol' (OnClassCondition)
      - @ConditionalOnMissingBean (types: org.springframework.boot.web.servlet.server.ServletWebServerFactory; SearchStrategy: current) did not find any beans (OnBeanCondition)

   SimpleCacheConfiguration matched:
      - Cache org.springframework.boot.autoconfigure.cache.SimpleCacheConfiguration automatic cache type (CacheCondition)

   SpringBootWebSecurityConfiguration matched:
      - found 'session' scope (OnWebApplicationCondition)

   SpringDataWebAutoConfiguration matched:
      - @ConditionalOnClass found required classes 'org.springframework.data.web.PageableHandlerMethodArgumentResolver', 'org.springframework.web.servlet.config.annotation.WebMvcConfigurer' (OnClassCondition)
      - found 'session' scope (OnWebApplicationCondition)
      - @ConditionalOnMissingBean (types: org.springframework.data.web.PageableHandlerMethodArgumentResolver; SearchStrategy: all) did not find any beans (OnBeanCondition)

   SpringDataWebAutoConfiguration#pageableCustomizer matched:
      - @ConditionalOnMissingBean (types: org.springframework.data.web.config.PageableHandlerMethodArgumentResolverCustomizer; SearchStrategy: all) did not find any beans (OnBeanCondition)

   SpringDataWebAutoConfiguration#sortCustomizer matched:
      - @ConditionalOnMissingBean (types: org.springframework.data.web.config.SortHandlerMethodArgumentResolverCustomizer; SearchStrategy: all) did not find any beans (OnBeanCondition)

   SqlInitializationAutoConfiguration matched:
      - @ConditionalOnProperty (spring.sql.init.enabled) matched (OnPropertyCondition)
      - NoneNestedConditions 0 matched 1 did not; NestedCondition on SqlInitializationAutoConfiguration.SqlInitializationModeCondition.ModeIsNever @ConditionalOnProperty (spring.sql.init.mode=never) did not find property 'mode' (SqlInitializationAutoConfiguration.SqlInitializationModeCondition)

   SslAutoConfiguration#sslBundleRegistry matched:
      - @ConditionalOnMissingBean (types: org.springframework.boot.ssl.SslBundleRegistry,org.springframework.boot.ssl.SslBundles; SearchStrategy: all) did not find any beans (OnBeanCondition)

   TaskExecutionAutoConfiguration matched:
      - @ConditionalOnClass found required class 'org.springframework.scheduling.concurrent.ThreadPoolTaskExecutor' (OnClassCondition)

   TaskExecutorConfigurations.SimpleAsyncTaskExecutorBuilderConfiguration#simpleAsyncTaskExecutorBuilder matched:
      - @ConditionalOnMissingBean (types: org.springframework.boot.task.SimpleAsyncTaskExecutorBuilder; SearchStrategy: all) did not find any beans (OnBeanCondition)
      - @ConditionalOnThreading found PLATFORM (OnThreadingCondition)

   TaskExecutorConfigurations.TaskExecutorBuilderConfiguration#taskExecutorBuilder matched:
      - @ConditionalOnMissingBean (types: org.springframework.boot.task.TaskExecutorBuilder; SearchStrategy: all) did not find any beans (OnBeanCondition)

   TaskExecutorConfigurations.TaskExecutorConfiguration matched:
      - @ConditionalOnMissingBean (types: java.util.concurrent.Executor; SearchStrategy: all) did not find any beans (OnBeanCondition)

   TaskExecutorConfigurations.TaskExecutorConfiguration#applicationTaskExecutor matched:
      - @ConditionalOnThreading found PLATFORM (OnThreadingCondition)

   TaskExecutorConfigurations.ThreadPoolTaskExecutorBuilderConfiguration#threadPoolTaskExecutorBuilder matched:
      - @ConditionalOnMissingBean (types: org.springframework.boot.task.TaskExecutorBuilder,org.springframework.boot.task.ThreadPoolTaskExecutorBuilder; SearchStrategy: all) did not find any beans (OnBeanCondition)

   TaskSchedulingAutoConfiguration matched:
      - @ConditionalOnClass found required class 'org.springframework.scheduling.concurrent.ThreadPoolTaskScheduler' (OnClassCondition)

   TaskSchedulingConfigurations.SimpleAsyncTaskSchedulerBuilderConfiguration#simpleAsyncTaskSchedulerBuilder matched:
      - @ConditionalOnMissingBean (types: org.springframework.boot.task.SimpleAsyncTaskSchedulerBuilder; SearchStrategy: all) did not find any beans (OnBeanCondition)
      - @ConditionalOnThreading found PLATFORM (OnThreadingCondition)

   TaskSchedulingConfigurations.TaskSchedulerBuilderConfiguration#taskSchedulerBuilder matched:
      - @ConditionalOnMissingBean (types: org.springframework.boot.task.TaskSchedulerBuilder; SearchStrategy: all) did not find any beans (OnBeanCondition)

   TaskSchedulingConfigurations.ThreadPoolTaskSchedulerBuilderConfiguration#threadPoolTaskSchedulerBuilder matched:
      - @ConditionalOnMissingBean (types: org.springframework.boot.task.TaskSchedulerBuilder,org.springframework.boot.task.ThreadPoolTaskSchedulerBuilder; SearchStrategy: all) did not find any beans (OnBeanCondition)

   TransactionAutoConfiguration matched:
      - @ConditionalOnClass found required class 'org.springframework.transaction.PlatformTransactionManager' (OnClassCondition)

   TransactionAutoConfiguration.EnableTransactionManagementConfiguration matched:
      - @ConditionalOnBean (types: org.springframework.transaction.TransactionManager; SearchStrategy: all) found bean 'transactionManager'; @ConditionalOnMissingBean (types: org.springframework.transaction.annotation.AbstractTransactionManagementConfiguration; SearchStrategy: all) did not find any beans (OnBeanCondition)

   TransactionAutoConfiguration.EnableTransactionManagementConfiguration.CglibAutoProxyConfiguration matched:
      - @ConditionalOnProperty (spring.aop.proxy-target-class=true) matched (OnPropertyCondition)

   TransactionAutoConfiguration.TransactionTemplateConfiguration matched:
      - @ConditionalOnSingleCandidate (types: org.springframework.transaction.PlatformTransactionManager; SearchStrategy: all) found a single bean 'transactionManager' (OnBeanCondition)

   TransactionAutoConfiguration.TransactionTemplateConfiguration#transactionTemplate matched:
      - @ConditionalOnMissingBean (types: org.springframework.transaction.support.TransactionOperations; SearchStrategy: all) did not find any beans (OnBeanCondition)

   TransactionManagerCustomizationAutoConfiguration matched:
      - @ConditionalOnClass found required class 'org.springframework.transaction.PlatformTransactionManager' (OnClassCondition)

   TransactionManagerCustomizationAutoConfiguration#platformTransactionManagerCustomizers matched:
      - @ConditionalOnMissingBean (types: org.springframework.boot.autoconfigure.transaction.TransactionManagerCustomizers; SearchStrategy: all) did not find any beans (OnBeanCondition)

   ValidationAutoConfiguration matched:
      - @ConditionalOnClass found required class 'jakarta.validation.executable.ExecutableValidator' (OnClassCondition)
      - @ConditionalOnResource found location classpath:META-INF/services/jakarta.validation.spi.ValidationProvider (OnResourceCondition)

   ValidationAutoConfiguration#defaultValidator matched:
      - @ConditionalOnMissingBean (types: jakarta.validation.Validator; SearchStrategy: all) did not find any beans (OnBeanCondition)

   ValidationAutoConfiguration#methodValidationPostProcessor matched:
      - @ConditionalOnMissingBean (types: org.springframework.validation.beanvalidation.MethodValidationPostProcessor; SearchStrategy: current) did not find any beans (OnBeanCondition)

   WebMvcAutoConfiguration matched:
      - @ConditionalOnClass found required classes 'jakarta.servlet.Servlet', 'org.springframework.web.servlet.DispatcherServlet', 'org.springframework.web.servlet.config.annotation.WebMvcConfigurer' (OnClassCondition)
      - found 'session' scope (OnWebApplicationCondition)
      - @ConditionalOnMissingBean (types: org.springframework.web.servlet.config.annotation.WebMvcConfigurationSupport; SearchStrategy: all) did not find any beans (OnBeanCondition)

   WebMvcAutoConfiguration#formContentFilter matched:
      - @ConditionalOnProperty (spring.mvc.formcontent.filter.enabled) matched (OnPropertyCondition)
      - @ConditionalOnMissingBean (types: org.springframework.web.filter.FormContentFilter; SearchStrategy: all) did not find any beans (OnBeanCondition)

   WebMvcAutoConfiguration.EnableWebMvcConfiguration#flashMapManager matched:
      - @ConditionalOnMissingBean (names: flashMapManager; SearchStrategy: all) did not find any beans (OnBeanCondition)

   WebMvcAutoConfiguration.EnableWebMvcConfiguration#localeResolver matched:
      - @ConditionalOnMissingBean (names: localeResolver; SearchStrategy: all) did not find any beans (OnBeanCondition)

   WebMvcAutoConfiguration.EnableWebMvcConfiguration#themeResolver matched:
      - @ConditionalOnMissingBean (names: themeResolver; SearchStrategy: all) did not find any beans (OnBeanCondition)

   WebMvcAutoConfiguration.WebMvcAutoConfigurationAdapter#defaultViewResolver matched:
      - @ConditionalOnMissingBean (types: org.springframework.web.servlet.view.InternalResourceViewResolver; SearchStrategy: all) did not find any beans (OnBeanCondition)

   WebMvcAutoConfiguration.WebMvcAutoConfigurationAdapter#requestContextFilter matched:
      - @ConditionalOnMissingBean (types: org.springframework.web.context.request.RequestContextListener,org.springframework.web.filter.RequestContextFilter; SearchStrategy: all) did not find any beans (OnBeanCondition)

   WebMvcAutoConfiguration.WebMvcAutoConfigurationAdapter#viewResolver matched:
      - @ConditionalOnBean (types: org.springframework.web.servlet.ViewResolver; SearchStrategy: all) found beans 'defaultViewResolver', 'beanNameViewResolver', 'mvcViewResolver'; @ConditionalOnMissingBean (names: viewResolver types: org.springframework.web.servlet.view.ContentNegotiatingViewResolver; SearchStrategy: all) did not find any beans (OnBeanCondition)

   WebSocketMessagingAutoConfiguration matched:
      - @ConditionalOnClass found required class 'org.springframework.web.socket.config.annotation.WebSocketMessageBrokerConfigurer' (OnClassCondition)
      - found 'session' scope (OnWebApplicationCondition)

   WebSocketServletAutoConfiguration matched:
      - @ConditionalOnClass found required classes 'jakarta.servlet.Servlet', 'jakarta.websocket.server.ServerContainer' (OnClassCondition)
      - found 'session' scope (OnWebApplicationCondition)

   WebSocketServletAutoConfiguration.TomcatWebSocketConfiguration matched:
      - @ConditionalOnClass found required classes 'org.apache.catalina.startup.Tomcat', 'org.apache.tomcat.websocket.server.WsSci' (OnClassCondition)

   WebSocketServletAutoConfiguration.TomcatWebSocketConfiguration#websocketServletWebServerCustomizer matched:
      - @ConditionalOnMissingBean (names: websocketServletWebServerCustomizer; SearchStrategy: all) did not find any beans (OnBeanCondition)


Negative matches:
-----------------

   ActiveMQAutoConfiguration:
      Did not match:
         - @ConditionalOnClass did not find required class 'jakarta.jms.ConnectionFactory' (OnClassCondition)

   AopAutoConfiguration.AspectJAutoProxyingConfiguration.JdkDynamicAutoProxyConfiguration:
      Did not match:
         - @ConditionalOnProperty (spring.aop.proxy-target-class=false) did not find property 'proxy-target-class' (OnPropertyCondition)

   AopAutoConfiguration.ClassProxyingConfiguration:
      Did not match:
         - @ConditionalOnMissingClass found unwanted class 'org.aspectj.weaver.Advice' (OnClassCondition)

   ArtemisAutoConfiguration:
      Did not match:
         - @ConditionalOnClass did not find required class 'jakarta.jms.ConnectionFactory' (OnClassCondition)

   BatchAutoConfiguration:
      Did not match:
         - @ConditionalOnClass did not find required class 'org.springframework.batch.core.launch.JobLauncher' (OnClassCondition)

   Cache2kCacheConfiguration:
      Did not match:
         - @ConditionalOnClass did not find required class 'org.cache2k.Cache2kBuilder' (OnClassCondition)

   CacheAutoConfiguration:
      Did not match:
         - @ConditionalOnBean (types: org.springframework.cache.interceptor.CacheAspectSupport; SearchStrategy: all) did not find any beans of type org.springframework.cache.interceptor.CacheAspectSupport (OnBeanCondition)
      Matched:
         - @ConditionalOnClass found required class 'org.springframework.cache.CacheManager' (OnClassCondition)

   CacheAutoConfiguration.CacheManagerEntityManagerFactoryDependsOnPostProcessor:
      Did not match:
         - Ancestor org.springframework.boot.autoconfigure.cache.CacheAutoConfiguration did not match (ConditionEvaluationReport.AncestorsMatchedCondition)
      Matched:
         - @ConditionalOnClass found required class 'org.springframework.orm.jpa.LocalContainerEntityManagerFactoryBean' (OnClassCondition)

   CaffeineCacheConfiguration:
      Did not match:
         - @ConditionalOnClass did not find required class 'com.github.benmanes.caffeine.cache.Caffeine' (OnClassCondition)

   CassandraAutoConfiguration:
      Did not match:
         - @ConditionalOnClass did not find required class 'com.datastax.oss.driver.api.core.CqlSession' (OnClassCondition)

   CassandraDataAutoConfiguration:
      Did not match:
         - @ConditionalOnClass did not find required class 'com.datastax.oss.driver.api.core.CqlSession' (OnClassCondition)

   CassandraReactiveDataAutoConfiguration:
      Did not match:
         - @ConditionalOnClass did not find required class 'com.datastax.oss.driver.api.core.CqlSession' (OnClassCondition)

   CassandraReactiveRepositoriesAutoConfiguration:
      Did not match:
         - @ConditionalOnClass did not find required class 'org.springframework.data.cassandra.ReactiveSession' (OnClassCondition)

   CassandraRepositoriesAutoConfiguration:
      Did not match:
         - @ConditionalOnClass did not find required class 'com.datastax.oss.driver.api.core.CqlSession' (OnClassCondition)

   ClientHttpConnectorAutoConfiguration:
      Did not match:
         - @ConditionalOnClass did not find required class 'org.springframework.web.reactive.function.client.WebClient' (OnClassCondition)

   CodecsAutoConfiguration:
      Did not match:
         - @ConditionalOnClass did not find required class 'org.springframework.web.reactive.function.client.WebClient' (OnClassCondition)

   CouchbaseAutoConfiguration:
      Did not match:
         - @ConditionalOnClass did not find required class 'com.couchbase.client.java.Cluster' (OnClassCondition)

   CouchbaseCacheConfiguration:
      Did not match:
         - @ConditionalOnClass did not find required class 'com.couchbase.client.java.Cluster' (OnClassCondition)

   CouchbaseDataAutoConfiguration:
      Did not match:
         - @ConditionalOnClass did not find required class 'com.couchbase.client.java.Bucket' (OnClassCondition)

   CouchbaseReactiveDataAutoConfiguration:
      Did not match:
         - @ConditionalOnClass did not find required class 'com.couchbase.client.java.Cluster' (OnClassCondition)

   CouchbaseReactiveRepositoriesAutoConfiguration:
      Did not match:
         - @ConditionalOnClass did not find required class 'com.couchbase.client.java.Cluster' (OnClassCondition)

   CouchbaseRepositoriesAutoConfiguration:
      Did not match:
         - @ConditionalOnClass did not find required class 'com.couchbase.client.java.Bucket' (OnClassCondition)

   DataSourceAutoConfiguration.EmbeddedDatabaseConfiguration:
      Did not match:
         - EmbeddedDataSource spring.datasource.url is set (DataSourceAutoConfiguration.EmbeddedDatabaseCondition)

   DataSourceCheckpointRestoreConfiguration:
      Did not match:
         - @ConditionalOnClass did not find required class 'org.crac.Resource' (OnClassCondition)

   DataSourceConfiguration.Dbcp2:
      Did not match:
         - @ConditionalOnClass did not find required class 'org.apache.commons.dbcp2.BasicDataSource' (OnClassCondition)

   DataSourceConfiguration.Generic:
      Did not match:
         - @ConditionalOnProperty (spring.datasource.type) did not find property 'spring.datasource.type' (OnPropertyCondition)

   DataSourceConfiguration.OracleUcp:
      Did not match:
         - @ConditionalOnClass did not find required classes 'oracle.ucp.jdbc.PoolDataSourceImpl', 'oracle.jdbc.OracleConnection' (OnClassCondition)

   DataSourceConfiguration.Tomcat:
      Did not match:
         - @ConditionalOnClass did not find required class 'org.apache.tomcat.jdbc.pool.DataSource' (OnClassCondition)

   DataSourceJmxConfiguration:
      Did not match:
         - @ConditionalOnProperty (spring.jmx.enabled=true) found different value in property 'enabled' (OnPropertyCondition)

   DataSourcePoolMetadataProvidersConfiguration.CommonsDbcp2PoolDataSourceMetadataProviderConfiguration:
      Did not match:
         - @ConditionalOnClass did not find required class 'org.apache.commons.dbcp2.BasicDataSource' (OnClassCondition)

   DataSourcePoolMetadataProvidersConfiguration.OracleUcpPoolDataSourceMetadataProviderConfiguration:
      Did not match:
         - @ConditionalOnClass did not find required classes 'oracle.ucp.jdbc.PoolDataSource', 'oracle.jdbc.OracleConnection' (OnClassCondition)

   DataSourcePoolMetadataProvidersConfiguration.TomcatDataSourcePoolMetadataProviderConfiguration:
      Did not match:
         - @ConditionalOnClass did not find required class 'org.apache.tomcat.jdbc.pool.DataSource' (OnClassCondition)

   DataSourceTransactionManagerAutoConfiguration.JdbcTransactionManagerConfiguration#transactionManager:
      Did not match:
         - @ConditionalOnMissingBean (types: org.springframework.transaction.TransactionManager; SearchStrategy: all) found beans of type 'org.springframework.transaction.TransactionManager' transactionManager (OnBeanCondition)

   DispatcherServletAutoConfiguration.DispatcherServletConfiguration#multipartResolver:
      Did not match:
         - @ConditionalOnBean (types: org.springframework.web.multipart.MultipartResolver; SearchStrategy: all) did not find any beans of type org.springframework.web.multipart.MultipartResolver (OnBeanCondition)

   ElasticsearchClientAutoConfiguration:
      Did not match:
         - @ConditionalOnClass did not find required class 'co.elastic.clients.elasticsearch.ElasticsearchClient' (OnClassCondition)

   ElasticsearchDataAutoConfiguration:
      Did not match:
         - @ConditionalOnClass did not find required class 'org.springframework.data.elasticsearch.client.elc.ElasticsearchTemplate' (OnClassCondition)

   ElasticsearchRepositoriesAutoConfiguration:
      Did not match:
         - @ConditionalOnClass did not find required class 'org.springframework.data.elasticsearch.repository.ElasticsearchRepository' (OnClassCondition)

   ElasticsearchRestClientAutoConfiguration:
      Did not match:
         - @ConditionalOnClass did not find required class 'org.elasticsearch.client.RestClientBuilder' (OnClassCondition)

   EmbeddedLdapAutoConfiguration:
      Did not match:
         - @ConditionalOnClass did not find required class 'com.unboundid.ldap.listener.InMemoryDirectoryServer' (OnClassCondition)

   EmbeddedWebServerFactoryCustomizerAutoConfiguration:
      Did not match:
         - Application is deployed as a WAR file. (OnWarDeploymentCondition)
      Matched:
         - @ConditionalOnWebApplication (required) found 'session' scope (OnWebApplicationCondition)

   ErrorWebFluxAutoConfiguration:
      Did not match:
         - @ConditionalOnClass did not find required class 'org.springframework.web.reactive.config.WebFluxConfigurer' (OnClassCondition)

   FlywayAutoConfiguration:
      Did not match:
         - @ConditionalOnClass did not find required class 'org.flywaydb.core.Flyway' (OnClassCondition)

   FreeMarkerAutoConfiguration:
      Did not match:
         - @ConditionalOnClass did not find required class 'freemarker.template.Configuration' (OnClassCondition)

   GraphQlAutoConfiguration:
      Did not match:
         - @ConditionalOnClass did not find required class 'graphql.GraphQL' (OnClassCondition)

   GraphQlQueryByExampleAutoConfiguration:
      Did not match:
         - @ConditionalOnClass did not find required class 'graphql.GraphQL' (OnClassCondition)

   GraphQlQuerydslAutoConfiguration:
      Did not match:
         - @ConditionalOnClass did not find required class 'com.querydsl.core.Query' (OnClassCondition)

   GraphQlRSocketAutoConfiguration:
      Did not match:
         - @ConditionalOnClass did not find required class 'graphql.GraphQL' (OnClassCondition)

   GraphQlReactiveQueryByExampleAutoConfiguration:
      Did not match:
         - @ConditionalOnClass did not find required class 'graphql.GraphQL' (OnClassCondition)

   GraphQlReactiveQuerydslAutoConfiguration:
      Did not match:
         - @ConditionalOnClass did not find required class 'com.querydsl.core.Query' (OnClassCondition)

   GraphQlWebFluxAutoConfiguration:
      Did not match:
         - @ConditionalOnClass did not find required class 'graphql.GraphQL' (OnClassCondition)

   GraphQlWebFluxSecurityAutoConfiguration:
      Did not match:
         - @ConditionalOnClass did not find required class 'graphql.GraphQL' (OnClassCondition)

   GraphQlWebMvcAutoConfiguration:
      Did not match:
         - @ConditionalOnClass did not find required class 'graphql.GraphQL' (OnClassCondition)

   GraphQlWebMvcSecurityAutoConfiguration:
      Did not match:
         - @ConditionalOnClass did not find required class 'graphql.GraphQL' (OnClassCondition)

   GroovyTemplateAutoConfiguration:
      Did not match:
         - @ConditionalOnClass did not find required class 'groovy.text.markup.MarkupTemplateEngine' (OnClassCondition)

   GsonHttpMessageConvertersConfiguration.GsonHttpMessageConverterConfiguration:
      Did not match:
         - AnyNestedCondition 0 matched 2 did not; NestedCondition on GsonHttpMessageConvertersConfiguration.PreferGsonOrJacksonAndJsonbUnavailableCondition.JacksonJsonbUnavailable NoneNestedConditions 1 matched 1 did not; NestedCondition on GsonHttpMessageConvertersConfiguration.JacksonAndJsonbUnavailableCondition.JsonbPreferred @ConditionalOnProperty (spring.mvc.converters.preferred-json-mapper=jsonb) did not find property 'spring.mvc.converters.preferred-json-mapper'; NestedCondition on GsonHttpMessageConvertersConfiguration.JacksonAndJsonbUnavailableCondition.JacksonAvailable @ConditionalOnBean (types: org.springframework.http.converter.json.MappingJackson2HttpMessageConverter; SearchStrategy: all) found bean 'mappingJackson2HttpMessageConverter'; NestedCondition on GsonHttpMessageConvertersConfiguration.PreferGsonOrJacksonAndJsonbUnavailableCondition.GsonPreferred @ConditionalOnProperty (spring.mvc.converters.preferred-json-mapper=gson) did not find property 'spring.mvc.converters.preferred-json-mapper' (GsonHttpMessageConvertersConfiguration.PreferGsonOrJacksonAndJsonbUnavailableCondition)

   H2ConsoleAutoConfiguration:
      Did not match:
         - @ConditionalOnClass did not find required class 'org.h2.server.web.JakartaWebServlet' (OnClassCondition)

   HazelcastAutoConfiguration:
      Did not match:
         - @ConditionalOnClass did not find required class 'com.hazelcast.core.HazelcastInstance' (OnClassCondition)

   HazelcastCacheConfiguration:
      Did not match:
         - @ConditionalOnClass did not find required class 'com.hazelcast.core.HazelcastInstance' (OnClassCondition)

   HazelcastJpaDependencyAutoConfiguration:
      Did not match:
         - @ConditionalOnClass did not find required class 'com.hazelcast.core.HazelcastInstance' (OnClassCondition)

   HttpHandlerAutoConfiguration:
      Did not match:
         - @ConditionalOnClass did not find required class 'org.springframework.web.reactive.DispatcherHandler' (OnClassCondition)

   HypermediaAutoConfiguration:
      Did not match:
         - @ConditionalOnClass did not find required class 'org.springframework.hateoas.EntityModel' (OnClassCondition)

   InfinispanCacheConfiguration:
      Did not match:
         - @ConditionalOnClass did not find required class 'org.infinispan.spring.embedded.provider.SpringEmbeddedCacheManager' (OnClassCondition)

   InfluxDbAutoConfiguration:
      Did not match:
         - @ConditionalOnClass did not find required class 'org.influxdb.InfluxDB' (OnClassCondition)

   IntegrationAutoConfiguration:
      Did not match:
         - @ConditionalOnClass did not find required class 'org.springframework.integration.config.EnableIntegration' (OnClassCondition)

   JCacheCacheConfiguration:
      Did not match:
         - @ConditionalOnClass did not find required class 'javax.cache.Caching' (OnClassCondition)

   JacksonHttpMessageConvertersConfiguration.MappingJackson2XmlHttpMessageConverterConfiguration:
      Did not match:
         - @ConditionalOnClass did not find required class 'com.fasterxml.jackson.dataformat.xml.XmlMapper' (OnClassCondition)

   JdbcRepositoriesAutoConfiguration:
      Did not match:
         - @ConditionalOnClass did not find required class 'org.springframework.data.jdbc.repository.config.AbstractJdbcConfiguration' (OnClassCondition)

   JerseyAutoConfiguration:
      Did not match:
         - @ConditionalOnClass did not find required class 'org.glassfish.jersey.server.spring.SpringComponentProvider' (OnClassCondition)

   JmsAutoConfiguration:
      Did not match:
         - @ConditionalOnClass did not find required class 'jakarta.jms.Message' (OnClassCondition)

   JmxAutoConfiguration:
      Did not match:
         - @ConditionalOnProperty (spring.jmx.enabled=true) found different value in property 'enabled' (OnPropertyCondition)
      Matched:
         - @ConditionalOnClass found required class 'org.springframework.jmx.export.MBeanExporter' (OnClassCondition)

   JndiConnectionFactoryAutoConfiguration:
      Did not match:
         - @ConditionalOnClass did not find required class 'org.springframework.jms.core.JmsTemplate' (OnClassCondition)

   JndiDataSourceAutoConfiguration:
      Did not match:
         - @ConditionalOnProperty (spring.datasource.jndi-name) did not find property 'jndi-name' (OnPropertyCondition)
      Matched:
         - @ConditionalOnClass found required classes 'javax.sql.DataSource', 'org.springframework.jdbc.datasource.embedded.EmbeddedDatabaseType' (OnClassCondition)

   JndiJtaConfiguration:
      Did not match:
         - @ConditionalOnJndi JNDI environment is not available (OnJndiCondition)
      Matched:
         - @ConditionalOnClass found required class 'org.springframework.transaction.jta.JtaTransactionManager' (OnClassCondition)

   JooqAutoConfiguration:
      Did not match:
         - @ConditionalOnClass did not find required class 'org.jooq.DSLContext' (OnClassCondition)

   JpaRepositoriesAutoConfiguration#entityManagerFactoryBootstrapExecutorCustomizer:
      Did not match:
         - AnyNestedCondition 0 matched 2 did not; NestedCondition on JpaRepositoriesAutoConfiguration.BootstrapExecutorCondition.LazyBootstrapMode @ConditionalOnProperty (spring.data.jpa.repositories.bootstrap-mode=lazy) did not find property 'bootstrap-mode'; NestedCondition on JpaRepositoriesAutoConfiguration.BootstrapExecutorCondition.DeferredBootstrapMode @ConditionalOnProperty (spring.data.jpa.repositories.bootstrap-mode=deferred) did not find property 'bootstrap-mode' (JpaRepositoriesAutoConfiguration.BootstrapExecutorCondition)

   JsonbAutoConfiguration:
      Did not match:
         - @ConditionalOnClass did not find required class 'jakarta.json.bind.Jsonb' (OnClassCondition)

   JsonbHttpMessageConvertersConfiguration:
      Did not match:
         - @ConditionalOnClass did not find required class 'jakarta.json.bind.Jsonb' (OnClassCondition)

   KafkaAutoConfiguration:
      Did not match:
         - @ConditionalOnClass did not find required class 'org.springframework.kafka.core.KafkaTemplate' (OnClassCondition)

   LdapAutoConfiguration:
      Did not match:
         - @ConditionalOnClass did not find required class 'org.springframework.ldap.core.ContextSource' (OnClassCondition)

   LdapRepositoriesAutoConfiguration:
      Did not match:
         - @ConditionalOnClass did not find required class 'org.springframework.data.ldap.repository.LdapRepository' (OnClassCondition)

   LiquibaseAutoConfiguration:
      Did not match:
         - @ConditionalOnClass did not find required class 'liquibase.change.DatabaseChange' (OnClassCondition)

   MailSenderAutoConfiguration:
      Did not match:
         - @ConditionalOnClass did not find required class 'jakarta.mail.internet.MimeMessage' (OnClassCondition)

   MailSenderValidatorAutoConfiguration:
      Did not match:
         - @ConditionalOnSingleCandidate did not find required type 'org.springframework.mail.javamail.JavaMailSenderImpl' (OnBeanCondition)

   MessageSourceAutoConfiguration:
      Did not match:
         - ResourceBundle did not find bundle with basename messages (MessageSourceAutoConfiguration.ResourceBundleCondition)

   MongoAutoConfiguration:
      Did not match:
         - @ConditionalOnClass did not find required class 'com.mongodb.client.MongoClient' (OnClassCondition)

   MongoDataAutoConfiguration:
      Did not match:
         - @ConditionalOnClass did not find required class 'com.mongodb.client.MongoClient' (OnClassCondition)

   MongoReactiveAutoConfiguration:
      Did not match:
         - @ConditionalOnClass did not find required class 'com.mongodb.reactivestreams.client.MongoClient' (OnClassCondition)

   MongoReactiveDataAutoConfiguration:
      Did not match:
         - @ConditionalOnClass did not find required class 'com.mongodb.reactivestreams.client.MongoClient' (OnClassCondition)

   MongoReactiveRepositoriesAutoConfiguration:
      Did not match:
         - @ConditionalOnClass did not find required class 'com.mongodb.reactivestreams.client.MongoClient' (OnClassCondition)

   MongoRepositoriesAutoConfiguration:
      Did not match:
         - @ConditionalOnClass did not find required class 'com.mongodb.client.MongoClient' (OnClassCondition)

   MustacheAutoConfiguration:
      Did not match:
         - @ConditionalOnClass did not find required class 'com.samskivert.mustache.Mustache' (OnClassCondition)

   Neo4jAutoConfiguration:
      Did not match:
         - @ConditionalOnClass did not find required class 'org.neo4j.driver.Driver' (OnClassCondition)

   Neo4jDataAutoConfiguration:
      Did not match:
         - @ConditionalOnClass did not find required class 'org.neo4j.driver.Driver' (OnClassCondition)

   Neo4jReactiveDataAutoConfiguration:
      Did not match:
         - @ConditionalOnClass did not find required class 'org.neo4j.driver.Driver' (OnClassCondition)

   Neo4jReactiveRepositoriesAutoConfiguration:
      Did not match:
         - @ConditionalOnClass did not find required class 'org.neo4j.driver.Driver' (OnClassCondition)

   Neo4jRepositoriesAutoConfiguration:
      Did not match:
         - @ConditionalOnClass did not find required class 'org.neo4j.driver.Driver' (OnClassCondition)

   NettyAutoConfiguration:
      Did not match:
         - @ConditionalOnClass did not find required class 'io.netty.util.NettyRuntime' (OnClassCondition)

   OAuth2AuthorizationServerAutoConfiguration:
      Did not match:
         - @ConditionalOnClass did not find required class 'org.springframework.security.oauth2.server.authorization.OAuth2Authorization' (OnClassCondition)

   OAuth2AuthorizationServerJwtAutoConfiguration:
      Did not match:
         - @ConditionalOnClass did not find required class 'org.springframework.security.oauth2.server.authorization.OAuth2Authorization' (OnClassCondition)

   OAuth2ClientRegistrationRepositoryConfiguration:
      Did not match:
         - OAuth2 Clients Configured Condition registered clients is not available (ClientsConfiguredCondition)

   OAuth2ResourceServerAutoConfiguration:
      Did not match:
         - @ConditionalOnClass did not find required class 'org.springframework.security.oauth2.server.resource.authentication.BearerTokenAuthenticationToken' (OnClassCondition)

   OAuth2WebSecurityConfiguration:
      Did not match:
         - @ConditionalOnBean (types: org.springframework.security.oauth2.client.registration.ClientRegistrationRepository; SearchStrategy: all) did not find any beans of type org.springframework.security.oauth2.client.registration.ClientRegistrationRepository (OnBeanCondition)

   ProjectInfoAutoConfiguration#buildProperties:
      Did not match:
         - @ConditionalOnResource did not find resource '${spring.info.build.location:classpath:META-INF/build-info.properties}' (OnResourceCondition)

   ProjectInfoAutoConfiguration#gitProperties:
      Did not match:
         - GitResource did not find git info at classpath:git.properties (ProjectInfoAutoConfiguration.GitResourceAvailableCondition)

   PulsarAutoConfiguration:
      Did not match:
         - @ConditionalOnClass did not find required class 'org.apache.pulsar.client.api.PulsarClient' (OnClassCondition)

   PulsarReactiveAutoConfiguration:
      Did not match:
         - @ConditionalOnClass did not find required class 'org.apache.pulsar.client.api.PulsarClient' (OnClassCondition)

   QuartzAutoConfiguration:
      Did not match:
         - @ConditionalOnClass did not find required class 'org.quartz.Scheduler' (OnClassCondition)

   R2dbcAutoConfiguration:
      Did not match:
         - @ConditionalOnClass did not find required class 'io.r2dbc.spi.ConnectionFactory' (OnClassCondition)

   R2dbcDataAutoConfiguration:
      Did not match:
         - @ConditionalOnClass did not find required class 'org.springframework.data.r2dbc.core.R2dbcEntityTemplate' (OnClassCondition)

   R2dbcInitializationConfiguration:
      Did not match:
         - @ConditionalOnClass did not find required classes 'io.r2dbc.spi.ConnectionFactory', 'org.springframework.r2dbc.connection.init.DatabasePopulator' (OnClassCondition)

   R2dbcRepositoriesAutoConfiguration:
      Did not match:
         - @ConditionalOnClass did not find required class 'io.r2dbc.spi.ConnectionFactory' (OnClassCondition)

   R2dbcTransactionManagerAutoConfiguration:
      Did not match:
         - @ConditionalOnClass did not find required class 'org.springframework.r2dbc.connection.R2dbcTransactionManager' (OnClassCondition)

   RSocketGraphQlClientAutoConfiguration:
      Did not match:
         - @ConditionalOnClass did not find required class 'graphql.GraphQL' (OnClassCondition)

   RSocketMessagingAutoConfiguration:
      Did not match:
         - @ConditionalOnClass did not find required class 'io.rsocket.RSocket' (OnClassCondition)

   RSocketRequesterAutoConfiguration:
      Did not match:
         - @ConditionalOnClass did not find required class 'io.rsocket.RSocket' (OnClassCondition)

   RSocketSecurityAutoConfiguration:
      Did not match:
         - @ConditionalOnClass did not find required class 'org.springframework.security.rsocket.core.SecuritySocketAcceptorInterceptor' (OnClassCondition)

   RSocketServerAutoConfiguration:
      Did not match:
         - @ConditionalOnClass did not find required class 'io.rsocket.core.RSocketServer' (OnClassCondition)

   RSocketStrategiesAutoConfiguration:
      Did not match:
         - @ConditionalOnClass did not find required class 'io.netty.buffer.PooledByteBufAllocator' (OnClassCondition)

   RabbitAutoConfiguration:
      Did not match:
         - @ConditionalOnClass did not find required class 'com.rabbitmq.client.Channel' (OnClassCondition)

   ReactiveElasticsearchClientAutoConfiguration:
      Did not match:
         - @ConditionalOnClass did not find required class 'co.elastic.clients.transport.ElasticsearchTransport' (OnClassCondition)

   ReactiveElasticsearchRepositoriesAutoConfiguration:
      Did not match:
         - @ConditionalOnClass did not find required class 'org.springframework.data.elasticsearch.client.elc.ReactiveElasticsearchClient' (OnClassCondition)

   ReactiveMultipartAutoConfiguration:
      Did not match:
         - @ConditionalOnClass did not find required class 'org.springframework.web.reactive.config.WebFluxConfigurer' (OnClassCondition)

   ReactiveOAuth2ClientAutoConfiguration:
      Did not match:
         - @ConditionalOnClass did not find required class 'reactor.core.publisher.Flux' (OnClassCondition)

   ReactiveOAuth2ResourceServerAutoConfiguration:
      Did not match:
         - @ConditionalOnWebApplication did not find reactive web application classes (OnWebApplicationCondition)

   ReactiveSecurityAutoConfiguration:
      Did not match:
         - @ConditionalOnClass did not find required class 'reactor.core.publisher.Flux' (OnClassCondition)

   ReactiveUserDetailsServiceAutoConfiguration:
      Did not match:
         - AnyNestedCondition 0 matched 3 did not; NestedCondition on ReactiveUserDetailsServiceAutoConfiguration.MissingAlternativeOrUserPropertiesConfigured.PasswordConfigured @ConditionalOnProperty (spring.security.user.password) did not find property 'password'; NestedCondition on ReactiveUserDetailsServiceAutoConfiguration.MissingAlternativeOrUserPropertiesConfigured.NameConfigured @ConditionalOnProperty (spring.security.user.name) did not find property 'name'; NestedCondition on ReactiveUserDetailsServiceAutoConfiguration.MissingAlternativeOrUserPropertiesConfigured.MissingAlternative @ConditionalOnMissingClass found unwanted class 'org.springframework.security.oauth2.client.registration.ClientRegistrationRepository' (ReactiveUserDetailsServiceAutoConfiguration.MissingAlternativeOrUserPropertiesConfigured)
      Matched:
         - @ConditionalOnClass found required class 'org.springframework.security.authentication.ReactiveAuthenticationManager' (OnClassCondition)

   ReactiveWebServerFactoryAutoConfiguration:
      Did not match:
         - @ConditionalOnWebApplication did not find reactive web application classes (OnWebApplicationCondition)

   ReactorAutoConfiguration:
      Did not match:
         - @ConditionalOnClass did not find required class 'reactor.core.publisher.Hooks' (OnClassCondition)

   RedisAutoConfiguration:
      Did not match:
         - @ConditionalOnClass did not find required class 'org.springframework.data.redis.core.RedisOperations' (OnClassCondition)

   RedisCacheConfiguration:
      Did not match:
         - @ConditionalOnClass did not find required class 'org.springframework.data.redis.connection.RedisConnectionFactory' (OnClassCondition)

   RedisReactiveAutoConfiguration:
      Did not match:
         - @ConditionalOnClass did not find required class 'reactor.core.publisher.Flux' (OnClassCondition)

   RedisRepositoriesAutoConfiguration:
      Did not match:
         - @ConditionalOnClass did not find required class 'org.springframework.data.redis.repository.configuration.EnableRedisRepositories' (OnClassCondition)

   RepositoryRestMvcAutoConfiguration:
      Did not match:
         - @ConditionalOnClass did not find required class 'org.springframework.data.rest.webmvc.config.RepositoryRestMvcConfiguration' (OnClassCondition)

   Saml2RelyingPartyAutoConfiguration:
      Did not match:
         - @ConditionalOnClass did not find required class 'org.springframework.security.saml2.provider.service.registration.RelyingPartyRegistrationRepository' (OnClassCondition)

   SecurityDataConfiguration:
      Did not match:
         - @ConditionalOnClass did not find required class 'org.springframework.security.data.repository.query.SecurityEvaluationContextExtension' (OnClassCondition)

   SendGridAutoConfiguration:
      Did not match:
         - @ConditionalOnClass did not find required class 'com.sendgrid.SendGrid' (OnClassCondition)

   ServletWebServerFactoryAutoConfiguration.ForwardedHeaderFilterConfiguration:
      Did not match:
         - @ConditionalOnProperty (server.forward-headers-strategy=framework) did not find property 'server.forward-headers-strategy' (OnPropertyCondition)

   ServletWebServerFactoryConfiguration.EmbeddedJetty:
      Did not match:
         - @ConditionalOnClass did not find required classes 'org.eclipse.jetty.server.Server', 'org.eclipse.jetty.util.Loader', 'org.eclipse.jetty.ee10.webapp.WebAppContext' (OnClassCondition)

   ServletWebServerFactoryConfiguration.EmbeddedUndertow:
      Did not match:
         - @ConditionalOnClass did not find required classes 'io.undertow.Undertow', 'org.xnio.SslClientAuthMode' (OnClassCondition)

   SessionAutoConfiguration:
      Did not match:
         - @ConditionalOnClass did not find required class 'org.springframework.session.Session' (OnClassCondition)

   SpringApplicationAdminJmxAutoConfiguration:
      Did not match:
         - @ConditionalOnProperty (spring.application.admin.enabled=true) did not find property 'enabled' (OnPropertyCondition)

   SpringBootWebSecurityConfiguration.SecurityFilterChainConfiguration:
      Did not match:
         - AllNestedConditions 1 matched 1 did not; NestedCondition on DefaultWebSecurityCondition.Beans @ConditionalOnMissingBean (types: org.springframework.security.web.SecurityFilterChain; SearchStrategy: all) found beans of type 'org.springframework.security.web.SecurityFilterChain' securityFilterChain; NestedCondition on DefaultWebSecurityCondition.Classes @ConditionalOnClass found required classes 'org.springframework.security.web.SecurityFilterChain', 'org.springframework.security.config.annotation.web.builders.HttpSecurity' (DefaultWebSecurityCondition)

   SpringBootWebSecurityConfiguration.WebSecurityEnablerConfiguration:
      Did not match:
         - @ConditionalOnMissingBean (names: springSecurityFilterChain; SearchStrategy: all) found beans named springSecurityFilterChain (OnBeanCondition)
      Matched:
         - @ConditionalOnClass found required class 'org.springframework.security.config.annotation.web.configuration.EnableWebSecurity' (OnClassCondition)

   TaskExecutorConfigurations.SimpleAsyncTaskExecutorBuilderConfiguration#simpleAsyncTaskExecutorBuilderVirtualThreads:
      Did not match:
         - @ConditionalOnMissingBean (types: org.springframework.boot.task.SimpleAsyncTaskExecutorBuilder; SearchStrategy: all) found beans of type 'org.springframework.boot.task.SimpleAsyncTaskExecutorBuilder' simpleAsyncTaskExecutorBuilder (OnBeanCondition)

   TaskExecutorConfigurations.TaskExecutorConfiguration#applicationTaskExecutorVirtualThreads:
      Did not match:
         - @ConditionalOnThreading did not find VIRTUAL (OnThreadingCondition)

   TaskSchedulingAutoConfiguration#scheduledBeanLazyInitializationExcludeFilter:
      Did not match:
         - @ConditionalOnBean (names: org.springframework.context.annotation.internalScheduledAnnotationProcessor; SearchStrategy: all) did not find any beans named org.springframework.context.annotation.internalScheduledAnnotationProcessor (OnBeanCondition)

   TaskSchedulingConfigurations.SimpleAsyncTaskSchedulerBuilderConfiguration#simpleAsyncTaskSchedulerBuilderVirtualThreads:
      Did not match:
         - @ConditionalOnMissingBean (types: org.springframework.boot.task.SimpleAsyncTaskSchedulerBuilder; SearchStrategy: all) found beans of type 'org.springframework.boot.task.SimpleAsyncTaskSchedulerBuilder' simpleAsyncTaskSchedulerBuilder (OnBeanCondition)

   TaskSchedulingConfigurations.TaskSchedulerConfiguration:
      Did not match:
         - @ConditionalOnBean (names: org.springframework.context.annotation.internalScheduledAnnotationProcessor; SearchStrategy: all) did not find any beans named org.springframework.context.annotation.internalScheduledAnnotationProcessor (OnBeanCondition)

   ThymeleafAutoConfiguration:
      Did not match:
         - @ConditionalOnClass did not find required class 'org.thymeleaf.spring6.SpringTemplateEngine' (OnClassCondition)

   TransactionAutoConfiguration#transactionalOperator:
      Did not match:
         - @ConditionalOnSingleCandidate (types: org.springframework.transaction.ReactiveTransactionManager; SearchStrategy: all) did not find any beans (OnBeanCondition)

   TransactionAutoConfiguration.AspectJTransactionManagementConfiguration:
      Did not match:
         - @ConditionalOnBean (types: org.springframework.transaction.aspectj.AbstractTransactionAspect; SearchStrategy: all) did not find any beans of type org.springframework.transaction.aspectj.AbstractTransactionAspect (OnBeanCondition)

   TransactionAutoConfiguration.EnableTransactionManagementConfiguration.JdkDynamicAutoProxyConfiguration:
      Did not match:
         - @ConditionalOnProperty (spring.aop.proxy-target-class=false) did not find property 'proxy-target-class' (OnPropertyCondition)

   UserDetailsServiceAutoConfiguration:
      Did not match:
         - AnyNestedCondition 0 matched 3 did not; NestedCondition on UserDetailsServiceAutoConfiguration.MissingAlternativeOrUserPropertiesConfigured.PasswordConfigured @ConditionalOnProperty (spring.security.user.password) did not find property 'password'; NestedCondition on UserDetailsServiceAutoConfiguration.MissingAlternativeOrUserPropertiesConfigured.NameConfigured @ConditionalOnProperty (spring.security.user.name) did not find property 'name'; NestedCondition on UserDetailsServiceAutoConfiguration.MissingAlternativeOrUserPropertiesConfigured.MissingAlternative @ConditionalOnMissingClass found unwanted class 'org.springframework.security.oauth2.client.registration.ClientRegistrationRepository' (UserDetailsServiceAutoConfiguration.MissingAlternativeOrUserPropertiesConfigured)
      Matched:
         - @ConditionalOnClass found required class 'org.springframework.security.authentication.AuthenticationManager' (OnClassCondition)

   WebClientAutoConfiguration:
      Did not match:
         - @ConditionalOnClass did not find required class 'org.springframework.web.reactive.function.client.WebClient' (OnClassCondition)

   WebFluxAutoConfiguration:
      Did not match:
         - @ConditionalOnClass did not find required class 'org.springframework.web.reactive.config.WebFluxConfigurer' (OnClassCondition)

   WebMvcAutoConfiguration#hiddenHttpMethodFilter:
      Did not match:
         - @ConditionalOnProperty (spring.mvc.hiddenmethod.filter.enabled) did not find property 'enabled' (OnPropertyCondition)

   WebMvcAutoConfiguration.ProblemDetailsErrorHandlingConfiguration:
      Did not match:
         - @ConditionalOnProperty (spring.mvc.problemdetails.enabled=true) did not find property 'enabled' (OnPropertyCondition)

   WebMvcAutoConfiguration.ResourceChainCustomizerConfiguration:
      Did not match:
         - @ConditionalOnEnabledResourceChain did not find class org.webjars.WebJarAssetLocator (OnEnabledResourceChainCondition)

   WebMvcAutoConfiguration.WebMvcAutoConfigurationAdapter#beanNameViewResolver:
      Did not match:
         - @ConditionalOnMissingBean (types: org.springframework.web.servlet.view.BeanNameViewResolver; SearchStrategy: all) found beans of type 'org.springframework.web.servlet.view.BeanNameViewResolver' beanNameViewResolver (OnBeanCondition)

   WebServiceTemplateAutoConfiguration:
      Did not match:
         - @ConditionalOnClass did not find required class 'org.springframework.oxm.Marshaller' (OnClassCondition)

   WebServicesAutoConfiguration:
      Did not match:
         - @ConditionalOnClass did not find required class 'org.springframework.ws.transport.http.MessageDispatcherServlet' (OnClassCondition)

   WebSessionIdResolverAutoConfiguration:
      Did not match:
         - @ConditionalOnClass did not find required class 'reactor.core.publisher.Mono' (OnClassCondition)

   WebSocketMessagingAutoConfiguration.WebSocketMessageConverterConfiguration:
      Did not match:
         - @ConditionalOnBean (types: org.springframework.web.socket.config.annotation.DelegatingWebSocketMessageBrokerConfiguration,com.fasterxml.jackson.databind.ObjectMapper; SearchStrategy: all) did not find any beans of type org.springframework.web.socket.config.annotation.DelegatingWebSocketMessageBrokerConfiguration (OnBeanCondition)
      Matched:
         - @ConditionalOnClass found required classes 'com.fasterxml.jackson.databind.ObjectMapper', 'org.springframework.messaging.simp.config.AbstractMessageBrokerConfiguration' (OnClassCondition)

   WebSocketReactiveAutoConfiguration:
      Did not match:
         - @ConditionalOnWebApplication did not find reactive web application classes (OnWebApplicationCondition)

   WebSocketServletAutoConfiguration.JettyWebSocketConfiguration:
      Did not match:
         - @ConditionalOnClass did not find required class 'org.eclipse.jetty.ee10.websocket.jakarta.server.config.JakartaWebSocketServletContainerInitializer' (OnClassCondition)

   WebSocketServletAutoConfiguration.UndertowWebSocketConfiguration:
      Did not match:
         - @ConditionalOnClass did not find required class 'io.undertow.websockets.jsr.Bootstrap' (OnClassCondition)

   XADataSourceAutoConfiguration:
      Did not match:
         - @ConditionalOnBean (types: org.springframework.boot.jdbc.XADataSourceWrapper; SearchStrategy: all) did not find any beans of type org.springframework.boot.jdbc.XADataSourceWrapper (OnBeanCondition)
      Matched:
         - @ConditionalOnClass found required classes 'javax.sql.DataSource', 'jakarta.transaction.TransactionManager', 'org.springframework.jdbc.datasource.embedded.EmbeddedDatabaseType' (OnClassCondition)


Exclusions:
-----------

    None


Unconditional classes:
----------------------

    org.springframework.boot.autoconfigure.context.ConfigurationPropertiesAutoConfiguration

    org.springframework.boot.autoconfigure.ssl.SslAutoConfiguration

    org.springframework.boot.autoconfigure.context.LifecycleAutoConfiguration

    org.springframework.boot.autoconfigure.context.PropertyPlaceholderAutoConfiguration

    org.springframework.boot.autoconfigure.availability.ApplicationAvailabilityAutoConfiguration

    org.springframework.boot.autoconfigure.info.ProjectInfoAutoConfiguration



2024-08-16T20:42:02.556+09:00  INFO 13981 --- [faniverse] [    Test worker] f.faniverse.FaniverseApplicationTests    : Started FaniverseApplicationTests in 20.962 seconds (process running for 22.487)
2024-08-16T20:42:02.557+09:00 DEBUG 13981 --- [faniverse] [    Test worker] o.s.b.a.ApplicationAvailabilityBean      : Application availability state LivenessState changed to CORRECT
2024-08-16T20:42:02.560+09:00 DEBUG 13981 --- [faniverse] [    Test worker] o.s.b.a.ApplicationAvailabilityBean      : Application availability state ReadinessState changed to ACCEPTING_TRAFFIC
2024-08-16T20:42:02.561+09:00 DEBUG 13981 --- [faniverse] [    Test worker] org.springframework.test.context.cache   : Spring test ApplicationContext cache statistics: [DefaultContextCache@ed37e52 size = 1, maxSize = 32, parentContextCount = 0, hitCount = 0, missCount = 1, failureCount = 0]
2024-08-16T20:42:02.562+09:00 DEBUG 13981 --- [faniverse] [    Test worker] o.s.t.c.w.ServletTestExecutionListener   : Setting up MockHttpServletRequest, MockHttpServletResponse, ServletWebRequest, and RequestContextHolder for test class fantastic.faniverse.FaniverseApplicationTests
2024-08-16T20:42:02.581+09:00 DEBUG 13981 --- [faniverse] [    Test worker] DependencyInjectionTestExecutionListener : Performing dependency injection for test class fantastic.faniverse.FaniverseApplicationTests
2024-08-16T20:42:02.581+09:00 DEBUG 13981 --- [faniverse] [    Test worker] org.springframework.test.context.cache   : Spring test ApplicationContext cache statistics: [DefaultContextCache@ed37e52 size = 1, maxSize = 32, parentContextCount = 0, hitCount = 1, missCount = 1, failureCount = 0]
2024-08-16T20:42:02.583+09:00 DEBUG 13981 --- [faniverse] [    Test worker] org.springframework.test.context.cache   : Spring test ApplicationContext cache statistics: [DefaultContextCache@ed37e52 size = 1, maxSize = 32, parentContextCount = 0, hitCount = 2, missCount = 1, failureCount = 0]
2024-08-16T20:42:02.589+09:00 DEBUG 13981 --- [faniverse] [    Test worker] sContextBeforeModesTestExecutionListener : Before test method: class [FaniverseApplicationTests], method [contextLoads], class annotated with @DirtiesContext [false] with mode [null], method annotated with @DirtiesContext [false] with mode [null]
2024-08-16T20:42:02.592+09:00 DEBUG 13981 --- [faniverse] [    Test worker] org.springframework.test.context.cache   : Spring test ApplicationContext cache statistics: [DefaultContextCache@ed37e52 size = 1, maxSize = 32, parentContextCount = 0, hitCount = 3, missCount = 1, failureCount = 0]
2024-08-16T20:42:02.592+09:00 DEBUG 13981 --- [faniverse] [    Test worker] org.springframework.test.context.cache   : Spring test ApplicationContext cache statistics: [DefaultContextCache@ed37e52 size = 1, maxSize = 32, parentContextCount = 0, hitCount = 4, missCount = 1, failureCount = 0]
2024-08-16T20:42:03.282+09:00 DEBUG 13981 --- [faniverse] [    Test worker] org.springframework.test.context.cache   : Spring test ApplicationContext cache statistics: [DefaultContextCache@ed37e52 size = 1, maxSize = 32, parentContextCount = 0, hitCount = 5, missCount = 1, failureCount = 0]
2024-08-16T20:42:03.289+09:00 DEBUG 13981 --- [faniverse] [    Test worker] org.springframework.test.context.cache   : Spring test ApplicationContext cache statistics: [DefaultContextCache@ed37e52 size = 1, maxSize = 32, parentContextCount = 0, hitCount = 6, missCount = 1, failureCount = 0]
2024-08-16T20:42:03.290+09:00 DEBUG 13981 --- [faniverse] [    Test worker] org.springframework.test.context.cache   : Spring test ApplicationContext cache statistics: [DefaultContextCache@ed37e52 size = 1, maxSize = 32, parentContextCount = 0, hitCount = 7, missCount = 1, failureCount = 0]
2024-08-16T20:42:03.293+09:00 DEBUG 13981 --- [faniverse] [    Test worker] org.springframework.test.context.cache   : Spring test ApplicationContext cache statistics: [DefaultContextCache@ed37e52 size = 1, maxSize = 32, parentContextCount = 0, hitCount = 8, missCount = 1, failureCount = 0]
2024-08-16T20:42:03.293+09:00 DEBUG 13981 --- [faniverse] [    Test worker] org.springframework.test.context.cache   : Spring test ApplicationContext cache statistics: [DefaultContextCache@ed37e52 size = 1, maxSize = 32, parentContextCount = 0, hitCount = 9, missCount = 1, failureCount = 0]
2024-08-16T20:42:03.294+09:00 DEBUG 13981 --- [faniverse] [    Test worker] org.springframework.test.context.cache   : Spring test ApplicationContext cache statistics: [DefaultContextCache@ed37e52 size = 1, maxSize = 32, parentContextCount = 0, hitCount = 10, missCount = 1, failureCount = 0]
2024-08-16T20:42:03.297+09:00 DEBUG 13981 --- [faniverse] [    Test worker] org.springframework.test.context.cache   : Spring test ApplicationContext cache statistics: [DefaultContextCache@ed37e52 size = 1, maxSize = 32, parentContextCount = 0, hitCount = 11, missCount = 1, failureCount = 0]
2024-08-16T20:42:03.298+09:00 DEBUG 13981 --- [faniverse] [    Test worker] org.springframework.test.context.cache   : Spring test ApplicationContext cache statistics: [DefaultContextCache@ed37e52 size = 1, maxSize = 32, parentContextCount = 0, hitCount = 12, missCount = 1, failureCount = 0]
2024-08-16T20:42:03.299+09:00 DEBUG 13981 --- [faniverse] [    Test worker] .c.s.DirtiesContextTestExecutionListener : After test method: class [FaniverseApplicationTests], method [contextLoads], class annotated with @DirtiesContext [false] with mode [null], method annotated with @DirtiesContext [false] with mode [null]
2024-08-16T20:42:03.299+09:00 DEBUG 13981 --- [faniverse] [    Test worker] o.s.t.c.w.ServletTestExecutionListener   : Resetting RequestContextHolder for test class fantastic.faniverse.FaniverseApplicationTests
2024-08-16T20:42:03.310+09:00 DEBUG 13981 --- [faniverse] [    Test worker] org.springframework.test.context.cache   : Spring test ApplicationContext cache statistics: [DefaultContextCache@ed37e52 size = 1, maxSize = 32, parentContextCount = 0, hitCount = 13, missCount = 1, failureCount = 0]
2024-08-16T20:42:03.311+09:00 DEBUG 13981 --- [faniverse] [    Test worker] .c.s.DirtiesContextTestExecutionListener : After test class: class [FaniverseApplicationTests], class annotated with @DirtiesContext [false] with mode [null]
]]></system-out>
  <system-err><![CDATA[WARNING: A Java agent has been loaded dynamically (/Users/macpro/.gradle/caches/modules-2/files-2.1/net.bytebuddy/byte-buddy-agent/1.14.16/4a451ee6484abac3a498df0f3b33ed00a6fced4d/byte-buddy-agent-1.14.16.jar)
WARNING: If a serviceability tool is in use, please run with -XX:+EnableDynamicAgentLoading to hide this warning
WARNING: If a serviceability tool is not in use, please run with -Djdk.instrument.traceUsage for more information
WARNING: Dynamic loading of agents will be disallowed by default in a future release
]]></system-err>
</testsuite>
